==========================================
SLURM_JOB_ID = 8147418
SLURM_JOB_NODELIST = e21-08
TMPDIR = /tmp/SLURM_8147418
==========================================
==========================================
SLURM_JOB_ID = 8147418
SLURM_JOB_NODELIST = e21-08
TMPDIR = /tmp/SLURM_8147418
==========================================
Job started at Fri Apr 17 17:49:28 PDT 2026
Running on node: e21-08.hpc.usc.edu
GPU devices: 0
==========================================
Python: /scratch1/aqliang/haluguard-env/bin/python
Starting ORIGINAL adversarial XGBoost training at Fri Apr 17 17:50:58 PDT 2026

Starting adversarial tuning...

lambda=0.000, adv_c=0.500 | val_acc=0.8607, val_f1=0.8569, FPR_gap=0.1150, DIunfav=2.0627
lambda=0.000, adv_c=1.000 | val_acc=0.8607, val_f1=0.8569, FPR_gap=0.1150, DIunfav=2.0627
lambda=0.000, adv_c=2.000 | val_acc=0.8607, val_f1=0.8569, FPR_gap=0.1150, DIunfav=2.0627
lambda=0.050, adv_c=0.500 | val_acc=0.8543, val_f1=0.8508, FPR_gap=0.1050, DIunfav=2.0102
lambda=0.050, adv_c=1.000 | val_acc=0.8575, val_f1=0.8541, FPR_gap=0.1083, DIunfav=2.0266
lambda=0.050, adv_c=2.000 | val_acc=0.8567, val_f1=0.8519, FPR_gap=0.1167, DIunfav=2.0981
lambda=0.100, adv_c=0.500 | val_acc=0.8567, val_f1=0.8524, FPR_gap=0.0746, DIunfav=2.0442
lambda=0.100, adv_c=1.000 | val_acc=0.8511, val_f1=0.8470, FPR_gap=0.1050, DIunfav=1.9966
lambda=0.100, adv_c=2.000 | val_acc=0.8543, val_f1=0.8503, FPR_gap=0.0696, DIunfav=2.0130
lambda=0.250, adv_c=0.500 | val_acc=0.8527, val_f1=0.8484, FPR_gap=0.1083, DIunfav=1.9734
lambda=0.250, adv_c=1.000 | val_acc=0.8567, val_f1=0.8524, FPR_gap=0.1133, DIunfav=1.9781
lambda=0.250, adv_c=2.000 | val_acc=0.8503, val_f1=0.8461, FPR_gap=0.0663, DIunfav=1.9687
lambda=0.500, adv_c=0.500 | val_acc=0.8503, val_f1=0.8461, FPR_gap=0.0663, DIunfav=1.9363
lambda=0.500, adv_c=1.000 | val_acc=0.8567, val_f1=0.8517, FPR_gap=0.0797, DIunfav=1.9737
lambda=0.500, adv_c=2.000 | val_acc=0.8495, val_f1=0.8459, FPR_gap=0.0612, DIunfav=1.8978

Best candidate: {'lambda_adv': 0.5, 'adv_c': 2.0}

Saved predictions to: data/results/adv_xgb_original/adv_xgb_predictions.csv
Saved model to: data/results/adv_xgb_original/adv_xgb_model.json
Saved tuning table to: data/results/adv_xgb_original/adv_xgb_tuning.csv
Saved history to: data/results/adv_xgb_original/loss_history.json
Saved summary to: data/results/adv_xgb_original/adv_xgb_summary.txt
Test Accuracy: 0.8287
Test F1: 0.8263
AAE FPR: 0.2963
SAE FPR: 0.1522
Test FPR Gap: 0.1441
Test FNR Gap: 0.0787
==========================================
✓ Original adversarial training completed at Fri Apr 17 18:01:08 PDT 2026
✓ Results directory: data/results/adv_xgb_original
total 5
drwxrwxr-x 2 aqliang aqliang      5 Apr 17 18:00 .
drwxrwxr-x 4 aqliang aqliang      8 Apr 17 17:55 ..
-rw-rw-r-- 1 aqliang aqliang 411593 Apr 17 18:00 adv_xgb_model.json
-rw-rw-r-- 1 aqliang aqliang 171378 Apr 17 18:00 adv_xgb_predictions.csv
-rw-rw-r-- 1 aqliang aqliang    274 Apr 17 18:00 adv_xgb_summary.txt
-rw-rw-r-- 1 aqliang aqliang   1934 Apr 17 18:00 adv_xgb_tuning.csv
-rw-rw-r-- 1 aqliang aqliang  22053 Apr 17 18:00 loss_history.json
==========================================
