==========================================
SLURM_JOB_ID = 8147767
SLURM_JOB_NODELIST = e21-04
TMPDIR = /tmp/SLURM_8147767
==========================================
==========================================
SLURM_JOB_ID = 8147767
SLURM_JOB_NODELIST = e21-04
TMPDIR = /tmp/SLURM_8147767
==========================================
Job started at Fri Apr 17 18:08:26 PDT 2026
Running on node: e21-04.hpc.usc.edu
GPU devices: 0
==========================================
Python: /scratch1/aqliang/haluguard-env/bin/python
Starting lambda_adv sweep with adv_c=2.0 at Fri Apr 17 18:09:59 PDT 2026
------------------------------------------
Running lambda_adv=0.00 | adv_c=2.0
Output: data/results/adv_xgb_lambda_sweep/per_lambda/lambda_0p00
------------------------------------------

Starting adversarial tuning...

lambda=0.000, adv_c=2.000 | val_acc=0.8607, val_f1=0.8569, FPR_gap=0.1150, DIunfav=2.0627

Best candidate: {'lambda_adv': 0.0, 'adv_c': 2.0}

Saved predictions to: data/results/adv_xgb_lambda_sweep/per_lambda/lambda_0p00/adv_xgb_predictions.csv
Saved model to: data/results/adv_xgb_lambda_sweep/per_lambda/lambda_0p00/adv_xgb_model.json
Saved tuning table to: data/results/adv_xgb_lambda_sweep/per_lambda/lambda_0p00/adv_xgb_tuning.csv
Saved history to: data/results/adv_xgb_lambda_sweep/per_lambda/lambda_0p00/loss_history.json
Saved summary to: data/results/adv_xgb_lambda_sweep/per_lambda/lambda_0p00/adv_xgb_summary.txt
Test Accuracy: 0.8327
Test F1: 0.8297
AAE FPR: 0.4815
SAE FPR: 0.1355
Test FPR Gap: 0.3460
Test FNR Gap: 0.1247
------------------------------------------
Running lambda_adv=0.05 | adv_c=2.0
Output: data/results/adv_xgb_lambda_sweep/per_lambda/lambda_0p05
------------------------------------------

Starting adversarial tuning...

lambda=0.050, adv_c=2.000 | val_acc=0.8591, val_f1=0.8560, FPR_gap=0.0696, DIunfav=2.0170

Best candidate: {'lambda_adv': 0.05, 'adv_c': 2.0}

Saved predictions to: data/results/adv_xgb_lambda_sweep/per_lambda/lambda_0p05/adv_xgb_predictions.csv
Saved model to: data/results/adv_xgb_lambda_sweep/per_lambda/lambda_0p05/adv_xgb_model.json
Saved tuning table to: data/results/adv_xgb_lambda_sweep/per_lambda/lambda_0p05/adv_xgb_tuning.csv
Saved history to: data/results/adv_xgb_lambda_sweep/per_lambda/lambda_0p05/loss_history.json
Saved summary to: data/results/adv_xgb_lambda_sweep/per_lambda/lambda_0p05/adv_xgb_summary.txt
Test Accuracy: 0.8319
Test F1: 0.8315
AAE FPR: 0.5185
SAE FPR: 0.1505
Test FPR Gap: 0.3680
Test FNR Gap: 0.0888
------------------------------------------
Running lambda_adv=0.10 | adv_c=2.0
Output: data/results/adv_xgb_lambda_sweep/per_lambda/lambda_0p10
------------------------------------------

Starting adversarial tuning...

