==========================================
SLURM_JOB_ID = 8158758
SLURM_JOB_NODELIST = b18-17
TMPDIR = /tmp/SLURM_8158758
==========================================
==============================================
Array task: 2   Node: b18-17.hpc.usc.edu   Start: Sat Apr 18 12:13:58 PDT 2026
==============================================
Running lambda=0.05  adv_c=0.1,0.5,1.0,3.0,10.0  ratios=none,0.85,0.90,0.93,0.95,0.97,0.99 (EO + projection)
==============================================
Train=5828 Val=1249 Test=1249  Tag=lam_0.05
Config: EO adversary on margin, projection=True, reweighting=FALSE, warmup=5
Grid: 5 cells x 7 ratios = 35 rows
  [ 1/5] lam=0.050 c=0.10 ratio= none  t=(0.50,0.50)  val_f1=0.8560 val_gap=0.0376  test_f1=0.8298 test_gap=0.2619
  [ 1/5] lam=0.050 c=0.10 ratio= 0.85  t=(0.20,0.15)  val_f1=0.7864 val_gap=0.0009  test_f1=0.7703 test_gap=0.3268
  [ 1/5] lam=0.050 c=0.10 ratio= 0.90  t=(0.20,0.15)  val_f1=0.7864 val_gap=0.0009  test_f1=0.7703 test_gap=0.3268
  [ 1/5] lam=0.050 c=0.10 ratio= 0.93  t=(0.44,0.43)  val_f1=0.8544 val_gap=0.0024  test_f1=0.8239 test_gap=0.2791
  [ 1/5] lam=0.050 c=0.10 ratio= 0.95  t=(0.44,0.43)  val_f1=0.8544 val_gap=0.0024  test_f1=0.8239 test_gap=0.2791
  [ 1/5] lam=0.050 c=0.10 ratio= 0.97  t=(0.44,0.43)  val_f1=0.8544 val_gap=0.0024  test_f1=0.8239 test_gap=0.2791
  [ 1/5] lam=0.050 c=0.10 ratio= 0.99  t=(0.44,0.43)  val_f1=0.8544 val_gap=0.0024  test_f1=0.8239 test_gap=0.2791
  [ 2/5] lam=0.050 c=0.50 ratio= none  t=(0.50,0.50)  val_f1=0.8470 val_gap=0.0663  test_f1=0.8255 test_gap=0.2149
  [ 2/5] lam=0.050 c=0.50 ratio= 0.85  t=(0.33,0.23)  val_f1=0.8243 val_gap=0.0000  test_f1=0.7981 test_gap=0.1659
  [ 2/5] lam=0.050 c=0.50 ratio= 0.90  t=(0.33,0.23)  val_f1=0.8243 val_gap=0.0000  test_f1=0.7981 test_gap=0.1659
  [ 2/5] lam=0.050 c=0.50 ratio= 0.93  t=(0.33,0.23)  val_f1=0.8243 val_gap=0.0000  test_f1=0.7981 test_gap=0.1659
  [ 2/5] lam=0.050 c=0.50 ratio= 0.95  t=(0.33,0.23)  val_f1=0.8243 val_gap=0.0000  test_f1=0.7981 test_gap=0.1659
  [ 2/5] lam=0.050 c=0.50 ratio= 0.97  t=(0.33,0.23)  val_f1=0.8243 val_gap=0.0000  test_f1=0.7981 test_gap=0.1659
  [ 2/5] lam=0.050 c=0.50 ratio= 0.99  t=(0.48,0.39)  val_f1=0.8482 val_gap=0.0009  test_f1=0.8214 test_gap=0.2170
  [ 3/5] lam=0.050 c=1.00 ratio= none  t=(0.50,0.50)  val_f1=0.8562 val_gap=0.1066  test_f1=0.8327 test_gap=0.2349
  [ 3/5] lam=0.050 c=1.00 ratio= 0.85  t=(0.75,0.51)  val_f1=0.8414 val_gap=0.0006  test_f1=0.8157 test_gap=0.0884
  [ 3/5] lam=0.050 c=1.00 ratio= 0.90  t=(0.75,0.51)  val_f1=0.8414 val_gap=0.0006  test_f1=0.8157 test_gap=0.0884
  [ 3/5] lam=0.050 c=1.00 ratio= 0.93  t=(0.75,0.51)  val_f1=0.8414 val_gap=0.0006  test_f1=0.8157 test_gap=0.0884
  [ 3/5] lam=0.050 c=1.00 ratio= 0.95  t=(0.75,0.51)  val_f1=0.8414 val_gap=0.0006  test_f1=0.8157 test_gap=0.0884
  [ 3/5] lam=0.050 c=1.00 ratio= 0.97  t=(0.75,0.51)  val_f1=0.8414 val_gap=0.0006  test_f1=0.8157 test_gap=0.0884
  [ 3/5] lam=0.050 c=1.00 ratio= 0.99  t=(0.54,0.46)  val_f1=0.8507 val_gap=0.0091  test_f1=0.8285 test_gap=0.2082
  [ 4/5] lam=0.050 c=3.00 ratio= none  t=(0.50,0.50)  val_f1=0.8498 val_gap=0.0730  test_f1=0.8297 test_gap=0.2569
  [ 4/5] lam=0.050 c=3.00 ratio= 0.85  t=(0.80,0.59)  val_f1=0.8155 val_gap=0.0004  test_f1=0.7997 test_gap=0.0849
  [ 4/5] lam=0.050 c=3.00 ratio= 0.90  t=(0.80,0.59)  val_f1=0.8155 val_gap=0.0004  test_f1=0.7997 test_gap=0.0849
  [ 4/5] lam=0.050 c=3.00 ratio= 0.93  t=(0.80,0.59)  val_f1=0.8155 val_gap=0.0004  test_f1=0.7997 test_gap=0.0849
  [ 4/5] lam=0.050 c=3.00 ratio= 0.95  t=(0.80,0.59)  val_f1=0.8155 val_gap=0.0004  test_f1=0.7997 test_gap=0.0849
  [ 4/5] lam=0.050 c=3.00 ratio= 0.97  t=(0.75,0.51)  val_f1=0.8343 val_gap=0.0022  test_f1=0.8159 test_gap=0.0380
  [ 4/5] lam=0.050 c=3.00 ratio= 0.99  t=(0.30,0.33)  val_f1=0.8470 val_gap=0.0022  test_f1=0.8234 test_gap=0.3924
  [ 5/5] lam=0.050 c=10.00 ratio= none  t=(0.50,0.50)  val_f1=0.8498 val_gap=0.0730  test_f1=0.8297 test_gap=0.2569
  [ 5/5] lam=0.050 c=10.00 ratio= 0.85  t=(0.80,0.59)  val_f1=0.8155 val_gap=0.0004  test_f1=0.7997 test_gap=0.0849
  [ 5/5] lam=0.050 c=10.00 ratio= 0.90  t=(0.80,0.59)  val_f1=0.8155 val_gap=0.0004  test_f1=0.7997 test_gap=0.0849
  [ 5/5] lam=0.050 c=10.00 ratio= 0.93  t=(0.80,0.59)  val_f1=0.8155 val_gap=0.0004  test_f1=0.7997 test_gap=0.0849
  [ 5/5] lam=0.050 c=10.00 ratio= 0.95  t=(0.80,0.59)  val_f1=0.8155 val_gap=0.0004  test_f1=0.7997 test_gap=0.0849
  [ 5/5] lam=0.050 c=10.00 ratio= 0.97  t=(0.75,0.51)  val_f1=0.8343 val_gap=0.0022  test_f1=0.8159 test_gap=0.0380
  [ 5/5] lam=0.050 c=10.00 ratio= 0.99  t=(0.30,0.33)  val_f1=0.8470 val_gap=0.0022  test_f1=0.8234 test_gap=0.3924

Saved: data/results/adv_xgb_eo_grid/lam_0.05_grid.csv  (35 rows)

Task lam_0.05 completed at: Sat Apr 18 12:18:51 PDT 2026
