==========================================
SLURM_JOB_ID = 8521521
SLURM_JOB_NODELIST = e23-01
TMPDIR = /tmp/SLURM_8521521
==========================================
==============================================
Array task: 1   Node: e23-01.hpc.usc.edu   Start: Sun May  3 14:41:42 PDT 2026
==============================================
Running lambda=0.025  adv_c=0.1,0.5,1.0,3.0,10.0  ratios=none,0.85,0.90,0.93,0.95,0.97,0.99 (EO + projection, unbalanced TwitterAAE)
==============================================
Train=17348 Val=3717 Test=3718  Tag=lam_0.025
Config: EO adversary on margin, projection=True, reweighting=FALSE, warmup=5
Grid: 5 cells x 7 ratios = 35 rows
  [ 1/5] lam=0.025 c=0.10 ratio= none  t=(0.50,0.50)  val_f1=0.9334 val_gap=0.3847  test_f1=0.9342 test_gap=0.2677
  [ 1/5] lam=0.025 c=0.10 ratio= 0.85  t=(0.85,0.61)  val_f1=0.9277 val_gap=0.0002  test_f1=0.9219 test_gap=0.0023
  [ 1/5] lam=0.025 c=0.10 ratio= 0.90  t=(0.85,0.61)  val_f1=0.9277 val_gap=0.0002  test_f1=0.9219 test_gap=0.0023
  [ 1/5] lam=0.025 c=0.10 ratio= 0.93  t=(0.85,0.61)  val_f1=0.9277 val_gap=0.0002  test_f1=0.9219 test_gap=0.0023
  [ 1/5] lam=0.025 c=0.10 ratio= 0.95  t=(0.85,0.61)  val_f1=0.9277 val_gap=0.0002  test_f1=0.9219 test_gap=0.0023
  [ 1/5] lam=0.025 c=0.10 ratio= 0.97  t=(0.85,0.61)  val_f1=0.9277 val_gap=0.0002  test_f1=0.9219 test_gap=0.0023
  [ 1/5] lam=0.025 c=0.10 ratio= 0.99  t=(0.85,0.61)  val_f1=0.9277 val_gap=0.0002  test_f1=0.9219 test_gap=0.0023
  [ 2/5] lam=0.025 c=0.50 ratio= none  t=(0.50,0.50)  val_f1=0.9331 val_gap=0.4335  test_f1=0.9355 test_gap=0.2324
  [ 2/5] lam=0.025 c=0.50 ratio= 0.85  t=(0.51,0.12)  val_f1=0.9151 val_gap=0.0011  test_f1=0.9154 test_gap=0.1606
  [ 2/5] lam=0.025 c=0.50 ratio= 0.90  t=(0.51,0.12)  val_f1=0.9151 val_gap=0.0011  test_f1=0.9154 test_gap=0.1606
  [ 2/5] lam=0.025 c=0.50 ratio= 0.93  t=(0.51,0.12)  val_f1=0.9151 val_gap=0.0011  test_f1=0.9154 test_gap=0.1606
  [ 2/5] lam=0.025 c=0.50 ratio= 0.95  t=(0.51,0.12)  val_f1=0.9151 val_gap=0.0011  test_f1=0.9154 test_gap=0.1606
  [ 2/5] lam=0.025 c=0.50 ratio= 0.97  t=(0.51,0.12)  val_f1=0.9151 val_gap=0.0011  test_f1=0.9154 test_gap=0.1606
  [ 2/5] lam=0.025 c=0.50 ratio= 0.99  t=(0.75,0.44)  val_f1=0.9290 val_gap=0.0028  test_f1=0.9280 test_gap=0.0897
  [ 3/5] lam=0.025 c=1.00 ratio= none  t=(0.50,0.50)  val_f1=0.9348 val_gap=0.4301  test_f1=0.9349 test_gap=0.2424
  [ 3/5] lam=0.025 c=1.00 ratio= 0.85  t=(0.75,0.39)  val_f1=0.9295 val_gap=0.0004  test_f1=0.9284 test_gap=0.0245
  [ 3/5] lam=0.025 c=1.00 ratio= 0.90  t=(0.75,0.39)  val_f1=0.9295 val_gap=0.0004  test_f1=0.9284 test_gap=0.0245
  [ 3/5] lam=0.025 c=1.00 ratio= 0.93  t=(0.75,0.39)  val_f1=0.9295 val_gap=0.0004  test_f1=0.9284 test_gap=0.0245
  [ 3/5] lam=0.025 c=1.00 ratio= 0.95  t=(0.75,0.39)  val_f1=0.9295 val_gap=0.0004  test_f1=0.9284 test_gap=0.0245
  [ 3/5] lam=0.025 c=1.00 ratio= 0.97  t=(0.75,0.39)  val_f1=0.9295 val_gap=0.0004  test_f1=0.9284 test_gap=0.0245
  [ 3/5] lam=0.025 c=1.00 ratio= 0.99  t=(0.75,0.39)  val_f1=0.9295 val_gap=0.0004  test_f1=0.9284 test_gap=0.0245
  [ 4/5] lam=0.025 c=3.00 ratio= none  t=(0.50,0.50)  val_f1=0.9355 val_gap=0.4368  test_f1=0.9356 test_gap=0.2661
  [ 4/5] lam=0.025 c=3.00 ratio= 0.85  t=(0.75,0.33)  val_f1=0.9263 val_gap=0.0017  test_f1=0.9247 test_gap=0.0476
  [ 4/5] lam=0.025 c=3.00 ratio= 0.90  t=(0.75,0.33)  val_f1=0.9263 val_gap=0.0017  test_f1=0.9247 test_gap=0.0476
  [ 4/5] lam=0.025 c=3.00 ratio= 0.93  t=(0.75,0.33)  val_f1=0.9263 val_gap=0.0017  test_f1=0.9247 test_gap=0.0476
  [ 4/5] lam=0.025 c=3.00 ratio= 0.95  t=(0.75,0.33)  val_f1=0.9263 val_gap=0.0017  test_f1=0.9247 test_gap=0.0476
  [ 4/5] lam=0.025 c=3.00 ratio= 0.97  t=(0.75,0.33)  val_f1=0.9263 val_gap=0.0017  test_f1=0.9247 test_gap=0.0476
  [ 4/5] lam=0.025 c=3.00 ratio= 0.99  t=(0.75,0.33)  val_f1=0.9263 val_gap=0.0017  test_f1=0.9247 test_gap=0.0476
  [ 5/5] lam=0.025 c=10.00 ratio= none  t=(0.50,0.50)  val_f1=0.9340 val_gap=0.4368  test_f1=0.9358 test_gap=0.2761
  [ 5/5] lam=0.025 c=10.00 ratio= 0.85  t=(0.75,0.38)  val_f1=0.9271 val_gap=0.0002  test_f1=0.9276 test_gap=0.0312
  [ 5/5] lam=0.025 c=10.00 ratio= 0.90  t=(0.75,0.38)  val_f1=0.9271 val_gap=0.0002  test_f1=0.9276 test_gap=0.0312
  [ 5/5] lam=0.025 c=10.00 ratio= 0.93  t=(0.75,0.38)  val_f1=0.9271 val_gap=0.0002  test_f1=0.9276 test_gap=0.0312
  [ 5/5] lam=0.025 c=10.00 ratio= 0.95  t=(0.75,0.38)  val_f1=0.9271 val_gap=0.0002  test_f1=0.9276 test_gap=0.0312
  [ 5/5] lam=0.025 c=10.00 ratio= 0.97  t=(0.75,0.38)  val_f1=0.9271 val_gap=0.0002  test_f1=0.9276 test_gap=0.0312
  [ 5/5] lam=0.025 c=10.00 ratio= 0.99  t=(0.75,0.38)  val_f1=0.9271 val_gap=0.0002  test_f1=0.9276 test_gap=0.0312

Saved: data/results/adv_xgb_eo_grid_unbalanced/lam_0.025_grid.csv  (35 rows)

Task lam_0.025 completed at: Sun May  3 14:50:25 PDT 2026
