==========================================
SLURM_JOB_ID = 8158754
SLURM_JOB_NODELIST = b01-06
TMPDIR = /tmp/SLURM_8158754
==========================================
==============================================
Array task: 9   Node: b01-06.hpc.usc.edu   Start: Sat Apr 18 12:13:59 PDT 2026
==============================================
Running lambda=1.5  adv_c=0.1,0.5,1.0,3.0,10.0  ratios=none,0.85,0.90,0.93,0.95,0.97,0.99 (EO + projection)
==============================================
Train=5828 Val=1249 Test=1249  Tag=lam_1.5
Config: EO adversary on margin, projection=True, reweighting=FALSE, warmup=5
Grid: 5 cells x 7 ratios = 35 rows
  [ 1/5] lam=1.500 c=0.10 ratio= none  t=(0.50,0.50)  val_f1=0.8481 val_gap=0.0393  test_f1=0.8281 test_gap=0.1004
  [ 1/5] lam=1.500 c=0.10 ratio= 0.85  t=(0.80,0.59)  val_f1=0.8060 val_gap=0.0004  test_f1=0.8031 test_gap=0.0380
  [ 1/5] lam=1.500 c=0.10 ratio= 0.90  t=(0.80,0.59)  val_f1=0.8060 val_gap=0.0004  test_f1=0.8031 test_gap=0.0380
  [ 1/5] lam=1.500 c=0.10 ratio= 0.93  t=(0.80,0.59)  val_f1=0.8060 val_gap=0.0004  test_f1=0.8031 test_gap=0.0380
  [ 1/5] lam=1.500 c=0.10 ratio= 0.95  t=(0.80,0.59)  val_f1=0.8060 val_gap=0.0004  test_f1=0.8031 test_gap=0.0380
  [ 1/5] lam=1.500 c=0.10 ratio= 0.97  t=(0.41,0.33)  val_f1=0.8323 val_gap=0.0004  test_f1=0.8214 test_gap=0.0457
  [ 1/5] lam=1.500 c=0.10 ratio= 0.99  t=(0.49,0.44)  val_f1=0.8415 val_gap=0.0043  test_f1=0.8218 test_gap=0.0653
  [ 2/5] lam=1.500 c=0.50 ratio= none  t=(0.50,0.50)  val_f1=0.8562 val_gap=0.0426  test_f1=0.8301 test_gap=0.2098
  [ 2/5] lam=1.500 c=0.50 ratio= 0.85  t=(0.25,0.21)  val_f1=0.8136 val_gap=0.0002  test_f1=0.8005 test_gap=0.2620
  [ 2/5] lam=1.500 c=0.50 ratio= 0.90  t=(0.25,0.21)  val_f1=0.8136 val_gap=0.0002  test_f1=0.8005 test_gap=0.2620
  [ 2/5] lam=1.500 c=0.50 ratio= 0.93  t=(0.25,0.21)  val_f1=0.8136 val_gap=0.0002  test_f1=0.8005 test_gap=0.2620
  [ 2/5] lam=1.500 c=0.50 ratio= 0.95  t=(0.25,0.21)  val_f1=0.8136 val_gap=0.0002  test_f1=0.8005 test_gap=0.2620
  [ 2/5] lam=1.500 c=0.50 ratio= 0.97  t=(0.57,0.49)  val_f1=0.8515 val_gap=0.0039  test_f1=0.8225 test_gap=0.2048
  [ 2/5] lam=1.500 c=0.50 ratio= 0.99  t=(0.57,0.49)  val_f1=0.8515 val_gap=0.0039  test_f1=0.8225 test_gap=0.2048
  [ 3/5] lam=1.500 c=1.00 ratio= none  t=(0.50,0.50)  val_f1=0.8562 val_gap=0.0359  test_f1=0.8258 test_gap=0.1745
  [ 3/5] lam=1.500 c=1.00 ratio= 0.85  t=(0.79,0.70)  val_f1=0.7831 val_gap=0.0002  test_f1=0.7859 test_gap=0.0746
  [ 3/5] lam=1.500 c=1.00 ratio= 0.90  t=(0.79,0.70)  val_f1=0.7831 val_gap=0.0002  test_f1=0.7859 test_gap=0.0746
  [ 3/5] lam=1.500 c=1.00 ratio= 0.93  t=(0.44,0.31)  val_f1=0.8332 val_gap=0.0004  test_f1=0.8154 test_gap=0.1401
  [ 3/5] lam=1.500 c=1.00 ratio= 0.95  t=(0.44,0.31)  val_f1=0.8332 val_gap=0.0004  test_f1=0.8154 test_gap=0.1401
  [ 3/5] lam=1.500 c=1.00 ratio= 0.97  t=(0.44,0.31)  val_f1=0.8332 val_gap=0.0004  test_f1=0.8154 test_gap=0.1401
  [ 3/5] lam=1.500 c=1.00 ratio= 0.99  t=(0.51,0.44)  val_f1=0.8576 val_gap=0.0058  test_f1=0.8222 test_gap=0.1343
  [ 4/5] lam=1.500 c=3.00 ratio= none  t=(0.50,0.50)  val_f1=0.8541 val_gap=0.0763  test_f1=0.8337 test_gap=0.2165
  [ 4/5] lam=1.500 c=3.00 ratio= 0.85  t=(0.85,0.70)  val_f1=0.7634 val_gap=0.0002  test_f1=0.7735 test_gap=0.0315
  [ 4/5] lam=1.500 c=3.00 ratio= 0.90  t=(0.75,0.59)  val_f1=0.8166 val_gap=0.0004  test_f1=0.8083 test_gap=0.0007
  [ 4/5] lam=1.500 c=3.00 ratio= 0.93  t=(0.75,0.59)  val_f1=0.8166 val_gap=0.0004  test_f1=0.8083 test_gap=0.0007
  [ 4/5] lam=1.500 c=3.00 ratio= 0.95  t=(0.75,0.59)  val_f1=0.8166 val_gap=0.0004  test_f1=0.8083 test_gap=0.0007
  [ 4/5] lam=1.500 c=3.00 ratio= 0.97  t=(0.59,0.51)  val_f1=0.8507 val_gap=0.0022  test_f1=0.8318 test_gap=0.0734
  [ 4/5] lam=1.500 c=3.00 ratio= 0.99  t=(0.59,0.51)  val_f1=0.8507 val_gap=0.0022  test_f1=0.8318 test_gap=0.0734
  [ 5/5] lam=1.500 c=10.00 ratio= none  t=(0.50,0.50)  val_f1=0.8456 val_gap=0.0309  test_f1=0.8235 test_gap=0.2485
  [ 5/5] lam=1.500 c=10.00 ratio= 0.85  t=(0.75,0.70)  val_f1=0.7955 val_gap=0.0002  test_f1=0.7842 test_gap=0.0679
  [ 5/5] lam=1.500 c=10.00 ratio= 0.90  t=(0.75,0.70)  val_f1=0.7955 val_gap=0.0002  test_f1=0.7842 test_gap=0.0679
  [ 5/5] lam=1.500 c=10.00 ratio= 0.93  t=(0.75,0.70)  val_f1=0.7955 val_gap=0.0002  test_f1=0.7842 test_gap=0.0679
  [ 5/5] lam=1.500 c=10.00 ratio= 0.95  t=(0.31,0.31)  val_f1=0.8332 val_gap=0.0004  test_f1=0.8174 test_gap=0.4144
  [ 5/5] lam=1.500 c=10.00 ratio= 0.97  t=(0.31,0.31)  val_f1=0.8332 val_gap=0.0004  test_f1=0.8174 test_gap=0.4144
  [ 5/5] lam=1.500 c=10.00 ratio= 0.99  t=(0.38,0.41)  val_f1=0.8487 val_gap=0.0043  test_f1=0.8308 test_gap=0.4189

Saved: data/results/adv_xgb_eo_grid/lam_1.5_grid.csv  (35 rows)

Task lam_1.5 completed at: Sat Apr 18 12:19:17 PDT 2026
