==========================================
SLURM_JOB_ID = 8158449
SLURM_JOB_NODELIST = b10-10
TMPDIR = /tmp/SLURM_8158449
==========================================
==============================================
Array task: 4   Node: b10-10.hpc.usc.edu   Start: Sat Apr 18 11:11:34 PDT 2026
==============================================
Running lambda=0.15  adv_c grid=0.1,0.5,1.0,3.0,10.0
==============================================
Train=5828 (AAE=993, SAE=4835) Val=1249 Test=1249
Tag: lam_0.15
Config: leaf_adv=True, reweighting=FALSE, threshold_tuning=FALSE, post_processing=NONE (pure adversarial)
Grid: 5 cells  lambda=[0.15]  adv_c=[0.1, 0.5, 1.0, 3.0, 10.0]
  [ 1/5] lam=0.150 c=0.10  val_f1=0.8505 val_FPR_gap=0.1588  test_f1=0.8266 test_FPR_gap=0.2973  (157s)
  [ 2/5] lam=0.150 c=0.50  val_f1=0.8477 val_FPR_gap=0.0746  test_f1=0.8312 test_FPR_gap=0.3427  (116s)
  [ 3/5] lam=0.150 c=1.00  val_f1=0.8436 val_FPR_gap=0.1353  test_f1=0.8264 test_FPR_gap=0.3814  (142s)
  [ 4/5] lam=0.150 c=3.00  val_f1=0.8503 val_FPR_gap=0.0376  test_f1=0.8228 test_FPR_gap=0.3360  (257s)
  [ 5/5] lam=0.150 c=10.00  val_f1=0.8543 val_FPR_gap=0.1200  test_f1=0.8191 test_FPR_gap=0.2469  (376s)

Saved: data/results/adv_xgb_largegrid/lam_0.15_grid.csv

Task lam_0.15 completed at: Sat Apr 18 11:30:41 PDT 2026
