==========================================
SLURM_JOB_ID = 8521525
SLURM_JOB_NODELIST = e22-12
TMPDIR = /tmp/SLURM_8521525
==========================================
==============================================
Array task: 5   Node: e22-12.hpc.usc.edu   Start: Sun May  3 14:41:42 PDT 2026
==============================================
Running lambda=0.25  adv_c=0.1,0.5,1.0,3.0,10.0  ratios=none,0.85,0.90,0.93,0.95,0.97,0.99 (EO + projection, unbalanced TwitterAAE)
==============================================
Train=17348 Val=3717 Test=3718  Tag=lam_0.25
Config: EO adversary on margin, projection=True, reweighting=FALSE, warmup=5
Grid: 5 cells x 7 ratios = 35 rows
  [ 1/5] lam=0.250 c=0.10 ratio= none  t=(0.50,0.50)  val_f1=0.9334 val_gap=0.3056  test_f1=0.9331 test_gap=0.2223
  [ 1/5] lam=0.250 c=0.10 ratio= 0.85  t=(0.75,0.41)  val_f1=0.9253 val_gap=0.0013  test_f1=0.9281 test_gap=0.0918
  [ 1/5] lam=0.250 c=0.10 ratio= 0.90  t=(0.75,0.41)  val_f1=0.9253 val_gap=0.0013  test_f1=0.9281 test_gap=0.0918
  [ 1/5] lam=0.250 c=0.10 ratio= 0.93  t=(0.75,0.41)  val_f1=0.9253 val_gap=0.0013  test_f1=0.9281 test_gap=0.0918
  [ 1/5] lam=0.250 c=0.10 ratio= 0.95  t=(0.75,0.41)  val_f1=0.9253 val_gap=0.0013  test_f1=0.9281 test_gap=0.0918
  [ 1/5] lam=0.250 c=0.10 ratio= 0.97  t=(0.75,0.41)  val_f1=0.9253 val_gap=0.0013  test_f1=0.9281 test_gap=0.0918
  [ 1/5] lam=0.250 c=0.10 ratio= 0.99  t=(0.75,0.41)  val_f1=0.9253 val_gap=0.0013  test_f1=0.9281 test_gap=0.0918
  [ 2/5] lam=0.250 c=0.50 ratio= none  t=(0.50,0.50)  val_f1=0.9321 val_gap=0.2889  test_f1=0.9343 test_gap=0.2240
  [ 2/5] lam=0.250 c=0.50 ratio= 0.85  t=(0.59,0.31)  val_f1=0.9260 val_gap=0.0002  test_f1=0.9268 test_gap=0.0003
  [ 2/5] lam=0.250 c=0.50 ratio= 0.90  t=(0.59,0.31)  val_f1=0.9260 val_gap=0.0002  test_f1=0.9268 test_gap=0.0003
  [ 2/5] lam=0.250 c=0.50 ratio= 0.93  t=(0.59,0.31)  val_f1=0.9260 val_gap=0.0002  test_f1=0.9268 test_gap=0.0003
  [ 2/5] lam=0.250 c=0.50 ratio= 0.95  t=(0.59,0.31)  val_f1=0.9260 val_gap=0.0002  test_f1=0.9268 test_gap=0.0003
  [ 2/5] lam=0.250 c=0.50 ratio= 0.97  t=(0.59,0.31)  val_f1=0.9260 val_gap=0.0002  test_f1=0.9268 test_gap=0.0003
  [ 2/5] lam=0.250 c=0.50 ratio= 0.99  t=(0.59,0.31)  val_f1=0.9260 val_gap=0.0002  test_f1=0.9268 test_gap=0.0003
  [ 3/5] lam=0.250 c=1.00 ratio= none  t=(0.50,0.50)  val_f1=0.9320 val_gap=0.3629  test_f1=0.9329 test_gap=0.3201
  [ 3/5] lam=0.250 c=1.00 ratio= 0.85  t=(0.88,0.70)  val_f1=0.9173 val_gap=0.0002  test_f1=0.9119 test_gap=0.0131
  [ 3/5] lam=0.250 c=1.00 ratio= 0.90  t=(0.88,0.70)  val_f1=0.9173 val_gap=0.0002  test_f1=0.9119 test_gap=0.0131
  [ 3/5] lam=0.250 c=1.00 ratio= 0.93  t=(0.88,0.70)  val_f1=0.9173 val_gap=0.0002  test_f1=0.9119 test_gap=0.0131
  [ 3/5] lam=0.250 c=1.00 ratio= 0.95  t=(0.88,0.70)  val_f1=0.9173 val_gap=0.0002  test_f1=0.9119 test_gap=0.0131
  [ 3/5] lam=0.250 c=1.00 ratio= 0.97  t=(0.88,0.70)  val_f1=0.9173 val_gap=0.0002  test_f1=0.9119 test_gap=0.0131
  [ 3/5] lam=0.250 c=1.00 ratio= 0.99  t=(0.79,0.56)  val_f1=0.9319 val_gap=0.0011  test_f1=0.9297 test_gap=0.0288
  [ 4/5] lam=0.250 c=3.00 ratio= none  t=(0.50,0.50)  val_f1=0.9337 val_gap=0.3359  test_f1=0.9339 test_gap=0.2544
  [ 4/5] lam=0.250 c=3.00 ratio= 0.85  t=(0.80,0.61)  val_f1=0.9288 val_gap=0.0013  test_f1=0.9295 test_gap=0.0797
  [ 4/5] lam=0.250 c=3.00 ratio= 0.90  t=(0.80,0.61)  val_f1=0.9288 val_gap=0.0013  test_f1=0.9295 test_gap=0.0797
  [ 4/5] lam=0.250 c=3.00 ratio= 0.93  t=(0.80,0.61)  val_f1=0.9288 val_gap=0.0013  test_f1=0.9295 test_gap=0.0797
  [ 4/5] lam=0.250 c=3.00 ratio= 0.95  t=(0.80,0.61)  val_f1=0.9288 val_gap=0.0013  test_f1=0.9295 test_gap=0.0797
  [ 4/5] lam=0.250 c=3.00 ratio= 0.97  t=(0.80,0.61)  val_f1=0.9288 val_gap=0.0013  test_f1=0.9295 test_gap=0.0797
  [ 4/5] lam=0.250 c=3.00 ratio= 0.99  t=(0.80,0.61)  val_f1=0.9288 val_gap=0.0013  test_f1=0.9295 test_gap=0.0797
  [ 5/5] lam=0.250 c=10.00 ratio= none  t=(0.50,0.50)  val_f1=0.9321 val_gap=0.3292  test_f1=0.9342 test_gap=0.2981
  [ 5/5] lam=0.250 c=10.00 ratio= 0.85  t=(0.64,0.33)  val_f1=0.9279 val_gap=0.0000  test_f1=0.9266 test_gap=0.0014
  [ 5/5] lam=0.250 c=10.00 ratio= 0.90  t=(0.64,0.33)  val_f1=0.9279 val_gap=0.0000  test_f1=0.9266 test_gap=0.0014
  [ 5/5] lam=0.250 c=10.00 ratio= 0.93  t=(0.64,0.33)  val_f1=0.9279 val_gap=0.0000  test_f1=0.9266 test_gap=0.0014
  [ 5/5] lam=0.250 c=10.00 ratio= 0.95  t=(0.64,0.33)  val_f1=0.9279 val_gap=0.0000  test_f1=0.9266 test_gap=0.0014
  [ 5/5] lam=0.250 c=10.00 ratio= 0.97  t=(0.64,0.33)  val_f1=0.9279 val_gap=0.0000  test_f1=0.9266 test_gap=0.0014
  [ 5/5] lam=0.250 c=10.00 ratio= 0.99  t=(0.64,0.33)  val_f1=0.9279 val_gap=0.0000  test_f1=0.9266 test_gap=0.0014

Saved: data/results/adv_xgb_eo_grid_unbalanced/lam_0.25_grid.csv  (35 rows)

Task lam_0.25 completed at: Sun May  3 14:50:11 PDT 2026
