==========================================
SLURM_JOB_ID = 8148194
SLURM_JOB_NODELIST = b01-04
TMPDIR = /tmp/SLURM_8148194
==========================================
==============================================
Adversarial XGBoost with Multi-Technique Debiasing
==============================================
Job ID: 8148194
Node: b01-04.hpc.usc.edu
Start time: Fri Apr 17 18:41:05 PDT 2026
==============================================
Python: /scratch1/aqliang/haluguard-env/bin/python
==============================================

============================================================
Adversarial XGBoost with Multi-Technique Debiasing
============================================================
  Leaf-based adversary:   True
  Sample reweighting:     True
  Threshold tuning:       True
============================================================

Train: 5828 samples (AAE: 993, SAE: 4835)
Val:   1249 samples (AAE: 213, SAE: 1036)
Test:  1249 samples (AAE: 213, SAE: 1036)

Starting adversarial tuning...

lambda=0.000, adv_c=0.500, t_aae=0.46, t_sae=0.33 | val_f1=0.8415, FPR_gap=0.0006, DIunfav=1.6778
lambda=0.000, adv_c=1.000, t_aae=0.46, t_sae=0.33 | val_f1=0.8415, FPR_gap=0.0006, DIunfav=1.6778
lambda=0.000, adv_c=2.000, t_aae=0.46, t_sae=0.33 | val_f1=0.8415, FPR_gap=0.0006, DIunfav=1.6778
lambda=0.050, adv_c=0.500, t_aae=0.34, t_sae=0.23 | val_f1=0.8276, FPR_gap=0.0000, DIunfav=1.4831
lambda=0.050, adv_c=1.000, t_aae=0.66, t_sae=0.44 | val_f1=0.8424, FPR_gap=0.0024, DIunfav=1.7954
lambda=0.050, adv_c=2.000, t_aae=0.64, t_sae=0.38 | val_f1=0.8386, FPR_gap=0.0007, DIunfav=1.7054
lambda=0.100, adv_c=0.500, t_aae=0.72, t_sae=0.44 | val_f1=0.8341, FPR_gap=0.0007, DIunfav=1.6899
lambda=0.100, adv_c=1.000, t_aae=0.54, t_sae=0.44 | val_f1=0.8484, FPR_gap=0.0009, DIunfav=1.8442
lambda=0.100, adv_c=2.000, t_aae=0.49, t_sae=0.28 | val_f1=0.8375, FPR_gap=0.0004, DIunfav=1.5830
lambda=0.250, adv_c=0.500, t_aae=0.80, t_sae=0.51 | val_f1=0.8207, FPR_gap=0.0006, DIunfav=1.6528
lambda=0.250, adv_c=1.000, t_aae=0.46, t_sae=0.34 | val_f1=0.8371, FPR_gap=0.0006, DIunfav=1.6687
lambda=0.250, adv_c=2.000, t_aae=0.43, t_sae=0.33 | val_f1=0.8492, FPR_gap=0.0011, DIunfav=1.6804
lambda=0.500, adv_c=0.500, t_aae=0.44, t_sae=0.30 | val_f1=0.8312, FPR_gap=0.0013, DIunfav=1.6213
lambda=0.500, adv_c=1.000, t_aae=0.82, t_sae=0.52 | val_f1=0.8197, FPR_gap=0.0006, DIunfav=1.7047
lambda=0.500, adv_c=2.000, t_aae=0.79, t_sae=0.61 | val_f1=0.8075, FPR_gap=0.0013, DIunfav=1.9374

Best candidate: {'lambda_adv': 0.05, 'adv_c': 0.5}
Best thresholds: t_aae=0.345, t_sae=0.231

Saved predictions to: data/results/adv_xgb_multi/adv_xgb_predictions.csv
Saved model to: data/results/adv_xgb_multi/adv_xgb_model.json
Saved tuning table to: data/results/adv_xgb_multi/adv_xgb_tuning.csv
Saved history to: data/results/adv_xgb_multi/loss_history.json
Saved thresholds to: data/results/adv_xgb_multi/thresholds.json
Saved summary to: data/results/adv_xgb_multi/adv_xgb_summary.txt

============================================================
FINAL TEST RESULTS
============================================================
Test Accuracy: 0.7662
Test F1:       0.7981
AAE FPR:       0.5556
SAE FPR:       0.3846
FPR Gap:       0.1709
FNR Gap:       0.0077
DIfav:         0.3025
DIunfav:       1.4423
============================================================

==============================================
Job completed at: Fri Apr 17 20:30:17 PDT 2026
Results saved to: data/results/adv_xgb_multi/
==============================================
