==========================================
SLURM_JOB_ID = 8158760
SLURM_JOB_NODELIST = e21-14
TMPDIR = /tmp/SLURM_8158760
==========================================
==============================================
Array task: 4   Node: e21-14.hpc.usc.edu   Start: Sat Apr 18 12:13:58 PDT 2026
==============================================
Running lambda=0.15  adv_c=0.1,0.5,1.0,3.0,10.0  ratios=none,0.85,0.90,0.93,0.95,0.97,0.99 (EO + projection)
==============================================
Train=5828 Val=1249 Test=1249  Tag=lam_0.15
Config: EO adversary on margin, projection=True, reweighting=FALSE, warmup=5
Grid: 5 cells x 7 ratios = 35 rows
  [ 1/5] lam=0.150 c=0.10 ratio= none  t=(0.50,0.50)  val_f1=0.8459 val_gap=0.0225  test_f1=0.8306 test_gap=0.2299
  [ 1/5] lam=0.150 c=0.10 ratio= 0.85  t=(0.77,0.59)  val_f1=0.8155 val_gap=0.0004  test_f1=0.8167 test_gap=0.0765
  [ 1/5] lam=0.150 c=0.10 ratio= 0.90  t=(0.77,0.59)  val_f1=0.8155 val_gap=0.0004  test_f1=0.8167 test_gap=0.0765
  [ 1/5] lam=0.150 c=0.10 ratio= 0.93  t=(0.77,0.59)  val_f1=0.8155 val_gap=0.0004  test_f1=0.8167 test_gap=0.0765
  [ 1/5] lam=0.150 c=0.10 ratio= 0.95  t=(0.77,0.59)  val_f1=0.8155 val_gap=0.0004  test_f1=0.8167 test_gap=0.0765
  [ 1/5] lam=0.150 c=0.10 ratio= 0.97  t=(0.30,0.23)  val_f1=0.8213 val_gap=0.0034  test_f1=0.8030 test_gap=0.2484
  [ 1/5] lam=0.150 c=0.10 ratio= 0.99  t=(0.48,0.31)  val_f1=0.8411 val_gap=0.0039  test_f1=0.8128 test_gap=0.1064
  [ 2/5] lam=0.150 c=0.50 ratio= none  t=(0.50,0.50)  val_f1=0.8412 val_gap=0.0999  test_f1=0.8337 test_gap=0.1391
  [ 2/5] lam=0.150 c=0.50 ratio= 0.85  t=(0.88,0.72)  val_f1=0.7502 val_gap=0.0002  test_f1=0.7711 test_gap=0.0122
  [ 2/5] lam=0.150 c=0.50 ratio= 0.90  t=(0.61,0.44)  val_f1=0.8463 val_gap=0.0007  test_f1=0.8151 test_gap=0.0552
  [ 2/5] lam=0.150 c=0.50 ratio= 0.93  t=(0.61,0.44)  val_f1=0.8463 val_gap=0.0007  test_f1=0.8151 test_gap=0.0552
  [ 2/5] lam=0.150 c=0.50 ratio= 0.95  t=(0.61,0.44)  val_f1=0.8463 val_gap=0.0007  test_f1=0.8151 test_gap=0.0552
  [ 2/5] lam=0.150 c=0.50 ratio= 0.97  t=(0.61,0.44)  val_f1=0.8463 val_gap=0.0007  test_f1=0.8151 test_gap=0.0552
  [ 2/5] lam=0.150 c=0.50 ratio= 0.99  t=(0.61,0.44)  val_f1=0.8463 val_gap=0.0007  test_f1=0.8151 test_gap=0.0552
  [ 3/5] lam=0.150 c=1.00 ratio= none  t=(0.50,0.50)  val_f1=0.8501 val_gap=0.0326  test_f1=0.8266 test_gap=0.2856
  [ 3/5] lam=0.150 c=1.00 ratio= 0.85  t=(0.90,0.74)  val_f1=0.7282 val_gap=0.0002  test_f1=0.7448 test_gap=0.0198
  [ 3/5] lam=0.150 c=1.00 ratio= 0.90  t=(0.85,0.59)  val_f1=0.7942 val_gap=0.0004  test_f1=0.7923 test_gap=0.0074
  [ 3/5] lam=0.150 c=1.00 ratio= 0.93  t=(0.85,0.59)  val_f1=0.7942 val_gap=0.0004  test_f1=0.7923 test_gap=0.0074
  [ 3/5] lam=0.150 c=1.00 ratio= 0.95  t=(0.59,0.51)  val_f1=0.8500 val_gap=0.0006  test_f1=0.8231 test_gap=0.1845
  [ 3/5] lam=0.150 c=1.00 ratio= 0.97  t=(0.59,0.51)  val_f1=0.8500 val_gap=0.0006  test_f1=0.8231 test_gap=0.1845
  [ 3/5] lam=0.150 c=1.00 ratio= 0.99  t=(0.59,0.51)  val_f1=0.8500 val_gap=0.0006  test_f1=0.8231 test_gap=0.1845
  [ 4/5] lam=0.150 c=3.00 ratio= none  t=(0.50,0.50)  val_f1=0.8424 val_gap=0.0983  test_f1=0.8328 test_gap=0.3056
  [ 4/5] lam=0.150 c=3.00 ratio= 0.85  t=(0.75,0.52)  val_f1=0.8207 val_gap=0.0006  test_f1=0.8215 test_gap=0.0614
  [ 4/5] lam=0.150 c=3.00 ratio= 0.90  t=(0.75,0.52)  val_f1=0.8207 val_gap=0.0006  test_f1=0.8215 test_gap=0.0614
  [ 4/5] lam=0.150 c=3.00 ratio= 0.93  t=(0.75,0.52)  val_f1=0.8207 val_gap=0.0006  test_f1=0.8215 test_gap=0.0614
  [ 4/5] lam=0.150 c=3.00 ratio= 0.95  t=(0.75,0.52)  val_f1=0.8207 val_gap=0.0006  test_f1=0.8215 test_gap=0.0614
  [ 4/5] lam=0.150 c=3.00 ratio= 0.97  t=(0.75,0.52)  val_f1=0.8207 val_gap=0.0006  test_f1=0.8215 test_gap=0.0614
  [ 4/5] lam=0.150 c=3.00 ratio= 0.99  t=(0.52,0.39)  val_f1=0.8352 val_gap=0.0024  test_f1=0.8185 test_gap=0.2287
  [ 5/5] lam=0.150 c=10.00 ratio= none  t=(0.50,0.50)  val_f1=0.8456 val_gap=0.0629  test_f1=0.8328 test_gap=0.2165
  [ 5/5] lam=0.150 c=10.00 ratio= 0.85  t=(0.18,0.13)  val_f1=0.7799 val_gap=0.0009  test_f1=0.7702 test_gap=0.2410
  [ 5/5] lam=0.150 c=10.00 ratio= 0.90  t=(0.18,0.13)  val_f1=0.7799 val_gap=0.0009  test_f1=0.7702 test_gap=0.2410
  [ 5/5] lam=0.150 c=10.00 ratio= 0.93  t=(0.72,0.52)  val_f1=0.8260 val_gap=0.0011  test_f1=0.8213 test_gap=0.0514
  [ 5/5] lam=0.150 c=10.00 ratio= 0.95  t=(0.72,0.52)  val_f1=0.8260 val_gap=0.0011  test_f1=0.8213 test_gap=0.0514
  [ 5/5] lam=0.150 c=10.00 ratio= 0.97  t=(0.72,0.52)  val_f1=0.8260 val_gap=0.0011  test_f1=0.8213 test_gap=0.0514
  [ 5/5] lam=0.150 c=10.00 ratio= 0.99  t=(0.49,0.39)  val_f1=0.8469 val_gap=0.0043  test_f1=0.8219 test_gap=0.1363

Saved: data/results/adv_xgb_eo_grid/lam_0.15_grid.csv  (35 rows)

Task lam_0.15 completed at: Sat Apr 18 12:20:27 PDT 2026
