==========================================
SLURM_JOB_ID = 8158450
SLURM_JOB_NODELIST = b10-11
TMPDIR = /tmp/SLURM_8158450
==========================================
==============================================
Array task: 5   Node: b10-11.hpc.usc.edu   Start: Sat Apr 18 11:11:34 PDT 2026
==============================================
Running lambda=0.25  adv_c grid=0.1,0.5,1.0,3.0,10.0
==============================================
Train=5828 (AAE=993, SAE=4835) Val=1249 Test=1249
Tag: lam_0.25
Config: leaf_adv=True, reweighting=FALSE, threshold_tuning=FALSE, post_processing=NONE (pure adversarial)
Grid: 5 cells  lambda=[0.25]  adv_c=[0.1, 0.5, 1.0, 3.0, 10.0]
  [ 1/5] lam=0.250 c=0.10  val_f1=0.8472 val_FPR_gap=0.0713  test_f1=0.8293 test_FPR_gap=0.3427  (161s)
  [ 2/5] lam=0.250 c=0.50  val_f1=0.8480 val_FPR_gap=0.0663  test_f1=0.8255 test_FPR_gap=0.2923  (116s)
  [ 3/5] lam=0.250 c=1.00  val_f1=0.8517 val_FPR_gap=0.1184  test_f1=0.8274 test_FPR_gap=0.3310  (146s)
  [ 4/5] lam=0.250 c=3.00  val_f1=0.8513 val_FPR_gap=0.0696  test_f1=0.8268 test_FPR_gap=0.3293  (265s)
  [ 5/5] lam=0.250 c=10.00  val_f1=0.8474 val_FPR_gap=0.0763  test_f1=0.8291 test_FPR_gap=0.3107  (378s)

Saved: data/results/adv_xgb_largegrid/lam_0.25_grid.csv

Task lam_0.25 completed at: Sat Apr 18 11:30:52 PDT 2026
