==========================================
SLURM_JOB_ID = 8158759
SLURM_JOB_NODELIST = e22-08
TMPDIR = /tmp/SLURM_8158759
==========================================
==============================================
Array task: 3   Node: e22-08.hpc.usc.edu   Start: Sat Apr 18 12:13:59 PDT 2026
==============================================
Running lambda=0.1  adv_c=0.1,0.5,1.0,3.0,10.0  ratios=none,0.85,0.90,0.93,0.95,0.97,0.99 (EO + projection)
==============================================
Train=5828 Val=1249 Test=1249  Tag=lam_0.1
Config: EO adversary on margin, projection=True, reweighting=FALSE, warmup=5
Grid: 5 cells x 7 ratios = 35 rows
  [ 1/5] lam=0.100 c=0.10 ratio= none  t=(0.50,0.50)  val_f1=0.8567 val_gap=0.1554  test_f1=0.8331 test_gap=0.2266
  [ 1/5] lam=0.100 c=0.10 ratio= 0.85  t=(0.82,0.74)  val_f1=0.7657 val_gap=0.0002  test_f1=0.7816 test_gap=0.0543
  [ 1/5] lam=0.100 c=0.10 ratio= 0.90  t=(0.54,0.33)  val_f1=0.8380 val_gap=0.0006  test_f1=0.8182 test_gap=0.0878
  [ 1/5] lam=0.100 c=0.10 ratio= 0.93  t=(0.54,0.33)  val_f1=0.8380 val_gap=0.0006  test_f1=0.8182 test_gap=0.0878
  [ 1/5] lam=0.100 c=0.10 ratio= 0.95  t=(0.54,0.33)  val_f1=0.8380 val_gap=0.0006  test_f1=0.8182 test_gap=0.0878
  [ 1/5] lam=0.100 c=0.10 ratio= 0.97  t=(0.54,0.33)  val_f1=0.8380 val_gap=0.0006  test_f1=0.8182 test_gap=0.0878
  [ 1/5] lam=0.100 c=0.10 ratio= 0.99  t=(0.61,0.43)  val_f1=0.8502 val_gap=0.0058  test_f1=0.8292 test_gap=0.0266
  [ 2/5] lam=0.100 c=0.50 ratio= none  t=(0.50,0.50)  val_f1=0.8593 val_gap=0.0797  test_f1=0.8211 test_gap=0.2132
  [ 2/5] lam=0.100 c=0.50 ratio= 0.85  t=(0.82,0.72)  val_f1=0.7716 val_gap=0.0002  test_f1=0.7817 test_gap=0.0829
  [ 2/5] lam=0.100 c=0.50 ratio= 0.90  t=(0.69,0.49)  val_f1=0.8443 val_gap=0.0006  test_f1=0.8111 test_gap=0.0937
  [ 2/5] lam=0.100 c=0.50 ratio= 0.93  t=(0.69,0.49)  val_f1=0.8443 val_gap=0.0006  test_f1=0.8111 test_gap=0.0937
  [ 2/5] lam=0.100 c=0.50 ratio= 0.95  t=(0.69,0.49)  val_f1=0.8443 val_gap=0.0006  test_f1=0.8111 test_gap=0.0937
  [ 2/5] lam=0.100 c=0.50 ratio= 0.97  t=(0.69,0.49)  val_f1=0.8443 val_gap=0.0006  test_f1=0.8111 test_gap=0.0937
  [ 2/5] lam=0.100 c=0.50 ratio= 0.99  t=(0.61,0.43)  val_f1=0.8508 val_gap=0.0043  test_f1=0.8264 test_gap=0.0653
  [ 3/5] lam=0.100 c=1.00 ratio= none  t=(0.50,0.50)  val_f1=0.8482 val_gap=0.0713  test_f1=0.8277 test_gap=0.2519
  [ 3/5] lam=0.100 c=1.00 ratio= 0.85  t=(0.48,0.39)  val_f1=0.8440 val_gap=0.0007  test_f1=0.8175 test_gap=0.2187
  [ 3/5] lam=0.100 c=1.00 ratio= 0.90  t=(0.48,0.39)  val_f1=0.8440 val_gap=0.0007  test_f1=0.8175 test_gap=0.2187
  [ 3/5] lam=0.100 c=1.00 ratio= 0.93  t=(0.48,0.39)  val_f1=0.8440 val_gap=0.0007  test_f1=0.8175 test_gap=0.2187
  [ 3/5] lam=0.100 c=1.00 ratio= 0.95  t=(0.48,0.39)  val_f1=0.8440 val_gap=0.0007  test_f1=0.8175 test_gap=0.2187
  [ 3/5] lam=0.100 c=1.00 ratio= 0.97  t=(0.48,0.39)  val_f1=0.8440 val_gap=0.0007  test_f1=0.8175 test_gap=0.2187
  [ 3/5] lam=0.100 c=1.00 ratio= 0.99  t=(0.48,0.39)  val_f1=0.8440 val_gap=0.0007  test_f1=0.8175 test_gap=0.2187
  [ 4/5] lam=0.100 c=3.00 ratio= none  t=(0.50,0.50)  val_f1=0.8461 val_gap=0.1437  test_f1=0.8253 test_gap=0.3984
  [ 4/5] lam=0.100 c=3.00 ratio= 0.85  t=(0.83,0.59)  val_f1=0.7996 val_gap=0.0004  test_f1=0.8024 test_gap=0.0059
  [ 4/5] lam=0.100 c=3.00 ratio= 0.90  t=(0.83,0.59)  val_f1=0.7996 val_gap=0.0004  test_f1=0.8024 test_gap=0.0059
  [ 4/5] lam=0.100 c=3.00 ratio= 0.93  t=(0.83,0.59)  val_f1=0.7996 val_gap=0.0004  test_f1=0.8024 test_gap=0.0059
  [ 4/5] lam=0.100 c=3.00 ratio= 0.95  t=(0.59,0.44)  val_f1=0.8410 val_gap=0.0009  test_f1=0.8263 test_gap=0.0383
  [ 4/5] lam=0.100 c=3.00 ratio= 0.97  t=(0.59,0.44)  val_f1=0.8410 val_gap=0.0009  test_f1=0.8263 test_gap=0.0383
  [ 4/5] lam=0.100 c=3.00 ratio= 0.99  t=(0.59,0.44)  val_f1=0.8410 val_gap=0.0009  test_f1=0.8263 test_gap=0.0383
  [ 5/5] lam=0.100 c=10.00 ratio= none  t=(0.50,0.50)  val_f1=0.8498 val_gap=0.0730  test_f1=0.8207 test_gap=0.2485
  [ 5/5] lam=0.100 c=10.00 ratio= 0.85  t=(0.34,0.25)  val_f1=0.8142 val_gap=0.0000  test_f1=0.7967 test_gap=0.2517
  [ 5/5] lam=0.100 c=10.00 ratio= 0.90  t=(0.34,0.25)  val_f1=0.8142 val_gap=0.0000  test_f1=0.7967 test_gap=0.2517
  [ 5/5] lam=0.100 c=10.00 ratio= 0.93  t=(0.34,0.25)  val_f1=0.8142 val_gap=0.0000  test_f1=0.7967 test_gap=0.2517
  [ 5/5] lam=0.100 c=10.00 ratio= 0.95  t=(0.34,0.25)  val_f1=0.8142 val_gap=0.0000  test_f1=0.7967 test_gap=0.2517
  [ 5/5] lam=0.100 c=10.00 ratio= 0.97  t=(0.44,0.39)  val_f1=0.8422 val_gap=0.0007  test_f1=0.8236 test_gap=0.3028
  [ 5/5] lam=0.100 c=10.00 ratio= 0.99  t=(0.44,0.39)  val_f1=0.8422 val_gap=0.0007  test_f1=0.8236 test_gap=0.3028

Saved: data/results/adv_xgb_eo_grid/lam_0.1_grid.csv  (35 rows)

Task lam_0.1 completed at: Sat Apr 18 12:20:27 PDT 2026
