==========================================
SLURM_JOB_ID = 8521576
SLURM_JOB_NODELIST = a03-09
TMPDIR = /tmp/SLURM_8521576
==========================================
Saved: data/results/adv_xgb_eo_grid_unbalanced/grid_summary.csv (350 rows)

=== TOP 10 BY VAL SCORE ===
 lambda_adv  adv_c  min_f1_ratio  t_aae  t_sae  val_f1  val_FPR_gap  val_mean_FPR  val_score  test_f1  test_AAE_FPR  test_SAE_FPR  test_AAE_FNR  test_SAE_FNR  test_FPR_gap  test_FNR_gap  test_mean_FPR  test_mean_FNR  test_score
        1.5    0.5          0.85 0.9000 0.8184  0.8912       0.0007        0.1856    -0.1424    0.888        0.1852        0.2007        0.1968        0.1573        0.0155        0.0395         0.1929         0.1770     -0.1113
        1.5    0.5          0.90 0.9000 0.8184  0.8912       0.0007        0.1856    -0.1424    0.888        0.1852        0.2007        0.1968        0.1573        0.0155        0.0395         0.1929         0.1770     -0.1113
        1.5    0.5          0.93 0.9000 0.8184  0.8912       0.0007        0.1856    -0.1424    0.888        0.1852        0.2007        0.1968        0.1573        0.0155        0.0395         0.1929         0.1770     -0.1113
        1.5    0.5          0.95 0.9000 0.8184  0.8912       0.0007        0.1856    -0.1424    0.888        0.1852        0.2007        0.1968        0.1573        0.0155        0.0395         0.1929         0.1770     -0.1113
        0.6    1.0          0.85 0.9000 0.7694  0.9016       0.0004        0.2594     0.0702    0.899        0.2222        0.2592        0.1978        0.1167        0.0370        0.0811         0.2407         0.1573      0.0541
        0.6    1.0          0.90 0.9000 0.7694  0.9016       0.0004        0.2594     0.0702    0.899        0.2222        0.2592        0.1978        0.1167        0.0370        0.0811         0.2407         0.1573      0.0541
        0.6    1.0          0.93 0.9000 0.7694  0.9016       0.0004        0.2594     0.0702    0.899        0.2222        0.2592        0.1978        0.1167        0.0370        0.0811         0.2407         0.1573      0.0541
        0.6    1.0          0.95 0.9000 0.7694  0.9016       0.0004        0.2594     0.0702    0.899        0.2222        0.2592        0.1978        0.1167        0.0370        0.0811         0.2407         0.1573      0.0541
        0.4    0.1          0.90 0.8837 0.7531  0.9108       0.0004        0.2594     0.0753    0.906        0.2222        0.2843        0.1514        0.1135        0.0621        0.0379         0.2533         0.1324      0.0977
        0.4    0.1          0.95 0.8837 0.7531  0.9108       0.0004        0.2594     0.0753    0.906        0.2222        0.2843        0.1514        0.1135        0.0621        0.0379         0.2533         0.1324      0.0977

=== TOP 10 BY TEST SCORE (oracle) ===
 lambda_adv  adv_c  min_f1_ratio  t_aae  t_sae  val_f1  val_FPR_gap  val_mean_FPR  val_score  test_f1  test_AAE_FPR  test_SAE_FPR  test_AAE_FNR  test_SAE_FNR  test_FPR_gap  test_FNR_gap  test_mean_FPR  test_mean_FNR  test_score
        1.5    0.5          0.85 0.9000 0.8184  0.8912       0.0007        0.1856    -0.1424    0.888        0.1852        0.2007        0.1968        0.1573        0.0155        0.0395         0.1929         0.1770     -0.1113
        1.5    0.5          0.95 0.9000 0.8184  0.8912       0.0007        0.1856    -0.1424    0.888        0.1852        0.2007        0.1968        0.1573        0.0155        0.0395         0.1929         0.1770     -0.1113
        1.5    0.5          0.93 0.9000 0.8184  0.8912       0.0007        0.1856    -0.1424    0.888        0.1852        0.2007        0.1968        0.1573        0.0155        0.0395         0.1929         0.1770     -0.1113
        1.5    0.5          0.90 0.9000 0.8184  0.8912       0.0007        0.1856    -0.1424    0.888        0.1852        0.2007        0.1968        0.1573        0.0155        0.0395         0.1929         0.1770     -0.1113
        0.6    1.0          0.93 0.9000 0.7694  0.9016       0.0004        0.2594     0.0702    0.899        0.2222        0.2592        0.1978        0.1167        0.0370        0.0811         0.2407         0.1573      0.0541
        0.6    1.0          0.90 0.9000 0.7694  0.9016       0.0004        0.2594     0.0702    0.899        0.2222        0.2592        0.1978        0.1167        0.0370        0.0811         0.2407         0.1573      0.0541
        0.6    1.0          0.85 0.9000 0.7694  0.9016       0.0004        0.2594     0.0702    0.899        0.2222        0.2592        0.1978        0.1167        0.0370        0.0811         0.2407         0.1573      0.0541
        0.6    1.0          0.95 0.9000 0.7694  0.9016       0.0004        0.2594     0.0702    0.899        0.2222        0.2592        0.1978        0.1167        0.0370        0.0811         0.2407         0.1573      0.0541
        0.4    0.1          0.93 0.8837 0.7531  0.9108       0.0004        0.2594     0.0753    0.906        0.2222        0.2843        0.1514        0.1135        0.0621        0.0379         0.2533         0.1324      0.0977
        0.4    0.1          0.85 0.8837 0.7531  0.9108       0.0004        0.2594     0.0753    0.906        0.2222        0.2843        0.1514        0.1135        0.0621        0.0379         0.2533         0.1324      0.0977

=== TOP 10 BY TEST FPR_GAP (F1>=0.80) ===
 lambda_adv  adv_c  min_f1_ratio  t_aae  t_sae  val_f1  val_FPR_gap  val_mean_FPR  val_score  test_f1  test_AAE_FPR  test_SAE_FPR  test_AAE_FNR  test_SAE_FNR  test_FPR_gap  test_FNR_gap  test_mean_FPR  test_mean_FNR  test_score
       0.25    0.5          0.90 0.5898 0.3122  0.9260       0.0002        0.7036     1.2814   0.9268        0.7037        0.7040        0.0162        0.0125        0.0003        0.0038         0.7039         0.0143      1.2840
       0.25    0.5          0.93 0.5898 0.3122  0.9260       0.0002        0.7036     1.2814   0.9268        0.7037        0.7040        0.0162        0.0125        0.0003        0.0038         0.7039         0.0143      1.2840
       0.25    0.5          0.95 0.5898 0.3122  0.9260       0.0002        0.7036     1.2814   0.9268        0.7037        0.7040        0.0162        0.0125        0.0003        0.0038         0.7039         0.0143      1.2840
       0.25    0.5          0.97 0.5898 0.3122  0.9260       0.0002        0.7036     1.2814   0.9268        0.7037        0.7040        0.0162        0.0125        0.0003        0.0038         0.7039         0.0143      1.2840
       0.25    0.5          0.99 0.5898 0.3122  0.9260       0.0002        0.7036     1.2814   0.9268        0.7037        0.7040        0.0162        0.0125        0.0003        0.0038         0.7039         0.0143      1.2840
       0.25    0.5          0.85 0.5898 0.3122  0.9260       0.0002        0.7036     1.2814   0.9268        0.7037        0.7040        0.0162        0.0125        0.0003        0.0038         0.7039         0.0143      1.2840
       0.15   10.0          0.99 0.6714 0.3449  0.9266       0.0000        0.6667     1.1849   0.9271        0.6667        0.6672        0.0238        0.0175        0.0006        0.0063         0.6669         0.0207      1.1866
       0.15   10.0          0.85 0.6714 0.3449  0.9266       0.0000        0.6667     1.1849   0.9271        0.6667        0.6672        0.0238        0.0175        0.0006        0.0063         0.6669         0.0207      1.1866
       0.15   10.0          0.90 0.6714 0.3449  0.9266       0.0000        0.6667     1.1849   0.9271        0.6667        0.6672        0.0238        0.0175        0.0006        0.0063         0.6669         0.0207      1.1866
       0.15   10.0          0.93 0.6714 0.3449  0.9266       0.0000        0.6667     1.1849   0.9271        0.6667        0.6672        0.0238        0.0175        0.0006        0.0063         0.6669         0.0207      1.1866

=== TOP 10 BY TEST mean_FPR (F1>=0.80) ===
 lambda_adv  adv_c  min_f1_ratio  t_aae  t_sae  val_f1  val_FPR_gap  val_mean_FPR  val_score  test_f1  test_AAE_FPR  test_SAE_FPR  test_AAE_FNR  test_SAE_FNR  test_FPR_gap  test_FNR_gap  test_mean_FPR  test_mean_FNR  test_score
        1.5    0.5          0.95 0.9000 0.8184  0.8912       0.0007        0.1856    -0.1424    0.888        0.1852        0.2007        0.1968        0.1573        0.0155        0.0395         0.1929         0.1770     -0.1113
        1.5    0.5          0.93 0.9000 0.8184  0.8912       0.0007        0.1856    -0.1424    0.888        0.1852        0.2007        0.1968        0.1573        0.0155        0.0395         0.1929         0.1770     -0.1113
        1.5    0.5          0.90 0.9000 0.8184  0.8912       0.0007        0.1856    -0.1424    0.888        0.1852        0.2007        0.1968        0.1573        0.0155        0.0395         0.1929         0.1770     -0.1113
        1.5    0.5          0.85 0.9000 0.8184  0.8912       0.0007        0.1856    -0.1424    0.888        0.1852        0.2007        0.1968        0.1573        0.0155        0.0395         0.1929         0.1770     -0.1113
        0.6    1.0          0.85 0.9000 0.7694  0.9016       0.0004        0.2594     0.0702    0.899        0.2222        0.2592        0.1978        0.1167        0.0370        0.0811         0.2407         0.1573      0.0541
        0.6    1.0          0.93 0.9000 0.7694  0.9016       0.0004        0.2594     0.0702    0.899        0.2222        0.2592        0.1978        0.1167        0.0370        0.0811         0.2407         0.1573      0.0541
        0.6    1.0          0.95 0.9000 0.7694  0.9016       0.0004        0.2594     0.0702    0.899        0.2222        0.2592        0.1978        0.1167        0.0370        0.0811         0.2407         0.1573      0.0541
        0.6    1.0          0.90 0.9000 0.7694  0.9016       0.0004        0.2594     0.0702    0.899        0.2222        0.2592        0.1978        0.1167        0.0370        0.0811         0.2407         0.1573      0.0541
        0.4    0.1          0.97 0.8837 0.7531  0.9108       0.0004        0.2594     0.0753    0.906        0.2222        0.2843        0.1514        0.1135        0.0621        0.0379         0.2533         0.1324      0.0977
        0.4    0.1          0.95 0.8837 0.7531  0.9108       0.0004        0.2594     0.0753    0.906        0.2222        0.2843        0.1514        0.1135        0.0621        0.0379         0.2533         0.1324      0.0977

>>> BEST by val_score: lam=1.5 c=0.5 ratio=0.85  t=(0.900,0.818)
    test F1=0.8880 mean_FPR=0.1929 gap=0.0155
    AAE_FPR=0.1852 SAE_FPR=0.2007 AAE_FNR=0.1968 SAE_FNR=0.1573

>>> ORACLE BEST by test_score: lam=1.5 c=0.5 ratio=0.85  t=(0.900,0.818)
    test F1=0.8880 mean_FPR=0.1929 gap=0.0155
    AAE_FPR=0.1852 SAE_FPR=0.2007 AAE_FNR=0.1968 SAE_FNR=0.1573
