==========================================
SLURM_JOB_ID = 8158762
SLURM_JOB_NODELIST = e21-01
TMPDIR = /tmp/SLURM_8158762
==========================================
==============================================
Array task: 6   Node: e21-01.hpc.usc.edu   Start: Sat Apr 18 12:13:58 PDT 2026
==============================================
Running lambda=0.4  adv_c=0.1,0.5,1.0,3.0,10.0  ratios=none,0.85,0.90,0.93,0.95,0.97,0.99 (EO + projection)
==============================================
Train=5828 Val=1249 Test=1249  Tag=lam_0.4
Config: EO adversary on margin, projection=True, reweighting=FALSE, warmup=5
Grid: 5 cells x 7 ratios = 35 rows
  [ 1/5] lam=0.400 c=0.10 ratio= none  t=(0.50,0.50)  val_f1=0.8455 val_gap=0.0763  test_f1=0.8218 test_gap=0.1644
  [ 1/5] lam=0.400 c=0.10 ratio= 0.85  t=(0.82,0.70)  val_f1=0.7692 val_gap=0.0002  test_f1=0.7764 test_gap=0.0342
  [ 1/5] lam=0.400 c=0.10 ratio= 0.90  t=(0.82,0.70)  val_f1=0.7692 val_gap=0.0002  test_f1=0.7764 test_gap=0.0342
  [ 1/5] lam=0.400 c=0.10 ratio= 0.93  t=(0.79,0.49)  val_f1=0.8170 val_gap=0.0011  test_f1=0.7974 test_gap=0.0611
  [ 1/5] lam=0.400 c=0.10 ratio= 0.95  t=(0.79,0.49)  val_f1=0.8170 val_gap=0.0011  test_f1=0.7974 test_gap=0.0611
  [ 1/5] lam=0.400 c=0.10 ratio= 0.97  t=(0.51,0.39)  val_f1=0.8471 val_gap=0.0026  test_f1=0.8089 test_gap=0.0218
  [ 1/5] lam=0.400 c=0.10 ratio= 0.99  t=(0.51,0.39)  val_f1=0.8471 val_gap=0.0026  test_f1=0.8089 test_gap=0.0218
  [ 2/5] lam=0.400 c=0.50 ratio= none  t=(0.50,0.50)  val_f1=0.8432 val_gap=0.0663  test_f1=0.8297 test_gap=0.2569
  [ 2/5] lam=0.400 c=0.50 ratio= 0.85  t=(0.31,0.26)  val_f1=0.8345 val_gap=0.0002  test_f1=0.8020 test_gap=0.3138
  [ 2/5] lam=0.400 c=0.50 ratio= 0.90  t=(0.31,0.26)  val_f1=0.8345 val_gap=0.0002  test_f1=0.8020 test_gap=0.3138
  [ 2/5] lam=0.400 c=0.50 ratio= 0.93  t=(0.31,0.26)  val_f1=0.8345 val_gap=0.0002  test_f1=0.8020 test_gap=0.3138
  [ 2/5] lam=0.400 c=0.50 ratio= 0.95  t=(0.31,0.26)  val_f1=0.8345 val_gap=0.0002  test_f1=0.8020 test_gap=0.3138
  [ 2/5] lam=0.400 c=0.50 ratio= 0.97  t=(0.31,0.26)  val_f1=0.8345 val_gap=0.0002  test_f1=0.8020 test_gap=0.3138
  [ 2/5] lam=0.400 c=0.50 ratio= 0.99  t=(0.38,0.30)  val_f1=0.8384 val_gap=0.0004  test_f1=0.8096 test_gap=0.2495
  [ 3/5] lam=0.400 c=1.00 ratio= none  t=(0.50,0.50)  val_f1=0.8517 val_gap=0.0730  test_f1=0.8290 test_gap=0.1778
  [ 3/5] lam=0.400 c=1.00 ratio= 0.85  t=(0.30,0.26)  val_f1=0.8295 val_gap=0.0002  test_f1=0.8071 test_gap=0.3289
  [ 3/5] lam=0.400 c=1.00 ratio= 0.90  t=(0.30,0.26)  val_f1=0.8295 val_gap=0.0002  test_f1=0.8071 test_gap=0.3289
  [ 3/5] lam=0.400 c=1.00 ratio= 0.93  t=(0.30,0.26)  val_f1=0.8295 val_gap=0.0002  test_f1=0.8071 test_gap=0.3289
  [ 3/5] lam=0.400 c=1.00 ratio= 0.95  t=(0.30,0.26)  val_f1=0.8295 val_gap=0.0002  test_f1=0.8071 test_gap=0.3289
  [ 3/5] lam=0.400 c=1.00 ratio= 0.97  t=(0.30,0.26)  val_f1=0.8295 val_gap=0.0002  test_f1=0.8071 test_gap=0.3289
  [ 3/5] lam=0.400 c=1.00 ratio= 0.99  t=(0.48,0.38)  val_f1=0.8467 val_gap=0.0007  test_f1=0.8255 test_gap=0.1750
  [ 4/5] lam=0.400 c=3.00 ratio= none  t=(0.50,0.50)  val_f1=0.8493 val_gap=0.1150  test_f1=0.8331 test_gap=0.2536
  [ 4/5] lam=0.400 c=3.00 ratio= 0.85  t=(0.80,0.61)  val_f1=0.8021 val_gap=0.0013  test_f1=0.8041 test_gap=0.0007
  [ 4/5] lam=0.400 c=3.00 ratio= 0.90  t=(0.80,0.61)  val_f1=0.8021 val_gap=0.0013  test_f1=0.8041 test_gap=0.0007
  [ 4/5] lam=0.400 c=3.00 ratio= 0.93  t=(0.80,0.61)  val_f1=0.8021 val_gap=0.0013  test_f1=0.8041 test_gap=0.0007
  [ 4/5] lam=0.400 c=3.00 ratio= 0.95  t=(0.41,0.34)  val_f1=0.8375 val_gap=0.0028  test_f1=0.8299 test_gap=0.2627
  [ 4/5] lam=0.400 c=3.00 ratio= 0.97  t=(0.41,0.34)  val_f1=0.8375 val_gap=0.0028  test_f1=0.8299 test_gap=0.2627
  [ 4/5] lam=0.400 c=3.00 ratio= 0.99  t=(0.59,0.49)  val_f1=0.8495 val_gap=0.0039  test_f1=0.8313 test_gap=0.1037
  [ 5/5] lam=0.400 c=10.00 ratio= none  t=(0.50,0.50)  val_f1=0.8484 val_gap=0.0376  test_f1=0.8323 test_gap=0.1812
  [ 5/5] lam=0.400 c=10.00 ratio= 0.85  t=(0.28,0.25)  val_f1=0.8209 val_gap=0.0000  test_f1=0.8156 test_gap=0.2397
  [ 5/5] lam=0.400 c=10.00 ratio= 0.90  t=(0.28,0.25)  val_f1=0.8209 val_gap=0.0000  test_f1=0.8156 test_gap=0.2397
  [ 5/5] lam=0.400 c=10.00 ratio= 0.93  t=(0.28,0.25)  val_f1=0.8209 val_gap=0.0000  test_f1=0.8156 test_gap=0.2397
  [ 5/5] lam=0.400 c=10.00 ratio= 0.95  t=(0.28,0.25)  val_f1=0.8209 val_gap=0.0000  test_f1=0.8156 test_gap=0.2397
  [ 5/5] lam=0.400 c=10.00 ratio= 0.97  t=(0.36,0.34)  val_f1=0.8380 val_gap=0.0006  test_f1=0.8261 test_gap=0.2593
  [ 5/5] lam=0.400 c=10.00 ratio= 0.99  t=(0.46,0.44)  val_f1=0.8435 val_gap=0.0007  test_f1=0.8271 test_gap=0.2101

Saved: data/results/adv_xgb_eo_grid/lam_0.4_grid.csv  (35 rows)

Task lam_0.4 completed at: Sat Apr 18 12:20:32 PDT 2026
