==========================================
SLURM_JOB_ID = 8158757
SLURM_JOB_NODELIST = b18-16
TMPDIR = /tmp/SLURM_8158757
==========================================
==============================================
Array task: 1   Node: b18-16.hpc.usc.edu   Start: Sat Apr 18 12:13:58 PDT 2026
==============================================
Running lambda=0.025  adv_c=0.1,0.5,1.0,3.0,10.0  ratios=none,0.85,0.90,0.93,0.95,0.97,0.99 (EO + projection)
==============================================
Train=5828 Val=1249 Test=1249  Tag=lam_0.025
Config: EO adversary on margin, projection=True, reweighting=FALSE, warmup=5
Grid: 5 cells x 7 ratios = 35 rows
  [ 1/5] lam=0.025 c=0.10 ratio= none  t=(0.50,0.50)  val_f1=0.8458 val_gap=0.0746  test_f1=0.8266 test_gap=0.3360
  [ 1/5] lam=0.025 c=0.10 ratio= 0.85  t=(0.87,0.75)  val_f1=0.7442 val_gap=0.0002  test_f1=0.7519 test_gap=0.0492
  [ 1/5] lam=0.025 c=0.10 ratio= 0.90  t=(0.39,0.26)  val_f1=0.8261 val_gap=0.0002  test_f1=0.8073 test_gap=0.2885
  [ 1/5] lam=0.025 c=0.10 ratio= 0.93  t=(0.39,0.26)  val_f1=0.8261 val_gap=0.0002  test_f1=0.8073 test_gap=0.2885
  [ 1/5] lam=0.025 c=0.10 ratio= 0.95  t=(0.39,0.26)  val_f1=0.8261 val_gap=0.0002  test_f1=0.8073 test_gap=0.2885
  [ 1/5] lam=0.025 c=0.10 ratio= 0.97  t=(0.39,0.26)  val_f1=0.8261 val_gap=0.0002  test_f1=0.8073 test_gap=0.2885
  [ 1/5] lam=0.025 c=0.10 ratio= 0.99  t=(0.54,0.43)  val_f1=0.8459 val_gap=0.0026  test_f1=0.8251 test_gap=0.2168
  [ 2/5] lam=0.025 c=0.50 ratio= none  t=(0.50,0.50)  val_f1=0.8522 val_gap=0.0830  test_f1=0.8291 test_gap=0.2603
  [ 2/5] lam=0.025 c=0.50 ratio= 0.85  t=(0.34,0.26)  val_f1=0.8286 val_gap=0.0002  test_f1=0.8136 test_gap=0.2969
  [ 2/5] lam=0.025 c=0.50 ratio= 0.90  t=(0.34,0.26)  val_f1=0.8286 val_gap=0.0002  test_f1=0.8136 test_gap=0.2969
  [ 2/5] lam=0.025 c=0.50 ratio= 0.93  t=(0.34,0.26)  val_f1=0.8286 val_gap=0.0002  test_f1=0.8136 test_gap=0.2969
  [ 2/5] lam=0.025 c=0.50 ratio= 0.95  t=(0.34,0.26)  val_f1=0.8286 val_gap=0.0002  test_f1=0.8136 test_gap=0.2969
  [ 2/5] lam=0.025 c=0.50 ratio= 0.97  t=(0.34,0.26)  val_f1=0.8286 val_gap=0.0002  test_f1=0.8136 test_gap=0.2969
  [ 2/5] lam=0.025 c=0.50 ratio= 0.99  t=(0.57,0.43)  val_f1=0.8457 val_gap=0.0009  test_f1=0.8243 test_gap=0.0670
  [ 3/5] lam=0.025 c=1.00 ratio= none  t=(0.50,0.50)  val_f1=0.8427 val_gap=0.0696  test_f1=0.8301 test_gap=0.3377
  [ 3/5] lam=0.025 c=1.00 ratio= 0.85  t=(0.90,0.72)  val_f1=0.7381 val_gap=0.0002  test_f1=0.7632 test_gap=0.0072
  [ 3/5] lam=0.025 c=1.00 ratio= 0.90  t=(0.36,0.28)  val_f1=0.8358 val_gap=0.0004  test_f1=0.8168 test_gap=0.3086
  [ 3/5] lam=0.025 c=1.00 ratio= 0.93  t=(0.36,0.28)  val_f1=0.8358 val_gap=0.0004  test_f1=0.8168 test_gap=0.3086
  [ 3/5] lam=0.025 c=1.00 ratio= 0.95  t=(0.36,0.28)  val_f1=0.8358 val_gap=0.0004  test_f1=0.8168 test_gap=0.3086
  [ 3/5] lam=0.025 c=1.00 ratio= 0.97  t=(0.36,0.28)  val_f1=0.8358 val_gap=0.0004  test_f1=0.8168 test_gap=0.3086
  [ 3/5] lam=0.025 c=1.00 ratio= 0.99  t=(0.36,0.28)  val_f1=0.8358 val_gap=0.0004  test_f1=0.8168 test_gap=0.3086
  [ 4/5] lam=0.025 c=3.00 ratio= none  t=(0.50,0.50)  val_f1=0.8507 val_gap=0.1184  test_f1=0.8237 test_gap=0.2973
  [ 4/5] lam=0.025 c=3.00 ratio= 0.85  t=(0.82,0.72)  val_f1=0.7762 val_gap=0.0002  test_f1=0.7817 test_gap=0.0442
  [ 4/5] lam=0.025 c=3.00 ratio= 0.90  t=(0.82,0.72)  val_f1=0.7762 val_gap=0.0002  test_f1=0.7817 test_gap=0.0442
  [ 4/5] lam=0.025 c=3.00 ratio= 0.93  t=(0.80,0.57)  val_f1=0.8190 val_gap=0.0013  test_f1=0.8031 test_gap=0.0093
  [ 4/5] lam=0.025 c=3.00 ratio= 0.95  t=(0.80,0.57)  val_f1=0.8190 val_gap=0.0013  test_f1=0.8031 test_gap=0.0093
  [ 4/5] lam=0.025 c=3.00 ratio= 0.97  t=(0.54,0.43)  val_f1=0.8477 val_gap=0.0041  test_f1=0.8283 test_gap=0.1864
  [ 4/5] lam=0.025 c=3.00 ratio= 0.99  t=(0.54,0.43)  val_f1=0.8477 val_gap=0.0041  test_f1=0.8283 test_gap=0.1864
  [ 5/5] lam=0.025 c=10.00 ratio= none  t=(0.50,0.50)  val_f1=0.8507 val_gap=0.0409  test_f1=0.8329 test_gap=0.2720
  [ 5/5] lam=0.025 c=10.00 ratio= 0.85  t=(0.85,0.74)  val_f1=0.7466 val_gap=0.0002  test_f1=0.7645 test_gap=0.0930
  [ 5/5] lam=0.025 c=10.00 ratio= 0.90  t=(0.41,0.38)  val_f1=0.8467 val_gap=0.0007  test_f1=0.8268 test_gap=0.3382
  [ 5/5] lam=0.025 c=10.00 ratio= 0.93  t=(0.41,0.38)  val_f1=0.8467 val_gap=0.0007  test_f1=0.8268 test_gap=0.3382
  [ 5/5] lam=0.025 c=10.00 ratio= 0.95  t=(0.41,0.38)  val_f1=0.8467 val_gap=0.0007  test_f1=0.8268 test_gap=0.3382
  [ 5/5] lam=0.025 c=10.00 ratio= 0.97  t=(0.41,0.38)  val_f1=0.8467 val_gap=0.0007  test_f1=0.8268 test_gap=0.3382
  [ 5/5] lam=0.025 c=10.00 ratio= 0.99  t=(0.41,0.38)  val_f1=0.8467 val_gap=0.0007  test_f1=0.8268 test_gap=0.3382

Saved: data/results/adv_xgb_eo_grid/lam_0.025_grid.csv  (35 rows)

Task lam_0.025 completed at: Sat Apr 18 12:18:54 PDT 2026
