==========================================
SLURM_JOB_ID = 8521523
SLURM_JOB_NODELIST = e22-10
TMPDIR = /tmp/SLURM_8521523
==========================================
==============================================
Array task: 3   Node: e22-10.hpc.usc.edu   Start: Sun May  3 14:41:42 PDT 2026
==============================================
Running lambda=0.1  adv_c=0.1,0.5,1.0,3.0,10.0  ratios=none,0.85,0.90,0.93,0.95,0.97,0.99 (EO + projection, unbalanced TwitterAAE)
==============================================
Train=17348 Val=3717 Test=3718  Tag=lam_0.1
Config: EO adversary on margin, projection=True, reweighting=FALSE, warmup=5
Grid: 5 cells x 7 ratios = 35 rows
  [ 1/5] lam=0.100 c=0.10 ratio= none  t=(0.50,0.50)  val_f1=0.9326 val_gap=0.3376  test_f1=0.9341 test_gap=0.2544
  [ 1/5] lam=0.100 c=0.10 ratio= 0.85  t=(0.64,0.21)  val_f1=0.9226 val_gap=0.0011  test_f1=0.9212 test_gap=0.1310
  [ 1/5] lam=0.100 c=0.10 ratio= 0.90  t=(0.64,0.21)  val_f1=0.9226 val_gap=0.0011  test_f1=0.9212 test_gap=0.1310
  [ 1/5] lam=0.100 c=0.10 ratio= 0.93  t=(0.64,0.21)  val_f1=0.9226 val_gap=0.0011  test_f1=0.9212 test_gap=0.1310
  [ 1/5] lam=0.100 c=0.10 ratio= 0.95  t=(0.64,0.21)  val_f1=0.9226 val_gap=0.0011  test_f1=0.9212 test_gap=0.1310
  [ 1/5] lam=0.100 c=0.10 ratio= 0.97  t=(0.64,0.21)  val_f1=0.9226 val_gap=0.0011  test_f1=0.9212 test_gap=0.1310
  [ 1/5] lam=0.100 c=0.10 ratio= 0.99  t=(0.74,0.38)  val_f1=0.9269 val_gap=0.0015  test_f1=0.9274 test_gap=0.0108
  [ 2/5] lam=0.100 c=0.50 ratio= none  t=(0.50,0.50)  val_f1=0.9321 val_gap=0.4083  test_f1=0.9367 test_gap=0.2324
  [ 2/5] lam=0.100 c=0.50 ratio= 0.85  t=(0.69,0.30)  val_f1=0.9251 val_gap=0.0002  test_f1=0.9253 test_gap=0.0878
  [ 2/5] lam=0.100 c=0.50 ratio= 0.90  t=(0.69,0.30)  val_f1=0.9251 val_gap=0.0002  test_f1=0.9253 test_gap=0.0878
  [ 2/5] lam=0.100 c=0.50 ratio= 0.93  t=(0.69,0.30)  val_f1=0.9251 val_gap=0.0002  test_f1=0.9253 test_gap=0.0878
  [ 2/5] lam=0.100 c=0.50 ratio= 0.95  t=(0.69,0.30)  val_f1=0.9251 val_gap=0.0002  test_f1=0.9253 test_gap=0.0878
  [ 2/5] lam=0.100 c=0.50 ratio= 0.97  t=(0.69,0.30)  val_f1=0.9251 val_gap=0.0002  test_f1=0.9253 test_gap=0.0878
  [ 2/5] lam=0.100 c=0.50 ratio= 0.99  t=(0.69,0.30)  val_f1=0.9251 val_gap=0.0002  test_f1=0.9253 test_gap=0.0878
  [ 3/5] lam=0.100 c=1.00 ratio= none  t=(0.50,0.50)  val_f1=0.9347 val_gap=0.3948  test_f1=0.9352 test_gap=0.2290
  [ 3/5] lam=0.100 c=1.00 ratio= 0.85  t=(0.88,0.70)  val_f1=0.9187 val_gap=0.0002  test_f1=0.9137 test_gap=0.0231
  [ 3/5] lam=0.100 c=1.00 ratio= 0.90  t=(0.88,0.70)  val_f1=0.9187 val_gap=0.0002  test_f1=0.9137 test_gap=0.0231
  [ 3/5] lam=0.100 c=1.00 ratio= 0.93  t=(0.88,0.70)  val_f1=0.9187 val_gap=0.0002  test_f1=0.9137 test_gap=0.0231
  [ 3/5] lam=0.100 c=1.00 ratio= 0.95  t=(0.88,0.70)  val_f1=0.9187 val_gap=0.0002  test_f1=0.9137 test_gap=0.0231
  [ 3/5] lam=0.100 c=1.00 ratio= 0.97  t=(0.88,0.70)  val_f1=0.9187 val_gap=0.0002  test_f1=0.9137 test_gap=0.0231
  [ 3/5] lam=0.100 c=1.00 ratio= 0.99  t=(0.79,0.41)  val_f1=0.9278 val_gap=0.0030  test_f1=0.9266 test_gap=0.0465
  [ 4/5] lam=0.100 c=3.00 ratio= none  t=(0.50,0.50)  val_f1=0.9333 val_gap=0.3814  test_f1=0.9366 test_gap=0.2391
  [ 4/5] lam=0.100 c=3.00 ratio= 0.85  t=(0.87,0.70)  val_f1=0.9208 val_gap=0.0002  test_f1=0.9151 test_gap=0.0061
  [ 4/5] lam=0.100 c=3.00 ratio= 0.90  t=(0.87,0.70)  val_f1=0.9208 val_gap=0.0002  test_f1=0.9151 test_gap=0.0061
  [ 4/5] lam=0.100 c=3.00 ratio= 0.93  t=(0.87,0.70)  val_f1=0.9208 val_gap=0.0002  test_f1=0.9151 test_gap=0.0061
  [ 4/5] lam=0.100 c=3.00 ratio= 0.95  t=(0.87,0.70)  val_f1=0.9208 val_gap=0.0002  test_f1=0.9151 test_gap=0.0061
  [ 4/5] lam=0.100 c=3.00 ratio= 0.97  t=(0.87,0.70)  val_f1=0.9208 val_gap=0.0002  test_f1=0.9151 test_gap=0.0061
  [ 4/5] lam=0.100 c=3.00 ratio= 0.99  t=(0.80,0.52)  val_f1=0.9292 val_gap=0.0009  test_f1=0.9291 test_gap=0.0319
  [ 5/5] lam=0.100 c=10.00 ratio= none  t=(0.50,0.50)  val_f1=0.9340 val_gap=0.3477  test_f1=0.9349 test_gap=0.2644
  [ 5/5] lam=0.100 c=10.00 ratio= 0.85  t=(0.74,0.41)  val_f1=0.9274 val_gap=0.0004  test_f1=0.9302 test_gap=0.0044
  [ 5/5] lam=0.100 c=10.00 ratio= 0.90  t=(0.74,0.41)  val_f1=0.9274 val_gap=0.0004  test_f1=0.9302 test_gap=0.0044
  [ 5/5] lam=0.100 c=10.00 ratio= 0.93  t=(0.74,0.41)  val_f1=0.9274 val_gap=0.0004  test_f1=0.9302 test_gap=0.0044
  [ 5/5] lam=0.100 c=10.00 ratio= 0.95  t=(0.74,0.41)  val_f1=0.9274 val_gap=0.0004  test_f1=0.9302 test_gap=0.0044
  [ 5/5] lam=0.100 c=10.00 ratio= 0.97  t=(0.74,0.41)  val_f1=0.9274 val_gap=0.0004  test_f1=0.9302 test_gap=0.0044
  [ 5/5] lam=0.100 c=10.00 ratio= 0.99  t=(0.74,0.41)  val_f1=0.9274 val_gap=0.0004  test_f1=0.9302 test_gap=0.0044

Saved: data/results/adv_xgb_eo_grid_unbalanced/lam_0.1_grid.csv  (35 rows)

Task lam_0.1 completed at: Sun May  3 14:50:11 PDT 2026
