==========================================
SLURM_JOB_ID = 8158446
SLURM_JOB_NODELIST = d14-18
TMPDIR = /tmp/SLURM_8158446
==========================================
==============================================
Array task: 1   Node: d14-18.hpc.usc.edu   Start: Sat Apr 18 11:11:34 PDT 2026
==============================================
Running lambda=0.025  adv_c grid=0.1,0.5,1.0,3.0,10.0
==============================================
Train=5828 (AAE=993, SAE=4835) Val=1249 Test=1249
Tag: lam_0.025
Config: leaf_adv=True, reweighting=FALSE, threshold_tuning=FALSE, post_processing=NONE (pure adversarial)
Grid: 5 cells  lambda=[0.025]  adv_c=[0.1, 0.5, 1.0, 3.0, 10.0]
  [ 1/5] lam=0.025 c=0.10  val_f1=0.8522 val_FPR_gap=0.0763  test_f1=0.8294 test_FPR_gap=0.2316  (212s)
  [ 2/5] lam=0.025 c=0.50  val_f1=0.8522 val_FPR_gap=0.0763  test_f1=0.8294 test_FPR_gap=0.2316  (159s)
  [ 3/5] lam=0.025 c=1.00  val_f1=0.8488 val_FPR_gap=0.1184  test_f1=0.8328 test_FPR_gap=0.3056  (204s)
  [ 4/5] lam=0.025 c=3.00  val_f1=0.8519 val_FPR_gap=0.0393  test_f1=0.8269 test_FPR_gap=0.2182  (381s)
  [ 5/5] lam=0.025 c=10.00  val_f1=0.8512 val_FPR_gap=0.0376  test_f1=0.8269 test_FPR_gap=0.2956  (552s)

Saved: data/results/adv_xgb_largegrid/lam_0.025_grid.csv

Task lam_0.025 completed at: Sat Apr 18 11:38:15 PDT 2026
