==========================================
SLURM_JOB_ID = 8158451
SLURM_JOB_NODELIST = b18-17
TMPDIR = /tmp/SLURM_8158451
==========================================
==============================================
Array task: 6   Node: b18-17.hpc.usc.edu   Start: Sat Apr 18 11:11:34 PDT 2026
==============================================
Running lambda=0.4  adv_c grid=0.1,0.5,1.0,3.0,10.0
==============================================
Train=5828 (AAE=993, SAE=4835) Val=1249 Test=1249
Tag: lam_0.4
Config: leaf_adv=True, reweighting=FALSE, threshold_tuning=FALSE, post_processing=NONE (pure adversarial)
Grid: 5 cells  lambda=[0.4]  adv_c=[0.1, 0.5, 1.0, 3.0, 10.0]
  [ 1/5] lam=0.400 c=0.10  val_f1=0.8470 val_FPR_gap=0.1117  test_f1=0.8339 test_FPR_gap=0.2332  (139s)
  [ 2/5] lam=0.400 c=0.50  val_f1=0.8484 val_FPR_gap=0.0309  test_f1=0.8301 test_FPR_gap=0.3764  (90s)
  [ 3/5] lam=0.400 c=1.00  val_f1=0.8500 val_FPR_gap=0.0780  test_f1=0.8317 test_FPR_gap=0.2619  (113s)
  [ 4/5] lam=0.400 c=3.00  val_f1=0.8522 val_FPR_gap=0.0763  test_f1=0.8283 test_FPR_gap=0.2653  (208s)
  [ 5/5] lam=0.400 c=10.00  val_f1=0.8588 val_FPR_gap=0.0443  test_f1=0.8260 test_FPR_gap=0.3393  (306s)

Saved: data/results/adv_xgb_largegrid/lam_0.4_grid.csv

Task lam_0.4 completed at: Sat Apr 18 11:27:28 PDT 2026
