==========================================
SLURM_JOB_ID = 8158621
SLURM_JOB_NODELIST = d05-39
TMPDIR = /tmp/SLURM_8158621
==========================================
Saved full summary: data/results/adv_xgb_thresh_grid/grid_summary.csv (350 rows)

=== TOP 10 BY VAL SCORE (honest model selection) ===
 lambda_adv  adv_c  min_f1_ratio  t_aae  t_sae  val_f1  val_FPR_gap  val_mean_FPR  val_score  test_f1  test_AAE_FPR  test_SAE_FPR  test_AAE_FNR  test_SAE_FNR  test_FPR_gap  test_FNR_gap  test_mean_FPR  test_mean_FNR  test_score
       0.60    0.1          0.99 0.6551 0.4265  0.8496       0.0041        0.1461    -0.1879   0.8201        0.2963        0.1990        0.1344        0.1758        0.0973        0.0414         0.2476         0.1551      0.1233
       0.10    0.5          0.99 0.6224 0.4429  0.8470       0.0024        0.1469    -0.1803   0.8217        0.2222        0.1789        0.1290        0.1963        0.0433        0.0673         0.2006         0.1627     -0.0168
       0.05    0.1          0.99 0.6061 0.4102  0.8475       0.0009        0.1486    -0.1754   0.8210        0.2593        0.2007        0.1290        0.1758        0.0586        0.0468         0.2300         0.1524      0.0647
       1.50    0.1          0.99 0.5735 0.4265  0.8487       0.0026        0.1495    -0.1731   0.8132        0.3333        0.2007        0.1344        0.1895        0.1327        0.0551         0.2670         0.1620      0.1928
       1.50    0.1          0.95 0.5735 0.4265  0.8487       0.0026        0.1495    -0.1731   0.8132        0.3333        0.2007        0.1344        0.1895        0.1327        0.0551         0.2670         0.1620      0.1928
       1.50    0.1          0.97 0.5735 0.4265  0.8487       0.0026        0.1495    -0.1731   0.8132        0.3333        0.2007        0.1344        0.1895        0.1327        0.0551         0.2670         0.1620      0.1928
       0.40    1.0          0.99 0.5898 0.4429  0.8452       0.0024        0.1469    -0.1725   0.8238        0.3333        0.1806        0.1237        0.1872        0.1527        0.0636         0.2570         0.1554      0.1832
       0.15   10.0          0.99 0.5898 0.4429  0.8506       0.0158        0.1402    -0.1696   0.8162        0.2222        0.1957        0.1290        0.1941        0.0266        0.0650         0.2089         0.1615     -0.0015
       0.15    0.1          0.99 0.6224 0.4429  0.8433       0.0024        0.1469    -0.1693   0.8220        0.2593        0.1789        0.1452        0.1872        0.0803        0.0421         0.2191         0.1662      0.0317
       1.50   10.0          0.99 0.5571 0.4429  0.8498       0.0024        0.1469    -0.1692   0.8282        0.4074        0.1756        0.1183        0.1804        0.2318        0.0621         0.2915         0.1493      0.3123

=== TOP 10 BY TEST SCORE (oracle -- what is achievable) ===
 lambda_adv  adv_c  min_f1_ratio  t_aae  t_sae  val_f1  val_FPR_gap  val_mean_FPR  val_score  test_f1  test_AAE_FPR  test_SAE_FPR  test_AAE_FNR  test_SAE_FNR  test_FPR_gap  test_FNR_gap  test_mean_FPR  test_mean_FNR  test_score
       0.05    0.5          0.85 0.7857 0.4918  0.8297       0.0006        0.1108    -0.1280   0.8138        0.1481        0.1589        0.2097        0.2032        0.0107        0.0065         0.1535         0.2064     -0.1151
       0.05    0.5          0.90 0.7857 0.4918  0.8297       0.0006        0.1108    -0.1280   0.8138        0.1481        0.1589        0.2097        0.2032        0.0107        0.0065         0.1535         0.2064     -0.1151
       0.05    0.5          0.95 0.7857 0.4918  0.8297       0.0006        0.1108    -0.1280   0.8138        0.1481        0.1589        0.2097        0.2032        0.0107        0.0065         0.1535         0.2064     -0.1151
       0.05    0.5          0.93 0.7857 0.4918  0.8297       0.0006        0.1108    -0.1280   0.8138        0.1481        0.1589        0.2097        0.2032        0.0107        0.0065         0.1535         0.2064     -0.1151
       0.05    0.5          0.97 0.7857 0.4918  0.8297       0.0006        0.1108    -0.1280   0.8138        0.1481        0.1589        0.2097        0.2032        0.0107        0.0065         0.1535         0.2064     -0.1151
       0.40   10.0          0.85 0.8184 0.4918  0.8237       0.0006        0.1108    -0.0712   0.8126        0.1481        0.1472        0.2258        0.2100        0.0010        0.0158         0.1477         0.2179     -0.1062
       0.40   10.0          0.93 0.8184 0.4918  0.8237       0.0006        0.1108    -0.0712   0.8126        0.1481        0.1472        0.2258        0.2100        0.0010        0.0158         0.1477         0.2179     -0.1062
       0.40   10.0          0.90 0.8184 0.4918  0.8237       0.0006        0.1108    -0.0712   0.8126        0.1481        0.1472        0.2258        0.2100        0.0010        0.0158         0.1477         0.2179     -0.1062
       0.40   10.0          0.95 0.8184 0.4918  0.8237       0.0006        0.1108    -0.0712   0.8126        0.1481        0.1472        0.2258        0.2100        0.0010        0.0158         0.1477         0.2179     -0.1062
       0.15    0.5          0.97 0.6388 0.4265  0.8394       0.0026        0.1495    -0.1592   0.8331        0.1852        0.1756        0.1398        0.1689        0.0096        0.0292         0.1804         0.1544     -0.1006

=== TOP 10 BY TEST FPR_GAP (F1>=0.80) ===
 lambda_adv  adv_c  min_f1_ratio  t_aae  t_sae  val_f1  val_FPR_gap  val_mean_FPR  val_score  test_f1  test_AAE_FPR  test_SAE_FPR  test_AAE_FNR  test_SAE_FNR  test_FPR_gap  test_FNR_gap  test_mean_FPR  test_mean_FNR  test_score
      0.050    1.0          0.85 0.8347 0.4918  0.8190       0.0011        0.1117    -0.0359   0.8096        0.1481        0.1472        0.2419        0.2100         0.001        0.0319         0.1477         0.2260     -0.0886
      0.050    1.0          0.90 0.8347 0.4918  0.8190       0.0011        0.1117    -0.0359   0.8096        0.1481        0.1472        0.2419        0.2100         0.001        0.0319         0.1477         0.2260     -0.0886
      0.400   10.0          0.95 0.8184 0.4918  0.8237       0.0006        0.1108    -0.0712   0.8126        0.1481        0.1472        0.2258        0.2100         0.001        0.0158         0.1477         0.2179     -0.1062
      0.400   10.0          0.90 0.8184 0.4918  0.8237       0.0006        0.1108    -0.0712   0.8126        0.1481        0.1472        0.2258        0.2100         0.001        0.0158         0.1477         0.2179     -0.1062
      0.050    1.0          0.93 0.8347 0.4918  0.8190       0.0011        0.1117    -0.0359   0.8096        0.1481        0.1472        0.2419        0.2100         0.001        0.0319         0.1477         0.2260     -0.0886
      0.400   10.0          0.93 0.8184 0.4918  0.8237       0.0006        0.1108    -0.0712   0.8126        0.1481        0.1472        0.2258        0.2100         0.001        0.0158         0.1477         0.2179     -0.1062
      0.050    1.0          0.95 0.8347 0.4918  0.8190       0.0011        0.1117    -0.0359   0.8096        0.1481        0.1472        0.2419        0.2100         0.001        0.0319         0.1477         0.2260     -0.0886
      0.400   10.0          0.85 0.8184 0.4918  0.8237       0.0006        0.1108    -0.0712   0.8126        0.1481        0.1472        0.2258        0.2100         0.001        0.0158         0.1477         0.2179     -0.1062
      0.025    0.1          0.95 0.7857 0.4918  0.8247       0.0006        0.1108    -0.1094   0.8117        0.1481        0.1421        0.2366        0.2123         0.006        0.0242         0.1451         0.2244     -0.0937
      0.025    0.5          0.85 0.7857 0.4918  0.8247       0.0006        0.1108    -0.1094   0.8117        0.1481        0.1421        0.2366        0.2123         0.006        0.0242         0.1451         0.2244     -0.0937

=== TOP 10 BY TEST mean_FPR (F1>=0.80) ===
 lambda_adv  adv_c  min_f1_ratio  t_aae  t_sae  val_f1  val_FPR_gap  val_mean_FPR  val_score  test_f1  test_AAE_FPR  test_SAE_FPR  test_AAE_FNR  test_SAE_FNR  test_FPR_gap  test_FNR_gap  test_mean_FPR  test_mean_FNR  test_score
        0.6    1.0          0.90 0.8673 0.5571  0.8029       0.0004        0.0739    -0.0256   0.8024        0.0370        0.1054        0.3226        0.2352        0.0683        0.0874         0.0712         0.2789     -0.0089
        0.6    1.0          0.93 0.8673 0.5571  0.8029       0.0004        0.0739    -0.0256   0.8024        0.0370        0.1054        0.3226        0.2352        0.0683        0.0874         0.0712         0.2789     -0.0089
        0.6    1.0          0.85 0.8673 0.5571  0.8029       0.0004        0.0739    -0.0256   0.8024        0.0370        0.1054        0.3226        0.2352        0.0683        0.0874         0.0712         0.2789     -0.0089
        0.4    0.1          0.90 0.8510 0.6061  0.7964       0.0004        0.0739    -0.0439   0.8028        0.0741        0.0903        0.2634        0.2717        0.0162        0.0082         0.0822         0.2676     -0.0805
        0.4    0.1          0.85 0.8510 0.6061  0.7964       0.0004        0.0739    -0.0439   0.8028        0.0741        0.0903        0.2634        0.2717        0.0162        0.0082         0.0822         0.2676     -0.0805
        0.4    0.1          0.93 0.8510 0.6061  0.7964       0.0004        0.0739    -0.0439   0.8028        0.0741        0.0903        0.2634        0.2717        0.0162        0.0082         0.0822         0.2676     -0.0805
        0.1    0.5          0.93 0.8347 0.5735  0.8060       0.0004        0.0739    -0.0809   0.8111        0.0741        0.1003        0.2581        0.2466        0.0263        0.0115         0.0872         0.2523     -0.0907
        0.1    0.5          0.90 0.8347 0.5735  0.8060       0.0004        0.0739    -0.0809   0.8111        0.0741        0.1003        0.2581        0.2466        0.0263        0.0115         0.0872         0.2523     -0.0907
        0.1    0.5          0.95 0.8347 0.5735  0.8060       0.0004        0.0739    -0.0809   0.8111        0.0741        0.1003        0.2581        0.2466        0.0263        0.0115         0.0872         0.2523     -0.0907
        0.4    0.5          0.90 0.8510 0.5898  0.7986       0.0004        0.0739    -0.0342   0.8042        0.0741        0.1070        0.2742        0.2489        0.0329        0.0253         0.0905         0.2615     -0.0661

>>> BEST by val_score: lambda=0.6 adv_c=0.1 min_f1_ratio=0.99  t=(0.655,0.427)
    test F1=0.8201  mean_FPR=0.2476  FPR_gap=0.0973
    AAE FPR=0.2963  SAE FPR=0.1990
    AAE FNR=0.1344  SAE FNR=0.1758

>>> ORACLE BEST by test_score: lambda=0.05 adv_c=0.5 min_f1_ratio=0.85  t=(0.786,0.492)
    test F1=0.8138  mean_FPR=0.1535  FPR_gap=0.0107
    AAE FPR=0.1481  SAE FPR=0.1589
    AAE FNR=0.2097  SAE FNR=0.2032
