==========================================
SLURM_JOB_ID = 8158443
SLURM_JOB_NODELIST = d11-45
TMPDIR = /tmp/SLURM_8158443
==========================================
Saved full summary: data/results/adv_xgb_largegrid/grid_summary.csv (50 cells)

=== FULL GRID (sorted by test_score, lower = better) ===
 lambda_adv  adv_c  val_f1  val_FPR_gap  val_mean_FPR  val_score  test_f1  test_AAE_FPR  test_SAE_FPR  test_AAE_FNR  test_SAE_FNR  test_FPR_gap  test_FNR_gap  test_mean_FPR  test_mean_FNR  test_score
      0.100    1.0  0.8560       0.1150        0.1647    -0.0393   0.8278        0.3333        0.1421        0.1075        0.2215        0.1912        0.1139         0.2377         0.1645      0.1685
      0.600    1.0  0.8486       0.0426        0.1268    -0.1232   0.8412        0.3333        0.1371        0.0914        0.2009        0.1962        0.1095         0.2352         0.1462      0.1742
      0.050    0.5  0.8519       0.0393        0.1285    -0.1348   0.8304        0.3333        0.1522        0.1022        0.2078        0.1812        0.1056         0.2428         0.1550      0.1801
      0.025    0.1  0.8522       0.0763        0.1470    -0.1049   0.8294        0.3704        0.1388        0.1183        0.2146        0.2316        0.0963         0.2546         0.1664      0.2193
      0.025    0.5  0.8522       0.0763        0.1470    -0.1049   0.8294        0.3704        0.1388        0.1183        0.2146        0.2316        0.0963         0.2546         0.1664      0.2193
      0.050    0.1  0.8503       0.0763        0.1470    -0.0994   0.8317        0.3704        0.1355        0.1129        0.2146        0.2349        0.1017         0.2529         0.1638      0.2210
      0.000    0.1  0.8536       0.0797        0.1454    -0.1070   0.8283        0.3704        0.1438        0.1075        0.2169        0.2266        0.1094         0.2571         0.1622      0.2343
      0.000    3.0  0.8536       0.0797        0.1454    -0.1070   0.8283        0.3704        0.1438        0.1075        0.2169        0.2266        0.1094         0.2571         0.1622      0.2343
      0.000   10.0  0.8536       0.0797        0.1454    -0.1070   0.8283        0.3704        0.1438        0.1075        0.2169        0.2266        0.1094         0.2571         0.1622      0.2343
      0.000    0.5  0.8536       0.0797        0.1454    -0.1070   0.8283        0.3704        0.1438        0.1075        0.2169        0.2266        0.1094         0.2571         0.1622      0.2343
      0.000    1.0  0.8536       0.0797        0.1454    -0.1070   0.8283        0.3704        0.1438        0.1075        0.2169        0.2266        0.1094         0.2571         0.1622      0.2343
      0.400    0.1  0.8470       0.1117        0.1664    -0.0377   0.8339        0.3704        0.1371        0.0968        0.2146        0.2332        0.1178         0.2537         0.1557      0.2373
      1.000   10.0  0.8482       0.0326        0.1319    -0.1346   0.8345        0.3704        0.1472        0.1022        0.2009        0.2232        0.0988         0.2588         0.1515      0.2391
      1.000    0.1  0.8557       0.0527        0.1218    -0.1310   0.8254        0.3704        0.1438        0.1022        0.2260        0.2266        0.1239         0.2571         0.1641      0.2411
      0.025    3.0  0.8519       0.0393        0.1285    -0.1393   0.8269        0.3704        0.1522        0.0968        0.2169        0.2182        0.1201         0.2613         0.1568      0.2521
      0.100    0.5  0.8482       0.1100        0.1672    -0.0532   0.8294        0.4074        0.1371        0.1237        0.2123        0.2703        0.0887         0.2723         0.1680      0.2775
      0.100    0.1  0.8503       0.0696        0.1504    -0.1124   0.8215        0.4074        0.1472        0.1237        0.2215        0.2603        0.0978         0.2773         0.1726      0.2889
      1.500    3.0  0.8462       0.0393        0.1285    -0.1205   0.8355        0.4074        0.1455        0.1129        0.1941        0.2619        0.0812         0.2764         0.1535      0.2914
      0.050    1.0  0.8548       0.1487        0.1849     0.0124   0.8293        0.4074        0.1421        0.1075        0.2146        0.2653        0.1071         0.2748         0.1611      0.2974
      0.400    3.0  0.8522       0.0763        0.1470    -0.1049   0.8283        0.4074        0.1421        0.1075        0.2169        0.2653        0.1094         0.2748         0.1622      0.2979
      1.000    3.0  0.8507       0.0476        0.1243    -0.1230   0.8386        0.4074        0.1355        0.0914        0.2055        0.2720        0.1141         0.2714         0.1484      0.3039
      0.600    0.5  0.8503       0.1083        0.1681    -0.0476   0.8233        0.4074        0.1522        0.1075        0.2192        0.2552        0.1117         0.2798         0.1634      0.3079
      1.000    1.0  0.8508       0.0663        0.1521    -0.0982   0.8232        0.4074        0.1405        0.0968        0.2352        0.2669        0.1384         0.2739         0.1660      0.3099
      0.150   10.0  0.8543       0.1200        0.1622    -0.0638   0.8191        0.4074        0.1605        0.1129        0.2192        0.2469        0.1063         0.2840         0.1660      0.3109
      0.400    1.0  0.8500       0.0780        0.1462    -0.0965   0.8317        0.4074        0.1455        0.0914        0.2123        0.2619        0.1209         0.2764         0.1519      0.3148
      0.250   10.0  0.8474       0.0763        0.1470    -0.0979   0.8291        0.4444        0.1338        0.1129        0.2192        0.3107        0.1063         0.2891         0.1660      0.3507
      0.150    0.1  0.8505       0.1588        0.1799    -0.0037   0.8266        0.4444        0.1472        0.1183        0.2100        0.2973        0.0918         0.2958         0.1642      0.3566
      0.025    1.0  0.8488       0.1184        0.1630    -0.0705   0.8328        0.4444        0.1388        0.1075        0.2078        0.3056        0.1002         0.2916         0.1576      0.3580
      1.000    0.5  0.8476       0.0562        0.1571    -0.1051   0.8309        0.4444        0.1388        0.1075        0.2123        0.3056        0.1048         0.2916         0.1599      0.3589
      0.100   10.0  0.8489       0.0730        0.1487    -0.0972   0.8290        0.4444        0.1505        0.1129        0.2032        0.2939        0.0903         0.2975         0.1580      0.3632
      1.500    1.0  0.8434       0.1487        0.1849     0.0181   0.8275        0.4444        0.1472        0.1022        0.2146        0.2973        0.1125         0.2958         0.1584      0.3722
      0.025   10.0  0.8512       0.0376        0.1294    -0.1303   0.8269        0.4444        0.1488        0.1022        0.2146        0.2956        0.1125         0.2966         0.1584      0.3738
      0.250    0.5  0.8480       0.0663        0.1521    -0.1098   0.8255        0.4444        0.1522        0.0968        0.2169        0.2923        0.1201         0.2983         0.1568      0.3824
      0.150    0.5  0.8477       0.0746        0.1479    -0.0939   0.8312        0.4815        0.1388        0.1129        0.2078        0.3427        0.0949         0.3101         0.1603      0.4182
      0.050   10.0  0.8423       0.0663        0.1521    -0.0956   0.8286        0.4815        0.1405        0.1129        0.2123        0.3410        0.0994         0.3110         0.1626      0.4207
      0.150    3.0  0.8503       0.0376        0.1294    -0.1298   0.8228        0.4815        0.1455        0.1183        0.2192        0.3360        0.1009         0.3135         0.1687      0.4220
      0.400   10.0  0.8588       0.0443        0.1260    -0.1461   0.8260        0.4815        0.1421        0.1129        0.2169        0.3393        0.1040         0.3118         0.1649      0.4233
      1.500    0.5  0.8461       0.0663        0.1521    -0.1020   0.8299        0.4815        0.1371        0.1022        0.2169        0.3444        0.1147         0.3093         0.1595      0.4283
      1.500    0.1  0.8515       0.0746        0.1479    -0.1118   0.8243        0.4815        0.1488        0.1129        0.2146        0.3327        0.1017         0.3152         0.1638      0.4292
      0.250    0.1  0.8472       0.0713        0.1495    -0.0991   0.8293        0.4815        0.1388        0.1022        0.2169        0.3427        0.1147         0.3101         0.1595      0.4299
      0.250    3.0  0.8513       0.0696        0.1504    -0.1063   0.8268        0.4815        0.1522        0.1129        0.2055        0.3293        0.0926         0.3168         0.1592      0.4304
      0.600    3.0  0.8366       0.0596        0.1554    -0.0876   0.8227        0.4815        0.1505        0.1129        0.2169        0.3310        0.1040         0.3160         0.1649      0.4312
      0.100    3.0  0.8491       0.1100        0.1672    -0.0483   0.8255        0.4815        0.1505        0.1075        0.2123        0.3310        0.1048         0.3160         0.1599      0.4352
      1.500   10.0  0.8494       0.0629        0.1537    -0.1111   0.8329        0.4815        0.1438        0.0968        0.2055        0.3377        0.1087         0.3126         0.1511      0.4372
      0.600   10.0  0.8550       0.0830        0.1437    -0.1069   0.8229        0.4815        0.1572        0.1075        0.2123        0.3243        0.1048         0.3193         0.1599      0.4415
      0.600    0.1  0.8562       0.1133        0.1655    -0.0597   0.8223        0.4815        0.1538        0.1022        0.2192        0.3276        0.1170         0.3177         0.1607      0.4447
      0.050    3.0  0.8472       0.0713        0.1495    -0.1059   0.8333        0.4815        0.1405        0.0860        0.2123        0.3410        0.1263         0.3110         0.1492      0.4453
      0.250    1.0  0.8517       0.1184        0.1630    -0.0612   0.8274        0.4815        0.1505        0.0914        0.2146        0.3310        0.1232         0.3160         0.1530      0.4504
      0.400    0.5  0.8484       0.0309        0.1327    -0.1374   0.8301        0.5185        0.1421        0.1129        0.2055        0.3764        0.0926         0.3303         0.1592      0.4861
      0.150    1.0  0.8436       0.1353        0.1916     0.0174   0.8264        0.5185        0.1371        0.1075        0.2215        0.3814        0.1139         0.3278         0.1645      0.4895

=== TOP 5 BY VAL SCORE (model-selection honest) ===
 lambda_adv  adv_c  val_f1  val_FPR_gap  val_mean_FPR  val_score  test_f1  test_AAE_FPR  test_SAE_FPR  test_AAE_FNR  test_SAE_FNR  test_FPR_gap  test_FNR_gap  test_mean_FPR  test_mean_FNR  test_score
      0.400   10.0  0.8588       0.0443        0.1260    -0.1461   0.8260        0.4815        0.1421        0.1129        0.2169        0.3393        0.1040         0.3118         0.1649      0.4233
      0.025    3.0  0.8519       0.0393        0.1285    -0.1393   0.8269        0.3704        0.1522        0.0968        0.2169        0.2182        0.1201         0.2613         0.1568      0.2521
      0.400    0.5  0.8484       0.0309        0.1327    -0.1374   0.8301        0.5185        0.1421        0.1129        0.2055        0.3764        0.0926         0.3303         0.1592      0.4861
      0.050    0.5  0.8519       0.0393        0.1285    -0.1348   0.8304        0.3333        0.1522        0.1022        0.2078        0.1812        0.1056         0.2428         0.1550      0.1801
      1.000   10.0  0.8482       0.0326        0.1319    -0.1346   0.8345        0.3704        0.1472        0.1022        0.2009        0.2232        0.0988         0.2588         0.1515      0.2391

=== TOP 5 BY VAL FPR_GAP ===
 lambda_adv  adv_c  val_f1  val_FPR_gap  val_mean_FPR  val_score  test_f1  test_AAE_FPR  test_SAE_FPR  test_AAE_FNR  test_SAE_FNR  test_FPR_gap  test_FNR_gap  test_mean_FPR  test_mean_FNR  test_score
      0.400    0.5  0.8484       0.0309        0.1327    -0.1374   0.8301        0.5185        0.1421        0.1129        0.2055        0.3764        0.0926         0.3303         0.1592      0.4861
      1.000   10.0  0.8482       0.0326        0.1319    -0.1346   0.8345        0.3704        0.1472        0.1022        0.2009        0.2232        0.0988         0.2588         0.1515      0.2391
      0.150    3.0  0.8503       0.0376        0.1294    -0.1298   0.8228        0.4815        0.1455        0.1183        0.2192        0.3360        0.1009         0.3135         0.1687      0.4220
      0.025   10.0  0.8512       0.0376        0.1294    -0.1303   0.8269        0.4444        0.1488        0.1022        0.2146        0.2956        0.1125         0.2966         0.1584      0.3738
      0.050    0.5  0.8519       0.0393        0.1285    -0.1348   0.8304        0.3333        0.1522        0.1022        0.2078        0.1812        0.1056         0.2428         0.1550      0.1801

=== TOP 5 BY VAL F1 ===
 lambda_adv  adv_c  val_f1  val_FPR_gap  val_mean_FPR  val_score  test_f1  test_AAE_FPR  test_SAE_FPR  test_AAE_FNR  test_SAE_FNR  test_FPR_gap  test_FNR_gap  test_mean_FPR  test_mean_FNR  test_score
        0.4   10.0  0.8588       0.0443        0.1260    -0.1461   0.8260        0.4815        0.1421        0.1129        0.2169        0.3393        0.1040         0.3118         0.1649      0.4233
        0.6    0.1  0.8562       0.1133        0.1655    -0.0597   0.8223        0.4815        0.1538        0.1022        0.2192        0.3276        0.1170         0.3177         0.1607      0.4447
        0.1    1.0  0.8560       0.1150        0.1647    -0.0393   0.8278        0.3333        0.1421        0.1075        0.2215        0.1912        0.1139         0.2377         0.1645      0.1685
        1.0    0.1  0.8557       0.0527        0.1218    -0.1310   0.8254        0.3704        0.1438        0.1022        0.2260        0.2266        0.1239         0.2571         0.1641      0.2411
        0.6   10.0  0.8550       0.0830        0.1437    -0.1069   0.8229        0.4815        0.1572        0.1075        0.2123        0.3243        0.1048         0.3193         0.1599      0.4415

>>> BEST by val_score: lambda=0.4 adv_c=10.0
    test F1=0.8260  mean_FPR=0.3118
    AAE FPR=0.4815  SAE FPR=0.1421
    AAE FNR=0.1129  SAE FNR=0.2169
