==========================================
SLURM_JOB_ID = 8158761
SLURM_JOB_NODELIST = e21-15
TMPDIR = /tmp/SLURM_8158761
==========================================
==============================================
Array task: 5   Node: e21-15.hpc.usc.edu   Start: Sat Apr 18 12:13:59 PDT 2026
==============================================
Running lambda=0.25  adv_c=0.1,0.5,1.0,3.0,10.0  ratios=none,0.85,0.90,0.93,0.95,0.97,0.99 (EO + projection)
==============================================
Train=5828 Val=1249 Test=1249  Tag=lam_0.25
Config: EO adversary on margin, projection=True, reweighting=FALSE, warmup=5
Grid: 5 cells x 7 ratios = 35 rows
  [ 1/5] lam=0.250 c=0.10 ratio= none  t=(0.50,0.50)  val_f1=0.8435 val_gap=0.0259  test_f1=0.8293 test_gap=0.1761
  [ 1/5] lam=0.250 c=0.10 ratio= 0.85  t=(0.75,0.52)  val_f1=0.8217 val_gap=0.0006  test_f1=0.8100 test_gap=0.0007
  [ 1/5] lam=0.250 c=0.10 ratio= 0.90  t=(0.75,0.52)  val_f1=0.8217 val_gap=0.0006  test_f1=0.8100 test_gap=0.0007
  [ 1/5] lam=0.250 c=0.10 ratio= 0.93  t=(0.75,0.52)  val_f1=0.8217 val_gap=0.0006  test_f1=0.8100 test_gap=0.0007
  [ 1/5] lam=0.250 c=0.10 ratio= 0.95  t=(0.75,0.52)  val_f1=0.8217 val_gap=0.0006  test_f1=0.8100 test_gap=0.0007
  [ 1/5] lam=0.250 c=0.10 ratio= 0.97  t=(0.75,0.52)  val_f1=0.8217 val_gap=0.0006  test_f1=0.8100 test_gap=0.0007
  [ 1/5] lam=0.250 c=0.10 ratio= 0.99  t=(0.41,0.33)  val_f1=0.8431 val_gap=0.0011  test_f1=0.8123 test_gap=0.2696
  [ 2/5] lam=0.250 c=0.50 ratio= none  t=(0.50,0.50)  val_f1=0.8436 val_gap=0.0966  test_f1=0.8285 test_gap=0.3243
  [ 2/5] lam=0.250 c=0.50 ratio= 0.85  t=(0.85,0.72)  val_f1=0.7610 val_gap=0.0002  test_f1=0.7739 test_gap=0.0829
  [ 2/5] lam=0.250 c=0.50 ratio= 0.90  t=(0.85,0.72)  val_f1=0.7610 val_gap=0.0002  test_f1=0.7739 test_gap=0.0829
  [ 2/5] lam=0.250 c=0.50 ratio= 0.93  t=(0.77,0.61)  val_f1=0.8218 val_gap=0.0004  test_f1=0.8062 test_gap=0.0832
  [ 2/5] lam=0.250 c=0.50 ratio= 0.95  t=(0.77,0.61)  val_f1=0.8218 val_gap=0.0004  test_f1=0.8062 test_gap=0.0832
  [ 2/5] lam=0.250 c=0.50 ratio= 0.97  t=(0.77,0.61)  val_f1=0.8218 val_gap=0.0004  test_f1=0.8062 test_gap=0.0832
  [ 2/5] lam=0.250 c=0.50 ratio= 0.99  t=(0.57,0.52)  val_f1=0.8453 val_gap=0.0006  test_f1=0.8284 test_gap=0.2316
  [ 3/5] lam=0.250 c=1.00 ratio= none  t=(0.50,0.50)  val_f1=0.8383 val_gap=0.0612  test_f1=0.8312 test_gap=0.1761
  [ 3/5] lam=0.250 c=1.00 ratio= 0.85  t=(0.83,0.75)  val_f1=0.7514 val_gap=0.0002  test_f1=0.7587 test_gap=0.0930
  [ 3/5] lam=0.250 c=1.00 ratio= 0.90  t=(0.39,0.33)  val_f1=0.8415 val_gap=0.0006  test_f1=0.8093 test_gap=0.2225
  [ 3/5] lam=0.250 c=1.00 ratio= 0.93  t=(0.39,0.33)  val_f1=0.8415 val_gap=0.0006  test_f1=0.8093 test_gap=0.2225
  [ 3/5] lam=0.250 c=1.00 ratio= 0.95  t=(0.39,0.33)  val_f1=0.8415 val_gap=0.0006  test_f1=0.8093 test_gap=0.2225
  [ 3/5] lam=0.250 c=1.00 ratio= 0.97  t=(0.39,0.33)  val_f1=0.8415 val_gap=0.0006  test_f1=0.8093 test_gap=0.2225
  [ 3/5] lam=0.250 c=1.00 ratio= 0.99  t=(0.39,0.33)  val_f1=0.8415 val_gap=0.0006  test_f1=0.8093 test_gap=0.2225
  [ 4/5] lam=0.250 c=3.00 ratio= none  t=(0.50,0.50)  val_f1=0.8503 val_gap=0.0696  test_f1=0.8302 test_gap=0.2149
  [ 4/5] lam=0.250 c=3.00 ratio= 0.85  t=(0.69,0.51)  val_f1=0.8395 val_gap=0.0006  test_f1=0.8226 test_gap=0.0330
  [ 4/5] lam=0.250 c=3.00 ratio= 0.90  t=(0.69,0.51)  val_f1=0.8395 val_gap=0.0006  test_f1=0.8226 test_gap=0.0330
  [ 4/5] lam=0.250 c=3.00 ratio= 0.93  t=(0.69,0.51)  val_f1=0.8395 val_gap=0.0006  test_f1=0.8226 test_gap=0.0330
  [ 4/5] lam=0.250 c=3.00 ratio= 0.95  t=(0.69,0.51)  val_f1=0.8395 val_gap=0.0006  test_f1=0.8226 test_gap=0.0330
  [ 4/5] lam=0.250 c=3.00 ratio= 0.97  t=(0.69,0.51)  val_f1=0.8395 val_gap=0.0006  test_f1=0.8226 test_gap=0.0330
  [ 4/5] lam=0.250 c=3.00 ratio= 0.99  t=(0.49,0.38)  val_f1=0.8419 val_gap=0.0009  test_f1=0.8201 test_gap=0.1363
  [ 5/5] lam=0.250 c=10.00 ratio= none  t=(0.50,0.50)  val_f1=0.8487 val_gap=0.0612  test_f1=0.8305 test_gap=0.2132
  [ 5/5] lam=0.250 c=10.00 ratio= 0.85  t=(0.77,0.52)  val_f1=0.8197 val_gap=0.0006  test_f1=0.8100 test_gap=0.0007
  [ 5/5] lam=0.250 c=10.00 ratio= 0.90  t=(0.77,0.52)  val_f1=0.8197 val_gap=0.0006  test_f1=0.8100 test_gap=0.0007
  [ 5/5] lam=0.250 c=10.00 ratio= 0.93  t=(0.77,0.52)  val_f1=0.8197 val_gap=0.0006  test_f1=0.8100 test_gap=0.0007
  [ 5/5] lam=0.250 c=10.00 ratio= 0.95  t=(0.77,0.52)  val_f1=0.8197 val_gap=0.0006  test_f1=0.8100 test_gap=0.0007
  [ 5/5] lam=0.250 c=10.00 ratio= 0.97  t=(0.41,0.34)  val_f1=0.8413 val_gap=0.0011  test_f1=0.8237 test_gap=0.2189
  [ 5/5] lam=0.250 c=10.00 ratio= 0.99  t=(0.41,0.34)  val_f1=0.8413 val_gap=0.0011  test_f1=0.8237 test_gap=0.2189

Saved: data/results/adv_xgb_eo_grid/lam_0.25_grid.csv  (35 rows)

Task lam_0.25 completed at: Sat Apr 18 12:19:29 PDT 2026
