==========================================
SLURM_JOB_ID = 8158447
SLURM_JOB_NODELIST = d13-02
TMPDIR = /tmp/SLURM_8158447
==========================================
==============================================
Array task: 2   Node: d13-02.hpc.usc.edu   Start: Sat Apr 18 11:11:34 PDT 2026
==============================================
Running lambda=0.05  adv_c grid=0.1,0.5,1.0,3.0,10.0
==============================================
Train=5828 (AAE=993, SAE=4835) Val=1249 Test=1249
Tag: lam_0.05
Config: leaf_adv=True, reweighting=FALSE, threshold_tuning=FALSE, post_processing=NONE (pure adversarial)
Grid: 5 cells  lambda=[0.05]  adv_c=[0.1, 0.5, 1.0, 3.0, 10.0]
  [ 1/5] lam=0.050 c=0.10  val_f1=0.8503 val_FPR_gap=0.0763  test_f1=0.8317 test_FPR_gap=0.2349  (212s)
  [ 2/5] lam=0.050 c=0.50  val_f1=0.8519 val_FPR_gap=0.0393  test_f1=0.8304 test_FPR_gap=0.1812  (153s)
  [ 3/5] lam=0.050 c=1.00  val_f1=0.8548 val_FPR_gap=0.1487  test_f1=0.8293 test_FPR_gap=0.2653  (198s)
  [ 4/5] lam=0.050 c=3.00  val_f1=0.8472 val_FPR_gap=0.0713  test_f1=0.8333 test_FPR_gap=0.3410  (350s)
  [ 5/5] lam=0.050 c=10.00  val_f1=0.8423 val_FPR_gap=0.0663  test_f1=0.8286 test_FPR_gap=0.3410  (544s)

Saved: data/results/adv_xgb_largegrid/lam_0.05_grid.csv

Task lam_0.05 completed at: Sat Apr 18 11:37:26 PDT 2026
