==========================================
SLURM_JOB_ID = 8152118
SLURM_JOB_NODELIST = b11-13
TMPDIR = /tmp/SLURM_8152118
==========================================
==============================================
Adversarial XGBoost with Multi-Technique Debiasing
==============================================
Job ID: 8152118
Node: b11-13.hpc.usc.edu
Start time: Fri Apr 17 22:05:30 PDT 2026
==============================================
Python: /scratch1/aqliang/haluguard-env/bin/python
==============================================

============================================================
Adversarial XGBoost with Multi-Technique Debiasing
============================================================
  Leaf-based adversary:   True
  Sample reweighting:     True
  Threshold tuning:       False
============================================================

Train: 5828 samples (AAE: 993, SAE: 4835)
Val:   1249 samples (AAE: 213, SAE: 1036)
Test:  1249 samples (AAE: 213, SAE: 1036)

Starting adversarial tuning...

