==========================================
SLURM_JOB_ID = 8152191
SLURM_JOB_NODELIST = b11-13
TMPDIR = /tmp/SLURM_8152191
==========================================
==============================================
Adversarial XGBoost with Multi-Technique Debiasing
==============================================
Job ID: 8152191
Node: b11-13.hpc.usc.edu
Start time: Fri Apr 17 22:09:09 PDT 2026
==============================================
Python: /scratch1/aqliang/haluguard-env/bin/python
==============================================

============================================================
Adversarial XGBoost with Multi-Technique Debiasing
============================================================
  Leaf-based adversary:   True
  Sample reweighting:     True
  Threshold tuning:       False
============================================================

Train: 5828 samples (AAE: 993, SAE: 4835)
Val:   1249 samples (AAE: 213, SAE: 1036)
Test:  1249 samples (AAE: 213, SAE: 1036)

Starting adversarial tuning...

lambda=0.000, adv_c=0.500, t_aae=0.50, t_sae=0.50 | val_f1=0.8496, FPR_gap=0.1133, DIunfav=1.9759
lambda=0.000, adv_c=1.000, t_aae=0.50, t_sae=0.50 | val_f1=0.8496, FPR_gap=0.1133, DIunfav=1.9759
lambda=0.000, adv_c=2.000, t_aae=0.50, t_sae=0.50 | val_f1=0.8496, FPR_gap=0.1133, DIunfav=1.9759
lambda=0.050, adv_c=0.500, t_aae=0.50, t_sae=0.50 | val_f1=0.8426, FPR_gap=0.0966, DIunfav=2.0102
lambda=0.050, adv_c=1.000, t_aae=0.50, t_sae=0.50 | val_f1=0.8466, FPR_gap=0.0629, DIunfav=1.9824
lambda=0.050, adv_c=2.000, t_aae=0.50, t_sae=0.50 | val_f1=0.8501, FPR_gap=0.1487, DIunfav=2.1065
lambda=0.100, adv_c=0.500, t_aae=0.50, t_sae=0.50 | val_f1=0.8588, FPR_gap=0.1470, DIunfav=2.0190
lambda=0.100, adv_c=1.000, t_aae=0.50, t_sae=0.50 | val_f1=0.8424, FPR_gap=0.0596, DIunfav=1.9871
lambda=0.100, adv_c=2.000, t_aae=0.50, t_sae=0.50 | val_f1=0.8447, FPR_gap=0.1790, DIunfav=2.0745
lambda=0.250, adv_c=0.500, t_aae=0.50, t_sae=0.50 | val_f1=0.8604, FPR_gap=0.1167, DIunfav=2.0528
lambda=0.250, adv_c=1.000, t_aae=0.50, t_sae=0.50 | val_f1=0.8467, FPR_gap=0.0562, DIunfav=1.9501
lambda=0.250, adv_c=2.000, t_aae=0.50, t_sae=0.50 | val_f1=0.8482, FPR_gap=0.0259, DIunfav=1.9662
lambda=0.500, adv_c=0.500, t_aae=0.50, t_sae=0.50 | val_f1=0.8519, FPR_gap=0.1167, DIunfav=2.0305
lambda=0.500, adv_c=1.000, t_aae=0.50, t_sae=0.50 | val_f1=0.8459, FPR_gap=0.1387, DIunfav=2.0430
lambda=0.500, adv_c=2.000, t_aae=0.50, t_sae=0.50 | val_f1=0.8550, FPR_gap=0.1284, DIunfav=2.0931

Best candidate: {'lambda_adv': 0.25, 'adv_c': 2.0}
Best thresholds: t_aae=0.500, t_sae=0.500

Saved predictions to: data/results/adv_xgb_no_thresh/adv_xgb_predictions.csv
Saved model to: data/results/adv_xgb_no_thresh/adv_xgb_model.json
Saved tuning table to: data/results/adv_xgb_no_thresh/adv_xgb_tuning.csv
Saved history to: data/results/adv_xgb_no_thresh/loss_history.json
Saved thresholds to: data/results/adv_xgb_no_thresh/thresholds.json
Saved summary to: data/results/adv_xgb_no_thresh/adv_xgb_summary.txt

============================================================
FINAL TEST RESULTS
============================================================
Test Accuracy: 0.8343
Test F1:       0.8321
AAE FPR:       0.4444
SAE FPR:       0.1405
FPR Gap:       0.3040
FNR Gap:       0.1156
DIfav:         0.2644
DIunfav:       2.0408
============================================================

==============================================
Job completed at: Fri Apr 17 23:44:45 PDT 2026
Results saved to: data/results/adv_xgb_no_thresh/
==============================================
