==========================================
SLURM_JOB_ID = 8158755
SLURM_JOB_NODELIST = a04-03
TMPDIR = /tmp/SLURM_8158755
==========================================
Saved: data/results/adv_xgb_eo_grid/grid_summary.csv (350 rows)

=== TOP 10 BY VAL SCORE ===
 lambda_adv  adv_c  min_f1_ratio  t_aae  t_sae  val_f1  val_FPR_gap  val_mean_FPR  val_score  test_f1  test_AAE_FPR  test_SAE_FPR  test_AAE_FNR  test_SAE_FNR  test_FPR_gap  test_FNR_gap  test_mean_FPR  test_mean_FNR  test_score
      0.100    0.1          0.99 0.6061 0.4265  0.8502       0.0058        0.1453    -0.1902   0.8292        0.2222        0.1957        0.1290        0.1621        0.0266        0.0331         0.2089         0.1456     -0.0080
      0.150    0.5          0.99 0.6061 0.4429  0.8463       0.0007        0.1478    -0.1803   0.8151        0.2593        0.2040        0.1398        0.1826        0.0552        0.0429         0.2316         0.1612      0.0594
      0.150    0.5          0.90 0.6061 0.4429  0.8463       0.0007        0.1478    -0.1803   0.8151        0.2593        0.2040        0.1398        0.1826        0.0552        0.0429         0.2316         0.1612      0.0594
      0.150    0.5          0.93 0.6061 0.4429  0.8463       0.0007        0.1478    -0.1803   0.8151        0.2593        0.2040        0.1398        0.1826        0.0552        0.0429         0.2316         0.1612      0.0594
      0.150    0.5          0.95 0.6061 0.4429  0.8463       0.0007        0.1478    -0.1803   0.8151        0.2593        0.2040        0.1398        0.1826        0.0552        0.0429         0.2316         0.1612      0.0594
      0.150    0.5          0.97 0.6061 0.4429  0.8463       0.0007        0.1478    -0.1803   0.8151        0.2593        0.2040        0.1398        0.1826        0.0552        0.0429         0.2316         0.1612      0.0594
      0.100    0.5          0.99 0.6061 0.4265  0.8508       0.0043        0.1503    -0.1765   0.8264        0.2593        0.1940        0.1452        0.1621        0.0653        0.0169         0.2266         0.1536      0.0408
      0.025    0.5          0.99 0.5735 0.4265  0.8457       0.0009        0.1486    -0.1745   0.8243        0.2593        0.1923        0.1290        0.1758        0.0670        0.0468         0.2258         0.1524      0.0568
      0.050    1.0          0.99 0.5408 0.4592  0.8507       0.0091        0.1436    -0.1736   0.8285        0.3704        0.1622        0.0968        0.2032        0.2082        0.1064         0.2663         0.1500      0.2588
      0.600    0.1          0.99 0.5571 0.4592  0.8447       0.0009        0.1486    -0.1722   0.8181        0.2963        0.1873        0.1452        0.1872        0.1090        0.0421         0.2418         0.1662      0.1048

=== TOP 10 BY TEST SCORE (oracle) ===
 lambda_adv  adv_c  min_f1_ratio  t_aae  t_sae  val_f1  val_FPR_gap  val_mean_FPR  val_score  test_f1  test_AAE_FPR  test_SAE_FPR  test_AAE_FNR  test_SAE_FNR  test_FPR_gap  test_FNR_gap  test_mean_FPR  test_mean_FNR  test_score
       1.00    0.1          0.97 0.7367 0.5082  0.8224       0.0022        0.1100    -0.1185   0.8190        0.1481        0.1555        0.2097        0.1941        0.0074        0.0156         0.1518         0.2019     -0.1202
       0.25    3.0          0.97 0.6878 0.5082  0.8395       0.0006        0.1108    -0.1567   0.8226        0.1852        0.1522        0.1613        0.2078        0.0330        0.0465         0.1687         0.1845     -0.1027
       0.25    3.0          0.95 0.6878 0.5082  0.8395       0.0006        0.1108    -0.1567   0.8226        0.1852        0.1522        0.1613        0.2078        0.0330        0.0465         0.1687         0.1845     -0.1027
       0.25    3.0          0.93 0.6878 0.5082  0.8395       0.0006        0.1108    -0.1567   0.8226        0.1852        0.1522        0.1613        0.2078        0.0330        0.0465         0.1687         0.1845     -0.1027
       0.25    3.0          0.90 0.6878 0.5082  0.8395       0.0006        0.1108    -0.1567   0.8226        0.1852        0.1522        0.1613        0.2078        0.0330        0.0465         0.1687         0.1845     -0.1027
       0.25    3.0          0.85 0.6878 0.5082  0.8395       0.0006        0.1108    -0.1567   0.8226        0.1852        0.1522        0.1613        0.2078        0.0330        0.0465         0.1687         0.1845     -0.1027
       1.50    3.0          0.90 0.7531 0.5898  0.8166       0.0004        0.0739    -0.1077   0.8083        0.1111        0.1104        0.2473        0.2466        0.0007        0.0007         0.1107         0.2469     -0.1011
       1.50    3.0          0.95 0.7531 0.5898  0.8166       0.0004        0.0739    -0.1077   0.8083        0.1111        0.1104        0.2473        0.2466        0.0007        0.0007         0.1107         0.2469     -0.1011
       1.50    3.0          0.93 0.7531 0.5898  0.8166       0.0004        0.0739    -0.1077   0.8083        0.1111        0.1104        0.2473        0.2466        0.0007        0.0007         0.1107         0.2469     -0.1011
       0.25    0.1          0.85 0.7531 0.5245  0.8217       0.0006        0.1108    -0.1240   0.8100        0.1481        0.1488        0.2312        0.2123        0.0007        0.0189         0.1485         0.2218     -0.0992

=== TOP 10 BY TEST FPR_GAP (F1>=0.80) ===
 lambda_adv  adv_c  min_f1_ratio  t_aae  t_sae  val_f1  val_FPR_gap  val_mean_FPR  val_score  test_f1  test_AAE_FPR  test_SAE_FPR  test_AAE_FNR  test_SAE_FNR  test_FPR_gap  test_FNR_gap  test_mean_FPR  test_mean_FNR  test_score
       0.25    0.1          0.85 0.7531 0.5245  0.8217       0.0006        0.1108    -0.1240   0.8100        0.1481        0.1488        0.2312        0.2123        0.0007        0.0189         0.1485         0.2218     -0.0992
       0.25    0.1          0.90 0.7531 0.5245  0.8217       0.0006        0.1108    -0.1240   0.8100        0.1481        0.1488        0.2312        0.2123        0.0007        0.0189         0.1485         0.2218     -0.0992
       0.25   10.0          0.85 0.7694 0.5245  0.8197       0.0006        0.1108    -0.0746   0.8100        0.1481        0.1488        0.2366        0.2100        0.0007        0.0265         0.1485         0.2233     -0.0938
       0.25    0.1          0.97 0.7531 0.5245  0.8217       0.0006        0.1108    -0.1240   0.8100        0.1481        0.1488        0.2312        0.2123        0.0007        0.0189         0.1485         0.2218     -0.0992
       0.25   10.0          0.90 0.7694 0.5245  0.8197       0.0006        0.1108    -0.0746   0.8100        0.1481        0.1488        0.2366        0.2100        0.0007        0.0265         0.1485         0.2233     -0.0938
       0.25    0.1          0.93 0.7531 0.5245  0.8217       0.0006        0.1108    -0.1240   0.8100        0.1481        0.1488        0.2312        0.2123        0.0007        0.0189         0.1485         0.2218     -0.0992
       0.25    0.1          0.95 0.7531 0.5245  0.8217       0.0006        0.1108    -0.1240   0.8100        0.1481        0.1488        0.2312        0.2123        0.0007        0.0189         0.1485         0.2218     -0.0992
       0.25   10.0          0.93 0.7694 0.5245  0.8197       0.0006        0.1108    -0.0746   0.8100        0.1481        0.1488        0.2366        0.2100        0.0007        0.0265         0.1485         0.2233     -0.0938
       0.25   10.0          0.95 0.7694 0.5245  0.8197       0.0006        0.1108    -0.0746   0.8100        0.1481        0.1488        0.2366        0.2100        0.0007        0.0265         0.1485         0.2233     -0.0938
       0.40    3.0          0.85 0.8020 0.6061  0.8021       0.0013        0.0747    -0.0829   0.8041        0.1111        0.1104        0.2581        0.2511        0.0007        0.0069         0.1107         0.2546     -0.0883

=== TOP 10 BY TEST mean_FPR (F1>=0.80) ===
 lambda_adv  adv_c  min_f1_ratio  t_aae  t_sae  val_f1  val_FPR_gap  val_mean_FPR  val_score  test_f1  test_AAE_FPR  test_SAE_FPR  test_AAE_FNR  test_SAE_FNR  test_FPR_gap  test_FNR_gap  test_mean_FPR  test_mean_FNR  test_score
        1.5    0.1          0.95 0.8020 0.5898  0.8060       0.0004        0.0739    -0.0487   0.8031        0.0741        0.1120        0.2688        0.2489        0.0380        0.0200         0.0931         0.2588     -0.0672
        1.5    0.1          0.93 0.8020 0.5898  0.8060       0.0004        0.0739    -0.0487   0.8031        0.0741        0.1120        0.2688        0.2489        0.0380        0.0200         0.0931         0.2588     -0.0672
        1.5    0.1          0.85 0.8020 0.5898  0.8060       0.0004        0.0739    -0.0487   0.8031        0.0741        0.1120        0.2688        0.2489        0.0380        0.0200         0.0931         0.2588     -0.0672
        1.5    0.1          0.90 0.8020 0.5898  0.8060       0.0004        0.0739    -0.0487   0.8031        0.0741        0.1120        0.2688        0.2489        0.0380        0.0200         0.0931         0.2588     -0.0672
        0.4    3.0          0.90 0.8020 0.6061  0.8021       0.0013        0.0747    -0.0829   0.8041        0.1111        0.1104        0.2581        0.2511        0.0007        0.0069         0.1107         0.2546     -0.0883
        0.4    3.0          0.85 0.8020 0.6061  0.8021       0.0013        0.0747    -0.0829   0.8041        0.1111        0.1104        0.2581        0.2511        0.0007        0.0069         0.1107         0.2546     -0.0883
        1.5    3.0          0.95 0.7531 0.5898  0.8166       0.0004        0.0739    -0.1077   0.8083        0.1111        0.1104        0.2473        0.2466        0.0007        0.0007         0.1107         0.2469     -0.1011
        1.5    3.0          0.93 0.7531 0.5898  0.8166       0.0004        0.0739    -0.1077   0.8083        0.1111        0.1104        0.2473        0.2466        0.0007        0.0007         0.1107         0.2469     -0.1011
        0.4    3.0          0.93 0.8020 0.6061  0.8021       0.0013        0.0747    -0.0829   0.8041        0.1111        0.1104        0.2581        0.2511        0.0007        0.0069         0.1107         0.2546     -0.0883
        1.5    3.0          0.90 0.7531 0.5898  0.8166       0.0004        0.0739    -0.1077   0.8083        0.1111        0.1104        0.2473        0.2466        0.0007        0.0007         0.1107         0.2469     -0.1011

>>> BEST by val_score: lam=0.1 c=0.1 ratio=0.99  t=(0.606,0.427)
    test F1=0.8292 mean_FPR=0.2089 gap=0.0266
    AAE_FPR=0.2222 SAE_FPR=0.1957 AAE_FNR=0.1290 SAE_FNR=0.1621

>>> ORACLE BEST by test_score: lam=1.0 c=0.1 ratio=0.97  t=(0.737,0.508)
    test F1=0.8190 mean_FPR=0.1518 gap=0.0074
    AAE_FPR=0.1481 SAE_FPR=0.1555 AAE_FNR=0.2097 SAE_FNR=0.1941
