==========================================
SLURM_JOB_ID = 8521528
SLURM_JOB_NODELIST = e22-02
TMPDIR = /tmp/SLURM_8521528
==========================================
==============================================
Array task: 8   Node: e22-02.hpc.usc.edu   Start: Sun May  3 14:41:42 PDT 2026
==============================================
Running lambda=1.0  adv_c=0.1,0.5,1.0,3.0,10.0  ratios=none,0.85,0.90,0.93,0.95,0.97,0.99 (EO + projection, unbalanced TwitterAAE)
==============================================
Train=17348 Val=3717 Test=3718  Tag=lam_1.0
Config: EO adversary on margin, projection=True, reweighting=FALSE, warmup=5
Grid: 5 cells x 7 ratios = 35 rows
  [ 1/5] lam=1.000 c=0.10 ratio= none  t=(0.50,0.50)  val_f1=0.9326 val_gap=0.3562  test_f1=0.9331 test_gap=0.2477
  [ 1/5] lam=1.000 c=0.10 ratio= 0.85  t=(0.56,0.18)  val_f1=0.9207 val_gap=0.0007  test_f1=0.9190 test_gap=0.1021
  [ 1/5] lam=1.000 c=0.10 ratio= 0.90  t=(0.56,0.18)  val_f1=0.9207 val_gap=0.0007  test_f1=0.9190 test_gap=0.1021
  [ 1/5] lam=1.000 c=0.10 ratio= 0.93  t=(0.56,0.18)  val_f1=0.9207 val_gap=0.0007  test_f1=0.9190 test_gap=0.1021
  [ 1/5] lam=1.000 c=0.10 ratio= 0.95  t=(0.56,0.18)  val_f1=0.9207 val_gap=0.0007  test_f1=0.9190 test_gap=0.1021
  [ 1/5] lam=1.000 c=0.10 ratio= 0.97  t=(0.56,0.18)  val_f1=0.9207 val_gap=0.0007  test_f1=0.9190 test_gap=0.1021
  [ 1/5] lam=1.000 c=0.10 ratio= 0.99  t=(0.77,0.44)  val_f1=0.9260 val_gap=0.0030  test_f1=0.9248 test_gap=0.1475
  [ 2/5] lam=1.000 c=0.50 ratio= none  t=(0.50,0.50)  val_f1=0.9339 val_gap=0.4117  test_f1=0.9334 test_gap=0.2006
  [ 2/5] lam=1.000 c=0.50 ratio= 0.85  t=(0.57,0.12)  val_f1=0.9146 val_gap=0.0011  test_f1=0.9143 test_gap=0.2027
  [ 2/5] lam=1.000 c=0.50 ratio= 0.90  t=(0.57,0.12)  val_f1=0.9146 val_gap=0.0011  test_f1=0.9143 test_gap=0.2027
  [ 2/5] lam=1.000 c=0.50 ratio= 0.93  t=(0.57,0.12)  val_f1=0.9146 val_gap=0.0011  test_f1=0.9143 test_gap=0.2027
  [ 2/5] lam=1.000 c=0.50 ratio= 0.95  t=(0.57,0.12)  val_f1=0.9146 val_gap=0.0011  test_f1=0.9143 test_gap=0.2027
  [ 2/5] lam=1.000 c=0.50 ratio= 0.97  t=(0.57,0.12)  val_f1=0.9146 val_gap=0.0011  test_f1=0.9143 test_gap=0.2027
  [ 2/5] lam=1.000 c=0.50 ratio= 0.99  t=(0.64,0.31)  val_f1=0.9267 val_gap=0.0019  test_f1=0.9259 test_gap=0.0457
  [ 3/5] lam=1.000 c=1.00 ratio= none  t=(0.50,0.50)  val_f1=0.9348 val_gap=0.3393  test_f1=0.9314 test_gap=0.2310
  [ 3/5] lam=1.000 c=1.00 ratio= 0.85  t=(0.85,0.66)  val_f1=0.9225 val_gap=0.0002  test_f1=0.9182 test_gap=0.0530
  [ 3/5] lam=1.000 c=1.00 ratio= 0.90  t=(0.85,0.66)  val_f1=0.9225 val_gap=0.0002  test_f1=0.9182 test_gap=0.0530
  [ 3/5] lam=1.000 c=1.00 ratio= 0.93  t=(0.85,0.66)  val_f1=0.9225 val_gap=0.0002  test_f1=0.9182 test_gap=0.0530
  [ 3/5] lam=1.000 c=1.00 ratio= 0.95  t=(0.85,0.66)  val_f1=0.9225 val_gap=0.0002  test_f1=0.9182 test_gap=0.0530
  [ 3/5] lam=1.000 c=1.00 ratio= 0.97  t=(0.85,0.66)  val_f1=0.9225 val_gap=0.0002  test_f1=0.9182 test_gap=0.0530
  [ 3/5] lam=1.000 c=1.00 ratio= 0.99  t=(0.82,0.57)  val_f1=0.9273 val_gap=0.0006  test_f1=0.9251 test_gap=0.0945
  [ 4/5] lam=1.000 c=3.00 ratio= none  t=(0.50,0.50)  val_f1=0.9335 val_gap=0.3730  test_f1=0.9327 test_gap=0.2326
  [ 4/5] lam=1.000 c=3.00 ratio= 0.85  t=(0.54,0.18)  val_f1=0.9201 val_gap=0.0009  test_f1=0.9183 test_gap=0.0600
  [ 4/5] lam=1.000 c=3.00 ratio= 0.90  t=(0.54,0.18)  val_f1=0.9201 val_gap=0.0009  test_f1=0.9183 test_gap=0.0600
  [ 4/5] lam=1.000 c=3.00 ratio= 0.93  t=(0.54,0.18)  val_f1=0.9201 val_gap=0.0009  test_f1=0.9183 test_gap=0.0600
  [ 4/5] lam=1.000 c=3.00 ratio= 0.95  t=(0.54,0.18)  val_f1=0.9201 val_gap=0.0009  test_f1=0.9183 test_gap=0.0600
  [ 4/5] lam=1.000 c=3.00 ratio= 0.97  t=(0.54,0.18)  val_f1=0.9201 val_gap=0.0009  test_f1=0.9183 test_gap=0.0600
  [ 4/5] lam=1.000 c=3.00 ratio= 0.99  t=(0.67,0.34)  val_f1=0.9267 val_gap=0.0034  test_f1=0.9259 test_gap=0.0206
  [ 5/5] lam=1.000 c=10.00 ratio= none  t=(0.50,0.50)  val_f1=0.9335 val_gap=0.3747  test_f1=0.9346 test_gap=0.1769
  [ 5/5] lam=1.000 c=10.00 ratio= 0.85  t=(0.69,0.30)  val_f1=0.9256 val_gap=0.0002  test_f1=0.9258 test_gap=0.1298
  [ 5/5] lam=1.000 c=10.00 ratio= 0.90  t=(0.69,0.30)  val_f1=0.9256 val_gap=0.0002  test_f1=0.9258 test_gap=0.1298
  [ 5/5] lam=1.000 c=10.00 ratio= 0.93  t=(0.69,0.30)  val_f1=0.9256 val_gap=0.0002  test_f1=0.9258 test_gap=0.1298
  [ 5/5] lam=1.000 c=10.00 ratio= 0.95  t=(0.69,0.30)  val_f1=0.9256 val_gap=0.0002  test_f1=0.9258 test_gap=0.1298
  [ 5/5] lam=1.000 c=10.00 ratio= 0.97  t=(0.69,0.30)  val_f1=0.9256 val_gap=0.0002  test_f1=0.9258 test_gap=0.1298
  [ 5/5] lam=1.000 c=10.00 ratio= 0.99  t=(0.69,0.30)  val_f1=0.9256 val_gap=0.0002  test_f1=0.9258 test_gap=0.1298

Saved: data/results/adv_xgb_eo_grid_unbalanced/lam_1.0_grid.csv  (35 rows)

Task lam_1.0 completed at: Sun May  3 14:50:36 PDT 2026
