==========================================
SLURM_JOB_ID = 8158764
SLURM_JOB_NODELIST = e21-03
TMPDIR = /tmp/SLURM_8158764
==========================================
==============================================
Array task: 8   Node: e21-03.hpc.usc.edu   Start: Sat Apr 18 12:13:58 PDT 2026
==============================================
Running lambda=1.0  adv_c=0.1,0.5,1.0,3.0,10.0  ratios=none,0.85,0.90,0.93,0.95,0.97,0.99 (EO + projection)
==============================================
Train=5828 Val=1249 Test=1249  Tag=lam_1.0
Config: EO adversary on margin, projection=True, reweighting=FALSE, warmup=5
Grid: 5 cells x 7 ratios = 35 rows
  [ 1/5] lam=1.000 c=0.10 ratio= none  t=(0.50,0.50)  val_f1=0.8474 val_gap=0.0376  test_f1=0.8279 test_gap=0.2839
  [ 1/5] lam=1.000 c=0.10 ratio= 0.85  t=(0.75,0.59)  val_f1=0.8218 val_gap=0.0004  test_f1=0.8116 test_gap=0.0378
  [ 1/5] lam=1.000 c=0.10 ratio= 0.90  t=(0.75,0.59)  val_f1=0.8218 val_gap=0.0004  test_f1=0.8116 test_gap=0.0378
  [ 1/5] lam=1.000 c=0.10 ratio= 0.93  t=(0.75,0.59)  val_f1=0.8218 val_gap=0.0004  test_f1=0.8116 test_gap=0.0378
  [ 1/5] lam=1.000 c=0.10 ratio= 0.95  t=(0.75,0.59)  val_f1=0.8218 val_gap=0.0004  test_f1=0.8116 test_gap=0.0378
  [ 1/5] lam=1.000 c=0.10 ratio= 0.97  t=(0.74,0.51)  val_f1=0.8224 val_gap=0.0022  test_f1=0.8190 test_gap=0.0074
  [ 1/5] lam=1.000 c=0.10 ratio= 0.99  t=(0.49,0.43)  val_f1=0.8542 val_gap=0.0026  test_f1=0.8154 test_gap=0.2254
  [ 2/5] lam=1.000 c=0.50 ratio= none  t=(0.50,0.50)  val_f1=0.8470 val_gap=0.0342  test_f1=0.8307 test_gap=0.1678
  [ 2/5] lam=1.000 c=0.50 ratio= 0.85  t=(0.80,0.70)  val_f1=0.7824 val_gap=0.0015  test_f1=0.7818 test_gap=0.0779
  [ 2/5] lam=1.000 c=0.50 ratio= 0.90  t=(0.80,0.70)  val_f1=0.7824 val_gap=0.0015  test_f1=0.7818 test_gap=0.0779
  [ 2/5] lam=1.000 c=0.50 ratio= 0.93  t=(0.72,0.51)  val_f1=0.8254 val_gap=0.0022  test_f1=0.8112 test_gap=0.0263
  [ 2/5] lam=1.000 c=0.50 ratio= 0.95  t=(0.72,0.51)  val_f1=0.8254 val_gap=0.0022  test_f1=0.8112 test_gap=0.0263
  [ 2/5] lam=1.000 c=0.50 ratio= 0.97  t=(0.72,0.51)  val_f1=0.8254 val_gap=0.0022  test_f1=0.8112 test_gap=0.0263
  [ 2/5] lam=1.000 c=0.50 ratio= 0.99  t=(0.49,0.43)  val_f1=0.8524 val_gap=0.0026  test_f1=0.8170 test_gap=0.1496
  [ 3/5] lam=1.000 c=1.00 ratio= none  t=(0.50,0.50)  val_f1=0.8482 val_gap=0.0713  test_f1=0.8252 test_gap=0.1778
  [ 3/5] lam=1.000 c=1.00 ratio= 0.85  t=(0.72,0.59)  val_f1=0.8200 val_gap=0.0013  test_f1=0.8178 test_gap=0.0815
  [ 3/5] lam=1.000 c=1.00 ratio= 0.90  t=(0.72,0.59)  val_f1=0.8200 val_gap=0.0013  test_f1=0.8178 test_gap=0.0815
  [ 3/5] lam=1.000 c=1.00 ratio= 0.93  t=(0.72,0.59)  val_f1=0.8200 val_gap=0.0013  test_f1=0.8178 test_gap=0.0815
  [ 3/5] lam=1.000 c=1.00 ratio= 0.95  t=(0.72,0.59)  val_f1=0.8200 val_gap=0.0013  test_f1=0.8178 test_gap=0.0815
  [ 3/5] lam=1.000 c=1.00 ratio= 0.97  t=(0.33,0.26)  val_f1=0.8309 val_gap=0.0015  test_f1=0.8093 test_gap=0.2818
  [ 3/5] lam=1.000 c=1.00 ratio= 0.99  t=(0.57,0.44)  val_f1=0.8413 val_gap=0.0026  test_f1=0.8166 test_gap=0.0519
  [ 4/5] lam=1.000 c=3.00 ratio= none  t=(0.50,0.50)  val_f1=0.8462 val_gap=0.1370  test_f1=0.8180 test_gap=0.1981
  [ 4/5] lam=1.000 c=3.00 ratio= 0.85  t=(0.80,0.59)  val_f1=0.8155 val_gap=0.0004  test_f1=0.8007 test_gap=0.0311
  [ 4/5] lam=1.000 c=3.00 ratio= 0.90  t=(0.80,0.59)  val_f1=0.8155 val_gap=0.0004  test_f1=0.8007 test_gap=0.0311
  [ 4/5] lam=1.000 c=3.00 ratio= 0.93  t=(0.80,0.59)  val_f1=0.8155 val_gap=0.0004  test_f1=0.8007 test_gap=0.0311
  [ 4/5] lam=1.000 c=3.00 ratio= 0.95  t=(0.80,0.59)  val_f1=0.8155 val_gap=0.0004  test_f1=0.8007 test_gap=0.0311
  [ 4/5] lam=1.000 c=3.00 ratio= 0.97  t=(0.31,0.28)  val_f1=0.8263 val_gap=0.0019  test_f1=0.8079 test_gap=0.2902
  [ 4/5] lam=1.000 c=3.00 ratio= 0.99  t=(0.54,0.46)  val_f1=0.8412 val_gap=0.0041  test_f1=0.8167 test_gap=0.0956
  [ 5/5] lam=1.000 c=10.00 ratio= none  t=(0.50,0.50)  val_f1=0.8462 val_gap=0.0596  test_f1=0.8283 test_gap=0.2098
  [ 5/5] lam=1.000 c=10.00 ratio= 0.85  t=(0.80,0.70)  val_f1=0.7727 val_gap=0.0002  test_f1=0.7830 test_gap=0.0729
  [ 5/5] lam=1.000 c=10.00 ratio= 0.90  t=(0.80,0.70)  val_f1=0.7727 val_gap=0.0002  test_f1=0.7830 test_gap=0.0729
  [ 5/5] lam=1.000 c=10.00 ratio= 0.93  t=(0.75,0.52)  val_f1=0.8277 val_gap=0.0006  test_f1=0.8070 test_gap=0.0430
  [ 5/5] lam=1.000 c=10.00 ratio= 0.95  t=(0.75,0.52)  val_f1=0.8277 val_gap=0.0006  test_f1=0.8070 test_gap=0.0430
  [ 5/5] lam=1.000 c=10.00 ratio= 0.97  t=(0.75,0.52)  val_f1=0.8277 val_gap=0.0006  test_f1=0.8070 test_gap=0.0430
  [ 5/5] lam=1.000 c=10.00 ratio= 0.99  t=(0.54,0.46)  val_f1=0.8413 val_gap=0.0026  test_f1=0.8237 test_gap=0.1090

Saved: data/results/adv_xgb_eo_grid/lam_1.0_grid.csv  (35 rows)

Task lam_1.0 completed at: Sat Apr 18 12:19:25 PDT 2026
