==========================================
SLURM_JOB_ID = 8521520
SLURM_JOB_NODELIST = e22-16
TMPDIR = /tmp/SLURM_8521520
==========================================
==============================================
Array task: 0   Node: e22-16.hpc.usc.edu   Start: Sun May  3 14:41:42 PDT 2026
==============================================
Running lambda=0.0  adv_c=0.1,0.5,1.0,3.0,10.0  ratios=none,0.85,0.90,0.93,0.95,0.97,0.99 (EO + projection, unbalanced TwitterAAE)
==============================================
Train=17348 Val=3717 Test=3718  Tag=lam_0.0
Config: EO adversary on margin, projection=True, reweighting=FALSE, warmup=5
Grid: 5 cells x 7 ratios = 35 rows
  [ 1/5] lam=0.000 c=0.10 ratio= none  t=(0.50,0.50)  val_f1=0.9327 val_gap=0.4217  test_f1=0.9357 test_gap=0.2828
  [ 1/5] lam=0.000 c=0.10 ratio= 0.85  t=(0.62,0.30)  val_f1=0.9266 val_gap=0.0002  test_f1=0.9270 test_gap=0.0390
  [ 1/5] lam=0.000 c=0.10 ratio= 0.90  t=(0.62,0.30)  val_f1=0.9266 val_gap=0.0002  test_f1=0.9270 test_gap=0.0390
  [ 1/5] lam=0.000 c=0.10 ratio= 0.93  t=(0.62,0.30)  val_f1=0.9266 val_gap=0.0002  test_f1=0.9270 test_gap=0.0390
  [ 1/5] lam=0.000 c=0.10 ratio= 0.95  t=(0.62,0.30)  val_f1=0.9266 val_gap=0.0002  test_f1=0.9270 test_gap=0.0390
  [ 1/5] lam=0.000 c=0.10 ratio= 0.97  t=(0.62,0.30)  val_f1=0.9266 val_gap=0.0002  test_f1=0.9270 test_gap=0.0390
  [ 1/5] lam=0.000 c=0.10 ratio= 0.99  t=(0.62,0.30)  val_f1=0.9266 val_gap=0.0002  test_f1=0.9270 test_gap=0.0390
  [ 2/5] lam=0.000 c=0.50 ratio= none  t=(0.50,0.50)  val_f1=0.9327 val_gap=0.4217  test_f1=0.9357 test_gap=0.2828
  [ 2/5] lam=0.000 c=0.50 ratio= 0.85  t=(0.62,0.30)  val_f1=0.9266 val_gap=0.0002  test_f1=0.9270 test_gap=0.0390
  [ 2/5] lam=0.000 c=0.50 ratio= 0.90  t=(0.62,0.30)  val_f1=0.9266 val_gap=0.0002  test_f1=0.9270 test_gap=0.0390
  [ 2/5] lam=0.000 c=0.50 ratio= 0.93  t=(0.62,0.30)  val_f1=0.9266 val_gap=0.0002  test_f1=0.9270 test_gap=0.0390
  [ 2/5] lam=0.000 c=0.50 ratio= 0.95  t=(0.62,0.30)  val_f1=0.9266 val_gap=0.0002  test_f1=0.9270 test_gap=0.0390
  [ 2/5] lam=0.000 c=0.50 ratio= 0.97  t=(0.62,0.30)  val_f1=0.9266 val_gap=0.0002  test_f1=0.9270 test_gap=0.0390
  [ 2/5] lam=0.000 c=0.50 ratio= 0.99  t=(0.62,0.30)  val_f1=0.9266 val_gap=0.0002  test_f1=0.9270 test_gap=0.0390
  [ 3/5] lam=0.000 c=1.00 ratio= none  t=(0.50,0.50)  val_f1=0.9327 val_gap=0.4217  test_f1=0.9357 test_gap=0.2828
  [ 3/5] lam=0.000 c=1.00 ratio= 0.85  t=(0.62,0.30)  val_f1=0.9266 val_gap=0.0002  test_f1=0.9270 test_gap=0.0390
  [ 3/5] lam=0.000 c=1.00 ratio= 0.90  t=(0.62,0.30)  val_f1=0.9266 val_gap=0.0002  test_f1=0.9270 test_gap=0.0390
  [ 3/5] lam=0.000 c=1.00 ratio= 0.93  t=(0.62,0.30)  val_f1=0.9266 val_gap=0.0002  test_f1=0.9270 test_gap=0.0390
  [ 3/5] lam=0.000 c=1.00 ratio= 0.95  t=(0.62,0.30)  val_f1=0.9266 val_gap=0.0002  test_f1=0.9270 test_gap=0.0390
  [ 3/5] lam=0.000 c=1.00 ratio= 0.97  t=(0.62,0.30)  val_f1=0.9266 val_gap=0.0002  test_f1=0.9270 test_gap=0.0390
  [ 3/5] lam=0.000 c=1.00 ratio= 0.99  t=(0.62,0.30)  val_f1=0.9266 val_gap=0.0002  test_f1=0.9270 test_gap=0.0390
  [ 4/5] lam=0.000 c=3.00 ratio= none  t=(0.50,0.50)  val_f1=0.9327 val_gap=0.4217  test_f1=0.9357 test_gap=0.2828
  [ 4/5] lam=0.000 c=3.00 ratio= 0.85  t=(0.62,0.30)  val_f1=0.9266 val_gap=0.0002  test_f1=0.9270 test_gap=0.0390
  [ 4/5] lam=0.000 c=3.00 ratio= 0.90  t=(0.62,0.30)  val_f1=0.9266 val_gap=0.0002  test_f1=0.9270 test_gap=0.0390
  [ 4/5] lam=0.000 c=3.00 ratio= 0.93  t=(0.62,0.30)  val_f1=0.9266 val_gap=0.0002  test_f1=0.9270 test_gap=0.0390
  [ 4/5] lam=0.000 c=3.00 ratio= 0.95  t=(0.62,0.30)  val_f1=0.9266 val_gap=0.0002  test_f1=0.9270 test_gap=0.0390
  [ 4/5] lam=0.000 c=3.00 ratio= 0.97  t=(0.62,0.30)  val_f1=0.9266 val_gap=0.0002  test_f1=0.9270 test_gap=0.0390
  [ 4/5] lam=0.000 c=3.00 ratio= 0.99  t=(0.62,0.30)  val_f1=0.9266 val_gap=0.0002  test_f1=0.9270 test_gap=0.0390
  [ 5/5] lam=0.000 c=10.00 ratio= none  t=(0.50,0.50)  val_f1=0.9327 val_gap=0.4217  test_f1=0.9357 test_gap=0.2828
  [ 5/5] lam=0.000 c=10.00 ratio= 0.85  t=(0.62,0.30)  val_f1=0.9266 val_gap=0.0002  test_f1=0.9270 test_gap=0.0390
  [ 5/5] lam=0.000 c=10.00 ratio= 0.90  t=(0.62,0.30)  val_f1=0.9266 val_gap=0.0002  test_f1=0.9270 test_gap=0.0390
  [ 5/5] lam=0.000 c=10.00 ratio= 0.93  t=(0.62,0.30)  val_f1=0.9266 val_gap=0.0002  test_f1=0.9270 test_gap=0.0390
  [ 5/5] lam=0.000 c=10.00 ratio= 0.95  t=(0.62,0.30)  val_f1=0.9266 val_gap=0.0002  test_f1=0.9270 test_gap=0.0390
  [ 5/5] lam=0.000 c=10.00 ratio= 0.97  t=(0.62,0.30)  val_f1=0.9266 val_gap=0.0002  test_f1=0.9270 test_gap=0.0390
  [ 5/5] lam=0.000 c=10.00 ratio= 0.99  t=(0.62,0.30)  val_f1=0.9266 val_gap=0.0002  test_f1=0.9270 test_gap=0.0390

Saved: data/results/adv_xgb_eo_grid_unbalanced/lam_0.0_grid.csv  (35 rows)

Task lam_0.0 completed at: Sun May  3 14:49:54 PDT 2026
