==========================================
SLURM_JOB_ID = 8158445
SLURM_JOB_NODELIST = d13-11
TMPDIR = /tmp/SLURM_8158445
==========================================
==============================================
Array task: 0   Node: d13-11.hpc.usc.edu   Start: Sat Apr 18 11:11:34 PDT 2026
==============================================
Running lambda=0.0  adv_c grid=0.1,0.5,1.0,3.0,10.0
==============================================
Train=5828 (AAE=993, SAE=4835) Val=1249 Test=1249
Tag: lam_0.0
Config: leaf_adv=True, reweighting=FALSE, threshold_tuning=FALSE, post_processing=NONE (pure adversarial)
Grid: 5 cells  lambda=[0.0]  adv_c=[0.1, 0.5, 1.0, 3.0, 10.0]
  [ 1/5] lam=0.000 c=0.10  val_f1=0.8536 val_FPR_gap=0.0797  test_f1=0.8283 test_FPR_gap=0.2266  (223s)
  [ 2/5] lam=0.000 c=0.50  val_f1=0.8536 val_FPR_gap=0.0797  test_f1=0.8283 test_FPR_gap=0.2266  (163s)
  [ 3/5] lam=0.000 c=1.00  val_f1=0.8536 val_FPR_gap=0.0797  test_f1=0.8283 test_FPR_gap=0.2266  (206s)
  [ 4/5] lam=0.000 c=3.00  val_f1=0.8536 val_FPR_gap=0.0797  test_f1=0.8283 test_FPR_gap=0.2266  (380s)
  [ 5/5] lam=0.000 c=10.00  val_f1=0.8536 val_FPR_gap=0.0797  test_f1=0.8283 test_FPR_gap=0.2266  (542s)

Saved: data/results/adv_xgb_largegrid/lam_0.0_grid.csv

Task lam_0.0 completed at: Sat Apr 18 11:38:21 PDT 2026
