==========================================
SLURM_JOB_ID = 8158756
SLURM_JOB_NODELIST = b05-09
TMPDIR = /tmp/SLURM_8158756
==========================================
==============================================
Array task: 0   Node: b05-09.hpc.usc.edu   Start: Sat Apr 18 12:13:59 PDT 2026
==============================================
Running lambda=0.0  adv_c=0.1,0.5,1.0,3.0,10.0  ratios=none,0.85,0.90,0.93,0.95,0.97,0.99 (EO + projection)
==============================================
Train=5828 Val=1249 Test=1249  Tag=lam_0.0
Config: EO adversary on margin, projection=True, reweighting=FALSE, warmup=5
Grid: 5 cells x 7 ratios = 35 rows
  [ 1/5] lam=0.000 c=0.10 ratio= none  t=(0.50,0.50)  val_f1=0.8536 val_gap=0.0797  test_f1=0.8283 test_gap=0.2266
  [ 1/5] lam=0.000 c=0.10 ratio= 0.85  t=(0.85,0.72)  val_f1=0.7727 val_gap=0.0002  test_f1=0.7565 test_gap=0.0409
  [ 1/5] lam=0.000 c=0.10 ratio= 0.90  t=(0.85,0.72)  val_f1=0.7727 val_gap=0.0002  test_f1=0.7565 test_gap=0.0409
  [ 1/5] lam=0.000 c=0.10 ratio= 0.93  t=(0.36,0.26)  val_f1=0.8286 val_gap=0.0002  test_f1=0.8102 test_gap=0.2194
  [ 1/5] lam=0.000 c=0.10 ratio= 0.95  t=(0.36,0.26)  val_f1=0.8286 val_gap=0.0002  test_f1=0.8102 test_gap=0.2194
  [ 1/5] lam=0.000 c=0.10 ratio= 0.97  t=(0.36,0.26)  val_f1=0.8286 val_gap=0.0002  test_f1=0.8102 test_gap=0.2194
  [ 1/5] lam=0.000 c=0.10 ratio= 0.99  t=(0.51,0.44)  val_f1=0.8498 val_gap=0.0024  test_f1=0.8305 test_gap=0.2015
  [ 2/5] lam=0.000 c=0.50 ratio= none  t=(0.50,0.50)  val_f1=0.8536 val_gap=0.0797  test_f1=0.8283 test_gap=0.2266
  [ 2/5] lam=0.000 c=0.50 ratio= 0.85  t=(0.85,0.72)  val_f1=0.7727 val_gap=0.0002  test_f1=0.7565 test_gap=0.0409
  [ 2/5] lam=0.000 c=0.50 ratio= 0.90  t=(0.85,0.72)  val_f1=0.7727 val_gap=0.0002  test_f1=0.7565 test_gap=0.0409
  [ 2/5] lam=0.000 c=0.50 ratio= 0.93  t=(0.36,0.26)  val_f1=0.8286 val_gap=0.0002  test_f1=0.8102 test_gap=0.2194
  [ 2/5] lam=0.000 c=0.50 ratio= 0.95  t=(0.36,0.26)  val_f1=0.8286 val_gap=0.0002  test_f1=0.8102 test_gap=0.2194
  [ 2/5] lam=0.000 c=0.50 ratio= 0.97  t=(0.36,0.26)  val_f1=0.8286 val_gap=0.0002  test_f1=0.8102 test_gap=0.2194
  [ 2/5] lam=0.000 c=0.50 ratio= 0.99  t=(0.51,0.44)  val_f1=0.8498 val_gap=0.0024  test_f1=0.8305 test_gap=0.2015
  [ 3/5] lam=0.000 c=1.00 ratio= none  t=(0.50,0.50)  val_f1=0.8536 val_gap=0.0797  test_f1=0.8283 test_gap=0.2266
  [ 3/5] lam=0.000 c=1.00 ratio= 0.85  t=(0.85,0.72)  val_f1=0.7727 val_gap=0.0002  test_f1=0.7565 test_gap=0.0409
  [ 3/5] lam=0.000 c=1.00 ratio= 0.90  t=(0.85,0.72)  val_f1=0.7727 val_gap=0.0002  test_f1=0.7565 test_gap=0.0409
  [ 3/5] lam=0.000 c=1.00 ratio= 0.93  t=(0.36,0.26)  val_f1=0.8286 val_gap=0.0002  test_f1=0.8102 test_gap=0.2194
  [ 3/5] lam=0.000 c=1.00 ratio= 0.95  t=(0.36,0.26)  val_f1=0.8286 val_gap=0.0002  test_f1=0.8102 test_gap=0.2194
  [ 3/5] lam=0.000 c=1.00 ratio= 0.97  t=(0.36,0.26)  val_f1=0.8286 val_gap=0.0002  test_f1=0.8102 test_gap=0.2194
  [ 3/5] lam=0.000 c=1.00 ratio= 0.99  t=(0.51,0.44)  val_f1=0.8498 val_gap=0.0024  test_f1=0.8305 test_gap=0.2015
  [ 4/5] lam=0.000 c=3.00 ratio= none  t=(0.50,0.50)  val_f1=0.8536 val_gap=0.0797  test_f1=0.8283 test_gap=0.2266
  [ 4/5] lam=0.000 c=3.00 ratio= 0.85  t=(0.85,0.72)  val_f1=0.7727 val_gap=0.0002  test_f1=0.7565 test_gap=0.0409
  [ 4/5] lam=0.000 c=3.00 ratio= 0.90  t=(0.85,0.72)  val_f1=0.7727 val_gap=0.0002  test_f1=0.7565 test_gap=0.0409
  [ 4/5] lam=0.000 c=3.00 ratio= 0.93  t=(0.36,0.26)  val_f1=0.8286 val_gap=0.0002  test_f1=0.8102 test_gap=0.2194
  [ 4/5] lam=0.000 c=3.00 ratio= 0.95  t=(0.36,0.26)  val_f1=0.8286 val_gap=0.0002  test_f1=0.8102 test_gap=0.2194
  [ 4/5] lam=0.000 c=3.00 ratio= 0.97  t=(0.36,0.26)  val_f1=0.8286 val_gap=0.0002  test_f1=0.8102 test_gap=0.2194
  [ 4/5] lam=0.000 c=3.00 ratio= 0.99  t=(0.51,0.44)  val_f1=0.8498 val_gap=0.0024  test_f1=0.8305 test_gap=0.2015
  [ 5/5] lam=0.000 c=10.00 ratio= none  t=(0.50,0.50)  val_f1=0.8536 val_gap=0.0797  test_f1=0.8283 test_gap=0.2266
  [ 5/5] lam=0.000 c=10.00 ratio= 0.85  t=(0.85,0.72)  val_f1=0.7727 val_gap=0.0002  test_f1=0.7565 test_gap=0.0409
  [ 5/5] lam=0.000 c=10.00 ratio= 0.90  t=(0.85,0.72)  val_f1=0.7727 val_gap=0.0002  test_f1=0.7565 test_gap=0.0409
  [ 5/5] lam=0.000 c=10.00 ratio= 0.93  t=(0.36,0.26)  val_f1=0.8286 val_gap=0.0002  test_f1=0.8102 test_gap=0.2194
  [ 5/5] lam=0.000 c=10.00 ratio= 0.95  t=(0.36,0.26)  val_f1=0.8286 val_gap=0.0002  test_f1=0.8102 test_gap=0.2194
  [ 5/5] lam=0.000 c=10.00 ratio= 0.97  t=(0.36,0.26)  val_f1=0.8286 val_gap=0.0002  test_f1=0.8102 test_gap=0.2194
  [ 5/5] lam=0.000 c=10.00 ratio= 0.99  t=(0.51,0.44)  val_f1=0.8498 val_gap=0.0024  test_f1=0.8305 test_gap=0.2015

Saved: data/results/adv_xgb_eo_grid/lam_0.0_grid.csv  (35 rows)

Task lam_0.0 completed at: Sat Apr 18 12:18:45 PDT 2026
