==========================================
SLURM_JOB_ID = 8521524
SLURM_JOB_NODELIST = e22-11
TMPDIR = /tmp/SLURM_8521524
==========================================
==============================================
Array task: 4   Node: e22-11.hpc.usc.edu   Start: Sun May  3 14:41:42 PDT 2026
==============================================
Running lambda=0.15  adv_c=0.1,0.5,1.0,3.0,10.0  ratios=none,0.85,0.90,0.93,0.95,0.97,0.99 (EO + projection, unbalanced TwitterAAE)
==============================================
Train=17348 Val=3717 Test=3718  Tag=lam_0.15
Config: EO adversary on margin, projection=True, reweighting=FALSE, warmup=5
Grid: 5 cells x 7 ratios = 35 rows
  [ 1/5] lam=0.150 c=0.10 ratio= none  t=(0.50,0.50)  val_f1=0.9346 val_gap=0.3426  test_f1=0.9350 test_gap=0.2324
  [ 1/5] lam=0.150 c=0.10 ratio= 0.85  t=(0.77,0.36)  val_f1=0.9264 val_gap=0.0002  test_f1=0.9261 test_gap=0.0916
  [ 1/5] lam=0.150 c=0.10 ratio= 0.90  t=(0.77,0.36)  val_f1=0.9264 val_gap=0.0002  test_f1=0.9261 test_gap=0.0916
  [ 1/5] lam=0.150 c=0.10 ratio= 0.93  t=(0.77,0.36)  val_f1=0.9264 val_gap=0.0002  test_f1=0.9261 test_gap=0.0916
  [ 1/5] lam=0.150 c=0.10 ratio= 0.95  t=(0.77,0.36)  val_f1=0.9264 val_gap=0.0002  test_f1=0.9261 test_gap=0.0916
  [ 1/5] lam=0.150 c=0.10 ratio= 0.97  t=(0.77,0.36)  val_f1=0.9264 val_gap=0.0002  test_f1=0.9261 test_gap=0.0916
  [ 1/5] lam=0.150 c=0.10 ratio= 0.99  t=(0.77,0.36)  val_f1=0.9264 val_gap=0.0002  test_f1=0.9261 test_gap=0.0916
  [ 2/5] lam=0.150 c=0.50 ratio= none  t=(0.50,0.50)  val_f1=0.9319 val_gap=0.3814  test_f1=0.9353 test_gap=0.2627
  [ 2/5] lam=0.150 c=0.50 ratio= 0.85  t=(0.82,0.57)  val_f1=0.9273 val_gap=0.0011  test_f1=0.9274 test_gap=0.0013
  [ 2/5] lam=0.150 c=0.50 ratio= 0.90  t=(0.82,0.57)  val_f1=0.9273 val_gap=0.0011  test_f1=0.9274 test_gap=0.0013
  [ 2/5] lam=0.150 c=0.50 ratio= 0.93  t=(0.82,0.57)  val_f1=0.9273 val_gap=0.0011  test_f1=0.9274 test_gap=0.0013
  [ 2/5] lam=0.150 c=0.50 ratio= 0.95  t=(0.82,0.57)  val_f1=0.9273 val_gap=0.0011  test_f1=0.9274 test_gap=0.0013
  [ 2/5] lam=0.150 c=0.50 ratio= 0.97  t=(0.82,0.57)  val_f1=0.9273 val_gap=0.0011  test_f1=0.9274 test_gap=0.0013
  [ 2/5] lam=0.150 c=0.50 ratio= 0.99  t=(0.82,0.57)  val_f1=0.9273 val_gap=0.0011  test_f1=0.9274 test_gap=0.0013
  [ 3/5] lam=0.150 c=1.00 ratio= none  t=(0.50,0.50)  val_f1=0.9322 val_gap=0.4117  test_f1=0.9339 test_gap=0.2544
  [ 3/5] lam=0.150 c=1.00 ratio= 0.85  t=(0.67,0.36)  val_f1=0.9290 val_gap=0.0002  test_f1=0.9296 test_gap=0.0229
  [ 3/5] lam=0.150 c=1.00 ratio= 0.90  t=(0.67,0.36)  val_f1=0.9290 val_gap=0.0002  test_f1=0.9296 test_gap=0.0229
  [ 3/5] lam=0.150 c=1.00 ratio= 0.93  t=(0.67,0.36)  val_f1=0.9290 val_gap=0.0002  test_f1=0.9296 test_gap=0.0229
  [ 3/5] lam=0.150 c=1.00 ratio= 0.95  t=(0.67,0.36)  val_f1=0.9290 val_gap=0.0002  test_f1=0.9296 test_gap=0.0229
  [ 3/5] lam=0.150 c=1.00 ratio= 0.97  t=(0.67,0.36)  val_f1=0.9290 val_gap=0.0002  test_f1=0.9296 test_gap=0.0229
  [ 3/5] lam=0.150 c=1.00 ratio= 0.99  t=(0.67,0.36)  val_f1=0.9290 val_gap=0.0002  test_f1=0.9296 test_gap=0.0229
  [ 4/5] lam=0.150 c=3.00 ratio= none  t=(0.50,0.50)  val_f1=0.9341 val_gap=0.3410  test_f1=0.9337 test_gap=0.2173
  [ 4/5] lam=0.150 c=3.00 ratio= 0.85  t=(0.83,0.64)  val_f1=0.9248 val_gap=0.0002  test_f1=0.9260 test_gap=0.0295
  [ 4/5] lam=0.150 c=3.00 ratio= 0.90  t=(0.83,0.64)  val_f1=0.9248 val_gap=0.0002  test_f1=0.9260 test_gap=0.0295
  [ 4/5] lam=0.150 c=3.00 ratio= 0.93  t=(0.83,0.64)  val_f1=0.9248 val_gap=0.0002  test_f1=0.9260 test_gap=0.0295
  [ 4/5] lam=0.150 c=3.00 ratio= 0.95  t=(0.83,0.64)  val_f1=0.9248 val_gap=0.0002  test_f1=0.9260 test_gap=0.0295
  [ 4/5] lam=0.150 c=3.00 ratio= 0.97  t=(0.83,0.64)  val_f1=0.9248 val_gap=0.0002  test_f1=0.9260 test_gap=0.0295
  [ 4/5] lam=0.150 c=3.00 ratio= 0.99  t=(0.83,0.64)  val_f1=0.9248 val_gap=0.0002  test_f1=0.9260 test_gap=0.0295
  [ 5/5] lam=0.150 c=10.00 ratio= none  t=(0.50,0.50)  val_f1=0.9335 val_gap=0.3847  test_f1=0.9354 test_gap=0.2307
  [ 5/5] lam=0.150 c=10.00 ratio= 0.85  t=(0.67,0.34)  val_f1=0.9266 val_gap=0.0000  test_f1=0.9271 test_gap=0.0006
  [ 5/5] lam=0.150 c=10.00 ratio= 0.90  t=(0.67,0.34)  val_f1=0.9266 val_gap=0.0000  test_f1=0.9271 test_gap=0.0006
  [ 5/5] lam=0.150 c=10.00 ratio= 0.93  t=(0.67,0.34)  val_f1=0.9266 val_gap=0.0000  test_f1=0.9271 test_gap=0.0006
  [ 5/5] lam=0.150 c=10.00 ratio= 0.95  t=(0.67,0.34)  val_f1=0.9266 val_gap=0.0000  test_f1=0.9271 test_gap=0.0006
  [ 5/5] lam=0.150 c=10.00 ratio= 0.97  t=(0.67,0.34)  val_f1=0.9266 val_gap=0.0000  test_f1=0.9271 test_gap=0.0006
  [ 5/5] lam=0.150 c=10.00 ratio= 0.99  t=(0.67,0.34)  val_f1=0.9266 val_gap=0.0000  test_f1=0.9271 test_gap=0.0006

Saved: data/results/adv_xgb_eo_grid_unbalanced/lam_0.15_grid.csv  (35 rows)

Task lam_0.15 completed at: Sun May  3 14:49:24 PDT 2026
