-------------------------------------------------------------------------------
There are messages associated with the following module(s):
-------------------------------------------------------------------------------

conda/25.11.0:
   NOTE: We now recommend using micromamba instead to install and manage
   Conda environments. See the installation guide here: https://mamba.readthedocs.io/en/latest/installation/micromamba-installation.html#automatic-install
   In Slurm job scripts, micromamba can be enabled with the following: eval
   "$(micromamba shell hook --shell bash)" If you have any questions,
   contact carc-support@usc.edu.

-------------------------------------------------------------------------------Traceback (most recent call last):
  File "/scratch1/aqliang/CSCI567-ML-Project/src/experiments/train_adv_xgb.py", line 723, in <module>
    main()
  File "/scratch1/aqliang/CSCI567-ML-Project/src/experiments/train_adv_xgb.py", line 555, in main
    booster, history = train_one_adv_model(
  File "/scratch1/aqliang/CSCI567-ML-Project/src/experiments/train_adv_xgb.py", line 386, in train_one_adv_model
    booster = xgb.train(
  File "/scratch1/aqliang/haluguard-env/lib/python3.10/site-packages/xgboost/core.py", line 751, in inner_f
    return func(**kwargs)
  File "/scratch1/aqliang/haluguard-env/lib/python3.10/site-packages/xgboost/training.py", line 200, in train
    bst.update(dtrain, iteration=i, fobj=obj)
  File "/scratch1/aqliang/haluguard-env/lib/python3.10/site-packages/xgboost/core.py", line 2398, in update
    self.boost(
  File "/scratch1/aqliang/haluguard-env/lib/python3.10/site-packages/xgboost/core.py", line 2466, in boost
    y_pred = self.predict(dtrain, output_margin=True, training=True)
  File "/scratch1/aqliang/haluguard-env/lib/python3.10/site-packages/xgboost/core.py", line 751, in inner_f
    return func(**kwargs)
  File "/scratch1/aqliang/haluguard-env/lib/python3.10/site-packages/xgboost/core.py", line 2715, in predict
    _check_call(
  File "/scratch1/aqliang/haluguard-env/lib/python3.10/site-packages/xgboost/core.py", line 324, in _check_call
    raise XGBoostError(py_str(_LIB.XGBGetLastError()))
xgboost.core.XGBoostError: Invalid Input: 'gpu_hist', valid values are: {'approx', 'auto', 'exact', 'hist'}
