==========================================
SLURM_JOB_ID = 8521518
SLURM_JOB_NODELIST = e22-03
TMPDIR = /tmp/SLURM_8521518
==========================================
==============================================
Array task: 9   Node: e22-03.hpc.usc.edu   Start: Sun May  3 14:41:42 PDT 2026
==============================================
Running lambda=1.5  adv_c=0.1,0.5,1.0,3.0,10.0  ratios=none,0.85,0.90,0.93,0.95,0.97,0.99 (EO + projection, unbalanced TwitterAAE)
==============================================
Train=17348 Val=3717 Test=3718  Tag=lam_1.5
Config: EO adversary on margin, projection=True, reweighting=FALSE, warmup=5
Grid: 5 cells x 7 ratios = 35 rows
  [ 1/5] lam=1.500 c=0.10 ratio= none  t=(0.50,0.50)  val_f1=0.9317 val_gap=0.3596  test_f1=0.9359 test_gap=0.2493
  [ 1/5] lam=1.500 c=0.10 ratio= 0.85  t=(0.80,0.57)  val_f1=0.9276 val_gap=0.0006  test_f1=0.9292 test_gap=0.0188
  [ 1/5] lam=1.500 c=0.10 ratio= 0.90  t=(0.80,0.57)  val_f1=0.9276 val_gap=0.0006  test_f1=0.9292 test_gap=0.0188
  [ 1/5] lam=1.500 c=0.10 ratio= 0.93  t=(0.80,0.57)  val_f1=0.9276 val_gap=0.0006  test_f1=0.9292 test_gap=0.0188
  [ 1/5] lam=1.500 c=0.10 ratio= 0.95  t=(0.80,0.57)  val_f1=0.9276 val_gap=0.0006  test_f1=0.9292 test_gap=0.0188
  [ 1/5] lam=1.500 c=0.10 ratio= 0.97  t=(0.80,0.57)  val_f1=0.9276 val_gap=0.0006  test_f1=0.9292 test_gap=0.0188
  [ 1/5] lam=1.500 c=0.10 ratio= 0.99  t=(0.80,0.57)  val_f1=0.9276 val_gap=0.0006  test_f1=0.9292 test_gap=0.0188
  [ 2/5] lam=1.500 c=0.50 ratio= none  t=(0.50,0.50)  val_f1=0.9343 val_gap=0.3410  test_f1=0.9341 test_gap=0.2544
  [ 2/5] lam=1.500 c=0.50 ratio= 0.85  t=(0.90,0.82)  val_f1=0.8912 val_gap=0.0007  test_f1=0.8880 test_gap=0.0155
  [ 2/5] lam=1.500 c=0.50 ratio= 0.90  t=(0.90,0.82)  val_f1=0.8912 val_gap=0.0007  test_f1=0.8880 test_gap=0.0155
  [ 2/5] lam=1.500 c=0.50 ratio= 0.93  t=(0.90,0.82)  val_f1=0.8912 val_gap=0.0007  test_f1=0.8880 test_gap=0.0155
  [ 2/5] lam=1.500 c=0.50 ratio= 0.95  t=(0.90,0.82)  val_f1=0.8912 val_gap=0.0007  test_f1=0.8880 test_gap=0.0155
  [ 2/5] lam=1.500 c=0.50 ratio= 0.97  t=(0.74,0.39)  val_f1=0.9265 val_gap=0.0015  test_f1=0.9265 test_gap=0.0362
  [ 2/5] lam=1.500 c=0.50 ratio= 0.99  t=(0.74,0.39)  val_f1=0.9265 val_gap=0.0015  test_f1=0.9265 test_gap=0.0362
  [ 3/5] lam=1.500 c=1.00 ratio= none  t=(0.50,0.50)  val_f1=0.9343 val_gap=0.4284  test_f1=0.9348 test_gap=0.2240
  [ 3/5] lam=1.500 c=1.00 ratio= 0.85  t=(0.59,0.23)  val_f1=0.9226 val_gap=0.0011  test_f1=0.9201 test_gap=0.0956
  [ 3/5] lam=1.500 c=1.00 ratio= 0.90  t=(0.59,0.23)  val_f1=0.9226 val_gap=0.0011  test_f1=0.9201 test_gap=0.0956
  [ 3/5] lam=1.500 c=1.00 ratio= 0.93  t=(0.59,0.23)  val_f1=0.9226 val_gap=0.0011  test_f1=0.9201 test_gap=0.0956
  [ 3/5] lam=1.500 c=1.00 ratio= 0.95  t=(0.59,0.23)  val_f1=0.9226 val_gap=0.0011  test_f1=0.9201 test_gap=0.0956
  [ 3/5] lam=1.500 c=1.00 ratio= 0.97  t=(0.59,0.23)  val_f1=0.9226 val_gap=0.0011  test_f1=0.9201 test_gap=0.0956
  [ 3/5] lam=1.500 c=1.00 ratio= 0.99  t=(0.82,0.59)  val_f1=0.9300 val_gap=0.0013  test_f1=0.9246 test_gap=0.0063
  [ 4/5] lam=1.500 c=3.00 ratio= none  t=(0.50,0.50)  val_f1=0.9347 val_gap=0.3039  test_f1=0.9333 test_gap=0.2510
  [ 4/5] lam=1.500 c=3.00 ratio= 0.85  t=(0.61,0.30)  val_f1=0.9266 val_gap=0.0002  test_f1=0.9230 test_gap=0.0825
  [ 4/5] lam=1.500 c=3.00 ratio= 0.90  t=(0.61,0.30)  val_f1=0.9266 val_gap=0.0002  test_f1=0.9230 test_gap=0.0825
  [ 4/5] lam=1.500 c=3.00 ratio= 0.93  t=(0.61,0.30)  val_f1=0.9266 val_gap=0.0002  test_f1=0.9230 test_gap=0.0825
  [ 4/5] lam=1.500 c=3.00 ratio= 0.95  t=(0.61,0.30)  val_f1=0.9266 val_gap=0.0002  test_f1=0.9230 test_gap=0.0825
  [ 4/5] lam=1.500 c=3.00 ratio= 0.97  t=(0.61,0.30)  val_f1=0.9266 val_gap=0.0002  test_f1=0.9230 test_gap=0.0825
  [ 4/5] lam=1.500 c=3.00 ratio= 0.99  t=(0.61,0.30)  val_f1=0.9266 val_gap=0.0002  test_f1=0.9230 test_gap=0.0825
  [ 5/5] lam=1.500 c=10.00 ratio= none  t=(0.50,0.50)  val_f1=0.9320 val_gap=0.3579  test_f1=0.9334 test_gap=0.2510
  [ 5/5] lam=1.500 c=10.00 ratio= 0.85  t=(0.57,0.20)  val_f1=0.9202 val_gap=0.0007  test_f1=0.9193 test_gap=0.0853
  [ 5/5] lam=1.500 c=10.00 ratio= 0.90  t=(0.57,0.20)  val_f1=0.9202 val_gap=0.0007  test_f1=0.9193 test_gap=0.0853
  [ 5/5] lam=1.500 c=10.00 ratio= 0.93  t=(0.57,0.20)  val_f1=0.9202 val_gap=0.0007  test_f1=0.9193 test_gap=0.0853
  [ 5/5] lam=1.500 c=10.00 ratio= 0.95  t=(0.57,0.20)  val_f1=0.9202 val_gap=0.0007  test_f1=0.9193 test_gap=0.0853
  [ 5/5] lam=1.500 c=10.00 ratio= 0.97  t=(0.57,0.20)  val_f1=0.9202 val_gap=0.0007  test_f1=0.9193 test_gap=0.0853
  [ 5/5] lam=1.500 c=10.00 ratio= 0.99  t=(0.77,0.54)  val_f1=0.9295 val_gap=0.0009  test_f1=0.9287 test_gap=0.0639

Saved: data/results/adv_xgb_eo_grid_unbalanced/lam_1.5_grid.csv  (35 rows)

Task lam_1.5 completed at: Sun May  3 14:50:50 PDT 2026
