==========================================
SLURM_JOB_ID = 8521527
SLURM_JOB_NODELIST = e22-01
TMPDIR = /tmp/SLURM_8521527
==========================================
==============================================
Array task: 7   Node: e22-01.hpc.usc.edu   Start: Sun May  3 14:41:42 PDT 2026
==============================================
Running lambda=0.6  adv_c=0.1,0.5,1.0,3.0,10.0  ratios=none,0.85,0.90,0.93,0.95,0.97,0.99 (EO + projection, unbalanced TwitterAAE)
==============================================
Train=17348 Val=3717 Test=3718  Tag=lam_0.6
Config: EO adversary on margin, projection=True, reweighting=FALSE, warmup=5
Grid: 5 cells x 7 ratios = 35 rows
  [ 1/5] lam=0.600 c=0.10 ratio= none  t=(0.50,0.50)  val_f1=0.9353 val_gap=0.3106  test_f1=0.9317 test_gap=0.2730
  [ 1/5] lam=0.600 c=0.10 ratio= 0.85  t=(0.85,0.67)  val_f1=0.9253 val_gap=0.0000  test_f1=0.9202 test_gap=0.0175
  [ 1/5] lam=0.600 c=0.10 ratio= 0.90  t=(0.85,0.67)  val_f1=0.9253 val_gap=0.0000  test_f1=0.9202 test_gap=0.0175
  [ 1/5] lam=0.600 c=0.10 ratio= 0.93  t=(0.85,0.67)  val_f1=0.9253 val_gap=0.0000  test_f1=0.9202 test_gap=0.0175
  [ 1/5] lam=0.600 c=0.10 ratio= 0.95  t=(0.85,0.67)  val_f1=0.9253 val_gap=0.0000  test_f1=0.9202 test_gap=0.0175
  [ 1/5] lam=0.600 c=0.10 ratio= 0.97  t=(0.85,0.67)  val_f1=0.9253 val_gap=0.0000  test_f1=0.9202 test_gap=0.0175
  [ 1/5] lam=0.600 c=0.10 ratio= 0.99  t=(0.61,0.30)  val_f1=0.9263 val_gap=0.0002  test_f1=0.9267 test_gap=0.0154
  [ 2/5] lam=0.600 c=0.50 ratio= none  t=(0.50,0.50)  val_f1=0.9330 val_gap=0.4100  test_f1=0.9328 test_gap=0.2360
  [ 2/5] lam=0.600 c=0.50 ratio= 0.85  t=(0.85,0.64)  val_f1=0.9255 val_gap=0.0002  test_f1=0.9188 test_gap=0.0680
  [ 2/5] lam=0.600 c=0.50 ratio= 0.90  t=(0.85,0.64)  val_f1=0.9255 val_gap=0.0002  test_f1=0.9188 test_gap=0.0680
  [ 2/5] lam=0.600 c=0.50 ratio= 0.93  t=(0.85,0.64)  val_f1=0.9255 val_gap=0.0002  test_f1=0.9188 test_gap=0.0680
  [ 2/5] lam=0.600 c=0.50 ratio= 0.95  t=(0.85,0.64)  val_f1=0.9255 val_gap=0.0002  test_f1=0.9188 test_gap=0.0680
  [ 2/5] lam=0.600 c=0.50 ratio= 0.97  t=(0.85,0.64)  val_f1=0.9255 val_gap=0.0002  test_f1=0.9188 test_gap=0.0680
  [ 2/5] lam=0.600 c=0.50 ratio= 0.99  t=(0.85,0.64)  val_f1=0.9255 val_gap=0.0002  test_f1=0.9188 test_gap=0.0680
  [ 3/5] lam=0.600 c=1.00 ratio= none  t=(0.50,0.50)  val_f1=0.9319 val_gap=0.3696  test_f1=0.9343 test_gap=0.2477
  [ 3/5] lam=0.600 c=1.00 ratio= 0.85  t=(0.90,0.77)  val_f1=0.9016 val_gap=0.0004  test_f1=0.8990 test_gap=0.0370
  [ 3/5] lam=0.600 c=1.00 ratio= 0.90  t=(0.90,0.77)  val_f1=0.9016 val_gap=0.0004  test_f1=0.8990 test_gap=0.0370
  [ 3/5] lam=0.600 c=1.00 ratio= 0.93  t=(0.90,0.77)  val_f1=0.9016 val_gap=0.0004  test_f1=0.8990 test_gap=0.0370
  [ 3/5] lam=0.600 c=1.00 ratio= 0.95  t=(0.90,0.77)  val_f1=0.9016 val_gap=0.0004  test_f1=0.8990 test_gap=0.0370
  [ 3/5] lam=0.600 c=1.00 ratio= 0.97  t=(0.80,0.61)  val_f1=0.9288 val_gap=0.0013  test_f1=0.9258 test_gap=0.0080
  [ 3/5] lam=0.600 c=1.00 ratio= 0.99  t=(0.80,0.61)  val_f1=0.9288 val_gap=0.0013  test_f1=0.9258 test_gap=0.0080
  [ 4/5] lam=0.600 c=3.00 ratio= none  t=(0.50,0.50)  val_f1=0.9332 val_gap=0.4000  test_f1=0.9325 test_gap=0.1719
  [ 4/5] lam=0.600 c=3.00 ratio= 0.85  t=(0.69,0.43)  val_f1=0.9285 val_gap=0.0004  test_f1=0.9309 test_gap=0.0073
  [ 4/5] lam=0.600 c=3.00 ratio= 0.90  t=(0.69,0.43)  val_f1=0.9285 val_gap=0.0004  test_f1=0.9309 test_gap=0.0073
  [ 4/5] lam=0.600 c=3.00 ratio= 0.93  t=(0.69,0.43)  val_f1=0.9285 val_gap=0.0004  test_f1=0.9309 test_gap=0.0073
  [ 4/5] lam=0.600 c=3.00 ratio= 0.95  t=(0.69,0.43)  val_f1=0.9285 val_gap=0.0004  test_f1=0.9309 test_gap=0.0073
  [ 4/5] lam=0.600 c=3.00 ratio= 0.97  t=(0.69,0.43)  val_f1=0.9285 val_gap=0.0004  test_f1=0.9309 test_gap=0.0073
  [ 4/5] lam=0.600 c=3.00 ratio= 0.99  t=(0.69,0.43)  val_f1=0.9285 val_gap=0.0004  test_f1=0.9309 test_gap=0.0073
  [ 5/5] lam=0.600 c=10.00 ratio= none  t=(0.50,0.50)  val_f1=0.9330 val_gap=0.3393  test_f1=0.9325 test_gap=0.2040
  [ 5/5] lam=0.600 c=10.00 ratio= 0.85  t=(0.61,0.26)  val_f1=0.9240 val_gap=0.0004  test_f1=0.9228 test_gap=0.0251
  [ 5/5] lam=0.600 c=10.00 ratio= 0.90  t=(0.61,0.26)  val_f1=0.9240 val_gap=0.0004  test_f1=0.9228 test_gap=0.0251
  [ 5/5] lam=0.600 c=10.00 ratio= 0.93  t=(0.61,0.26)  val_f1=0.9240 val_gap=0.0004  test_f1=0.9228 test_gap=0.0251
  [ 5/5] lam=0.600 c=10.00 ratio= 0.95  t=(0.61,0.26)  val_f1=0.9240 val_gap=0.0004  test_f1=0.9228 test_gap=0.0251
  [ 5/5] lam=0.600 c=10.00 ratio= 0.97  t=(0.61,0.26)  val_f1=0.9240 val_gap=0.0004  test_f1=0.9228 test_gap=0.0251
  [ 5/5] lam=0.600 c=10.00 ratio= 0.99  t=(0.61,0.26)  val_f1=0.9240 val_gap=0.0004  test_f1=0.9228 test_gap=0.0251

Saved: data/results/adv_xgb_eo_grid_unbalanced/lam_0.6_grid.csv  (35 rows)

Task lam_0.6 completed at: Sun May  3 14:50:39 PDT 2026
