==========================================
SLURM_JOB_ID = 8521522
SLURM_JOB_NODELIST = e22-09
TMPDIR = /tmp/SLURM_8521522
==========================================
==============================================
Array task: 2   Node: e22-09.hpc.usc.edu   Start: Sun May  3 14:41:42 PDT 2026
==============================================
Running lambda=0.05  adv_c=0.1,0.5,1.0,3.0,10.0  ratios=none,0.85,0.90,0.93,0.95,0.97,0.99 (EO + projection, unbalanced TwitterAAE)
==============================================
Train=17348 Val=3717 Test=3718  Tag=lam_0.05
Config: EO adversary on margin, projection=True, reweighting=FALSE, warmup=5
Grid: 5 cells x 7 ratios = 35 rows
  [ 1/5] lam=0.050 c=0.10 ratio= none  t=(0.50,0.50)  val_f1=0.9327 val_gap=0.4234  test_f1=0.9352 test_gap=0.2441
  [ 1/5] lam=0.050 c=0.10 ratio= 0.85  t=(0.72,0.38)  val_f1=0.9267 val_gap=0.0002  test_f1=0.9313 test_gap=0.0580
  [ 1/5] lam=0.050 c=0.10 ratio= 0.90  t=(0.72,0.38)  val_f1=0.9267 val_gap=0.0002  test_f1=0.9313 test_gap=0.0580
  [ 1/5] lam=0.050 c=0.10 ratio= 0.93  t=(0.72,0.38)  val_f1=0.9267 val_gap=0.0002  test_f1=0.9313 test_gap=0.0580
  [ 1/5] lam=0.050 c=0.10 ratio= 0.95  t=(0.72,0.38)  val_f1=0.9267 val_gap=0.0002  test_f1=0.9313 test_gap=0.0580
  [ 1/5] lam=0.050 c=0.10 ratio= 0.97  t=(0.72,0.38)  val_f1=0.9267 val_gap=0.0002  test_f1=0.9313 test_gap=0.0580
  [ 1/5] lam=0.050 c=0.10 ratio= 0.99  t=(0.72,0.38)  val_f1=0.9267 val_gap=0.0002  test_f1=0.9313 test_gap=0.0580
  [ 2/5] lam=0.050 c=0.50 ratio= none  t=(0.50,0.50)  val_f1=0.9329 val_gap=0.3830  test_f1=0.9366 test_gap=0.2424
  [ 2/5] lam=0.050 c=0.50 ratio= 0.85  t=(0.67,0.30)  val_f1=0.9255 val_gap=0.0002  test_f1=0.9264 test_gap=0.0710
  [ 2/5] lam=0.050 c=0.50 ratio= 0.90  t=(0.67,0.30)  val_f1=0.9255 val_gap=0.0002  test_f1=0.9264 test_gap=0.0710
  [ 2/5] lam=0.050 c=0.50 ratio= 0.93  t=(0.67,0.30)  val_f1=0.9255 val_gap=0.0002  test_f1=0.9264 test_gap=0.0710
  [ 2/5] lam=0.050 c=0.50 ratio= 0.95  t=(0.67,0.30)  val_f1=0.9255 val_gap=0.0002  test_f1=0.9264 test_gap=0.0710
  [ 2/5] lam=0.050 c=0.50 ratio= 0.97  t=(0.67,0.30)  val_f1=0.9255 val_gap=0.0002  test_f1=0.9264 test_gap=0.0710
  [ 2/5] lam=0.050 c=0.50 ratio= 0.99  t=(0.67,0.30)  val_f1=0.9255 val_gap=0.0002  test_f1=0.9264 test_gap=0.0710
  [ 3/5] lam=0.050 c=1.00 ratio= none  t=(0.50,0.50)  val_f1=0.9334 val_gap=0.3814  test_f1=0.9327 test_gap=0.2073
  [ 3/5] lam=0.050 c=1.00 ratio= 0.85  t=(0.87,0.62)  val_f1=0.9241 val_gap=0.0002  test_f1=0.9233 test_gap=0.0663
  [ 3/5] lam=0.050 c=1.00 ratio= 0.90  t=(0.87,0.62)  val_f1=0.9241 val_gap=0.0002  test_f1=0.9233 test_gap=0.0663
  [ 3/5] lam=0.050 c=1.00 ratio= 0.93  t=(0.87,0.62)  val_f1=0.9241 val_gap=0.0002  test_f1=0.9233 test_gap=0.0663
  [ 3/5] lam=0.050 c=1.00 ratio= 0.95  t=(0.87,0.62)  val_f1=0.9241 val_gap=0.0002  test_f1=0.9233 test_gap=0.0663
  [ 3/5] lam=0.050 c=1.00 ratio= 0.97  t=(0.87,0.62)  val_f1=0.9241 val_gap=0.0002  test_f1=0.9233 test_gap=0.0663
  [ 3/5] lam=0.050 c=1.00 ratio= 0.99  t=(0.87,0.62)  val_f1=0.9241 val_gap=0.0002  test_f1=0.9233 test_gap=0.0663
  [ 4/5] lam=0.050 c=3.00 ratio= none  t=(0.50,0.50)  val_f1=0.9333 val_gap=0.4418  test_f1=0.9341 test_gap=0.2677
  [ 4/5] lam=0.050 c=3.00 ratio= 0.85  t=(0.82,0.59)  val_f1=0.9283 val_gap=0.0004  test_f1=0.9285 test_gap=0.0230
  [ 4/5] lam=0.050 c=3.00 ratio= 0.90  t=(0.82,0.59)  val_f1=0.9283 val_gap=0.0004  test_f1=0.9285 test_gap=0.0230
  [ 4/5] lam=0.050 c=3.00 ratio= 0.93  t=(0.82,0.59)  val_f1=0.9283 val_gap=0.0004  test_f1=0.9285 test_gap=0.0230
  [ 4/5] lam=0.050 c=3.00 ratio= 0.95  t=(0.82,0.59)  val_f1=0.9283 val_gap=0.0004  test_f1=0.9285 test_gap=0.0230
  [ 4/5] lam=0.050 c=3.00 ratio= 0.97  t=(0.82,0.59)  val_f1=0.9283 val_gap=0.0004  test_f1=0.9285 test_gap=0.0230
  [ 4/5] lam=0.050 c=3.00 ratio= 0.99  t=(0.82,0.59)  val_f1=0.9283 val_gap=0.0004  test_f1=0.9285 test_gap=0.0230
  [ 5/5] lam=0.050 c=10.00 ratio= none  t=(0.50,0.50)  val_f1=0.9319 val_gap=0.3864  test_f1=0.9352 test_gap=0.2407
  [ 5/5] lam=0.050 c=10.00 ratio= 0.85  t=(0.69,0.30)  val_f1=0.9250 val_gap=0.0002  test_f1=0.9237 test_gap=0.0541
  [ 5/5] lam=0.050 c=10.00 ratio= 0.90  t=(0.69,0.30)  val_f1=0.9250 val_gap=0.0002  test_f1=0.9237 test_gap=0.0541
  [ 5/5] lam=0.050 c=10.00 ratio= 0.93  t=(0.69,0.30)  val_f1=0.9250 val_gap=0.0002  test_f1=0.9237 test_gap=0.0541
  [ 5/5] lam=0.050 c=10.00 ratio= 0.95  t=(0.69,0.30)  val_f1=0.9250 val_gap=0.0002  test_f1=0.9237 test_gap=0.0541
  [ 5/5] lam=0.050 c=10.00 ratio= 0.97  t=(0.69,0.30)  val_f1=0.9250 val_gap=0.0002  test_f1=0.9237 test_gap=0.0541
  [ 5/5] lam=0.050 c=10.00 ratio= 0.99  t=(0.69,0.30)  val_f1=0.9250 val_gap=0.0002  test_f1=0.9237 test_gap=0.0541

Saved: data/results/adv_xgb_eo_grid_unbalanced/lam_0.05_grid.csv  (35 rows)

Task lam_0.05 completed at: Sun May  3 14:49:45 PDT 2026
