==========================================
SLURM_JOB_ID = 8153470
SLURM_JOB_NODELIST = a03-01
TMPDIR = /tmp/SLURM_8153470
==========================================
==============================================
Array task: 7
Node: a03-01.hpc.usc.edu
Start time: Fri Apr 17 23:21:31 PDT 2026
==============================================
fairlearn 0.8.0 | xgboost 3.2.0
Running: T1_T4   (--enable_1 --enable_4)
==============================================
Train: 5828 | Val: 1249 | Test: 1249
Techniques: CEO=True | Platt=False | Reductions=False | ROC=True

=== RESULTS ===
  accuracy            : 0.8127
  f1                  : 0.8197
  AAE_FPR             : 0.2963
  AAE_FNR             : 0.1452
  AAE_TPR             : 0.8548
  AAE_acc             : 0.8357
  AAE_pos_rate        : 0.7840
  SAE_FPR             : 0.2241
  SAE_FNR             : 0.1484
  SAE_TPR             : 0.8516
  SAE_acc             : 0.8079
  SAE_pos_rate        : 0.4894
  FPR_gap             : 0.0722
  FNR_gap             : 0.0032
  TPR_gap             : 0.0032
  DIfav               : 0.4229
  DIunfav             : 1.6021

Saved to: data/results/fairness_ablation/T1_T4_metrics.json

Task T1_T4 completed at: Fri Apr 17 23:21:36 PDT 2026
