==========================================
SLURM_JOB_ID = 8153697
SLURM_JOB_NODELIST = a03-01
TMPDIR = /tmp/SLURM_8153697
==========================================
==============================================
Array task: 0
Node: a03-01.hpc.usc.edu
Start time: Fri Apr 17 23:29:58 PDT 2026
==============================================
fairlearn 0.8.0 | xgboost 3.2.0
Running: baseline   ()
==============================================
Train: 5828 (AAE=993, SAE=4835)
Val:   1249 | Test: 1249
Tag: baseline
Techniques: CEO=False Platt=False Reductions=False ROC=False
Grid size: 15 cells (lambda=[0.0, 0.05, 0.1, 0.25, 0.5], adv_c=[0.5, 1.0, 2.0])
  [ 1/15] lam=0.000 adv_c=0.50 val_f1=0.8496 val_FPR=0.1655 val_score=-0.0779  (456.4s)
  [ 2/15] lam=0.000 adv_c=1.00 val_f1=0.8496 val_FPR=0.1655 val_score=-0.0779  (467.6s)
  [ 3/15] lam=0.000 adv_c=2.00 val_f1=0.8496 val_FPR=0.1655 val_score=-0.0779  (474.7s)
  [ 4/15] lam=0.050 adv_c=0.50 val_f1=0.8456 val_FPR=0.1537 val_score=-0.1072  (465.3s)
  [ 5/15] lam=0.050 adv_c=1.00 val_f1=0.8412 val_FPR=0.1723 val_score=-0.0475  (471.8s)
  [ 6/15] lam=0.050 adv_c=2.00 val_f1=0.8410 val_FPR=0.1571 val_score=-0.1043  (475.3s)
  [ 7/15] lam=0.100 adv_c=0.50 val_f1=0.8581 val_FPR=0.1866 val_score=0.0187  (459.8s)
  [ 8/15] lam=0.100 adv_c=1.00 val_f1=0.8522 val_FPR=0.1681 val_score=-0.0432  (470.2s)
  [ 9/15] lam=0.100 adv_c=2.00 val_f1=0.8498 val_FPR=0.1841 val_score=0.0083  (464.2s)
  [10/15] lam=0.250 adv_c=0.50 val_f1=0.8588 val_FPR=0.1504 val_score=-0.1047  (445.9s)
  [11/15] lam=0.250 adv_c=1.00 val_f1=0.8496 val_FPR=0.1689 val_score=-0.0460  (461.0s)
  [12/15] lam=0.250 adv_c=2.00 val_f1=0.8562 val_FPR=0.1546 val_score=-0.0971  (471.3s)
  [13/15] lam=0.500 adv_c=0.50 val_f1=0.8515 val_FPR=0.1655 val_score=-0.0520  (450.5s)
  [14/15] lam=0.500 adv_c=1.00 val_f1=0.8504 val_FPR=0.1891 val_score=0.0209  (464.6s)
  [15/15] lam=0.500 adv_c=2.00 val_f1=0.8527 val_FPR=0.1487 val_score=-0.1095  (468.1s)

=== BEST CELL FOR TAG=baseline ===
  lambda_adv=0.5  adv_c=2.0
  val_score=-0.1095  F1=0.8273
  test FPR (AAE/SAE)=0.5185/0.1538  FNR (AAE/SAE)=0.0753/0.2169
  test mean_FPR=0.3362 mean_FNR=0.1461
  FPR_gap=0.3647  FNR_gap=0.1416

Saved to: data/results/fairness_ablation/baseline_metrics.json  (elapsed 116.1 min)

Task baseline completed at: Sat Apr 18 01:26:39 PDT 2026
