==========================================
SLURM_JOB_ID = 8153700
SLURM_JOB_NODELIST = b11-13
TMPDIR = /tmp/SLURM_8153700
==========================================
==============================================
Array task: 3
Node: b11-13.hpc.usc.edu
Start time: Fri Apr 17 23:45:17 PDT 2026
==============================================
fairlearn 0.8.0 | xgboost 3.2.0
Running: T3   (--enable_3)
==============================================
Train: 5828 (AAE=993, SAE=4835)
Val:   1249 | Test: 1249
Tag: T3
Techniques: CEO=False Platt=False Reductions=True ROC=False
Grid size: 15 cells (lambda=[0.0, 0.05, 0.1, 0.25, 0.5], adv_c=[0.5, 1.0, 2.0])
  [ 1/15] lam=0.000 adv_c=0.50 val_f1=0.8564 val_FPR=0.1874 val_score=0.0154  (372.6s)
  [ 2/15] lam=0.000 adv_c=1.00 val_f1=0.8564 val_FPR=0.1874 val_score=0.0154  (380.4s)
  [ 3/15] lam=0.000 adv_c=2.00 val_f1=0.8564 val_FPR=0.1874 val_score=0.0154  (385.2s)
  [ 4/15] lam=0.050 adv_c=0.50 val_f1=0.8509 val_FPR=0.2084 val_score=0.0868  (382.2s)
  [ 5/15] lam=0.050 adv_c=1.00 val_f1=0.8536 val_FPR=0.1697 val_score=-0.0414  (388.0s)
  [ 6/15] lam=0.050 adv_c=2.00 val_f1=0.8525 val_FPR=0.1899 val_score=0.0319  (390.0s)
  [ 7/15] lam=0.100 adv_c=0.50 val_f1=0.8585 val_FPR=0.1706 val_score=-0.0265  (378.7s)
  [ 8/15] lam=0.100 adv_c=1.00 val_f1=0.8548 val_FPR=0.1706 val_score=-0.0353  (386.0s)
  [ 9/15] lam=0.100 adv_c=2.00 val_f1=0.8518 val_FPR=0.1908 val_score=0.0281  (387.8s)
  [10/15] lam=0.250 adv_c=0.50 val_f1=0.8625 val_FPR=0.1714 val_score=-0.0272  (369.6s)
  [11/15] lam=0.250 adv_c=1.00 val_f1=0.8525 val_FPR=0.1723 val_score=-0.0317  (383.3s)
  [12/15] lam=0.250 adv_c=2.00 val_f1=0.8560 val_FPR=0.1891 val_score=0.0235  (388.6s)
  [13/15] lam=0.500 adv_c=0.50 val_f1=0.8588 val_FPR=0.1857 val_score=0.0171  (370.1s)
  [14/15] lam=0.500 adv_c=1.00 val_f1=0.8513 val_FPR=0.1924 val_score=0.0416  (381.5s)
  [15/15] lam=0.500 adv_c=2.00 val_f1=0.8567 val_FPR=0.1672 val_score=-0.0467  (377.5s)

=== BEST CELL FOR TAG=T3 ===
  lambda_adv=0.5  adv_c=2.0
  val_score=-0.0467  F1=0.8316
  test FPR (AAE/SAE)=0.3704/0.1522  FNR (AAE/SAE)=0.0860/0.2100
  test mean_FPR=0.2613 mean_FNR=0.1480
  FPR_gap=0.2182  FNR_gap=0.1240

Saved to: data/results/fairness_ablation/T3_metrics.json  (elapsed 95.4 min)

Task T3 completed at: Sat Apr 18 01:20:47 PDT 2026
