==========================================
SLURM_JOB_ID = 8153306
SLURM_JOB_NODELIST = a03-01
TMPDIR = /tmp/SLURM_8153306
==========================================
==============================================
Array task: 8
Node: a03-01.hpc.usc.edu
Start time: Fri Apr 17 23:11:29 PDT 2026
==============================================
fairlearn 0.8.0 | xgboost 3.2.0
Running: T2_T3   (--enable_2 --enable_3)
==============================================
Train: 5828 | Val: 1249 | Test: 1249
Techniques: CEO=False | Platt=True | Reductions=True | ROC=False
  [INFO] Technique 3: using group-reweighted XGB (fairlearn disabled).

=== RESULTS ===
  accuracy            : 0.8327
  f1                  : 0.8335
  AAE_FPR             : 0.6667
  AAE_FNR             : 0.0161
  AAE_TPR             : 0.9839
  AAE_acc             : 0.9014
  AAE_pos_rate        : 0.9437
  SAE_FPR             : 0.1505
  SAE_FNR             : 0.2237
  SAE_TPR             : 0.7763
  SAE_acc             : 0.8185
  SAE_pos_rate        : 0.4151
  FPR_gap             : 0.5162
  FNR_gap             : 0.2076
  TPR_gap             : 0.2076
  DIfav               : 0.0963
  DIunfav             : 2.2736

Saved to: data/results/fairness_ablation/T2_T3_metrics.json

Task T2_T3 completed at: Fri Apr 17 23:11:35 PDT 2026
