==========================================
SLURM_JOB_ID = 8153708
SLURM_JOB_NODELIST = e22-05
TMPDIR = /tmp/SLURM_8153708
==========================================
==============================================
Array task: 11
Node: e22-05.hpc.usc.edu
Start time: Sat Apr 18 02:15:24 PDT 2026
==============================================
fairlearn 0.8.0 | xgboost 3.2.0
Running: T1_T2_T3   (--enable_1 --enable_2 --enable_3)
==============================================
Train: 5828 (AAE=993, SAE=4835)
Val:   1249 | Test: 1249
Tag: T1_T2_T3
Techniques: CEO=True Platt=True Reductions=True ROC=False
Grid size: 15 cells (lambda=[0.0, 0.05, 0.1, 0.25, 0.5], adv_c=[0.5, 1.0, 2.0])
  [ 1/15] lam=0.000 adv_c=0.50 val_f1=0.8590 val_FPR=0.1445 val_score=-0.1252  (558.1s)
  [ 2/15] lam=0.000 adv_c=1.00 val_f1=0.8590 val_FPR=0.1445 val_score=-0.1252  (570.8s)
  [ 3/15] lam=0.000 adv_c=2.00 val_f1=0.8590 val_FPR=0.1445 val_score=-0.1252  (581.9s)
  [ 4/15] lam=0.050 adv_c=0.50 val_f1=0.8497 val_FPR=0.1402 val_score=-0.1714  (568.5s)
  [ 5/15] lam=0.050 adv_c=1.00 val_f1=0.8522 val_FPR=0.1260 val_score=-0.1336  (572.6s)
  [ 6/15] lam=0.050 adv_c=2.00 val_f1=0.8517 val_FPR=0.1310 val_score=-0.1451  (576.0s)
  [ 7/15] lam=0.100 adv_c=0.50 val_f1=0.8567 val_FPR=0.1252 val_score=-0.1469  (569.9s)
  [ 8/15] lam=0.100 adv_c=1.00 val_f1=0.8548 val_FPR=0.1285 val_score=-0.1544  (590.9s)
  [ 9/15] lam=0.100 adv_c=2.00 val_f1=0.8522 val_FPR=0.1361 val_score=-0.1615  (585.4s)
  [10/15] lam=0.250 adv_c=0.50 val_f1=0.8555 val_FPR=0.1310 val_score=-0.1560  (555.5s)
  [11/15] lam=0.250 adv_c=1.00 val_f1=0.8534 val_FPR=0.1335 val_score=-0.1608  (576.3s)
  [12/15] lam=0.250 adv_c=2.00 val_f1=0.8536 val_FPR=0.1310 val_score=-0.1528  (578.4s)
  [13/15] lam=0.500 adv_c=0.50 val_f1=0.8550 val_FPR=0.1260 val_score=-0.1419  (562.4s)
  [14/15] lam=0.500 adv_c=1.00 val_f1=0.8567 val_FPR=0.1462 val_score=-0.1099  (584.0s)
  [15/15] lam=0.500 adv_c=2.00 val_f1=0.8569 val_FPR=0.1437 val_score=-0.1101  (597.7s)

=== BEST CELL FOR TAG=T1_T2_T3 ===
  lambda_adv=0.05  adv_c=0.5
  val_score=-0.1714  F1=0.8226
  test FPR (AAE/SAE)=0.2963/0.1639  FNR (AAE/SAE)=0.1452/0.1986
  test mean_FPR=0.2301 mean_FNR=0.1719
  FPR_gap=0.1324  FNR_gap=0.0535

Saved to: data/results/fairness_ablation/T1_T2_T3_metrics.json  (elapsed 143.8 min)

Task T1_T2_T3 completed at: Sat Apr 18 04:39:19 PDT 2026
