==========================================
SLURM_JOB_ID = 8153300
SLURM_JOB_NODELIST = e21-04
TMPDIR = /tmp/SLURM_8153300
==========================================
==============================================
Array task: 2
Node: e21-04.hpc.usc.edu
Start time: Fri Apr 17 23:09:54 PDT 2026
==============================================
fairlearn 0.8.0 | xgboost 3.2.0
Running: T2   (--enable_2)
==============================================
Train: 5828 | Val: 1249 | Test: 1249
Techniques: CEO=False | Platt=True | Reductions=False | ROC=False

=== RESULTS ===
  accuracy            : 0.8391
  f1                  : 0.8396
  AAE_FPR             : 0.7037
  AAE_FNR             : 0.0269
  AAE_TPR             : 0.9731
  AAE_acc             : 0.8873
  AAE_pos_rate        : 0.9390
  SAE_FPR             : 0.1405
  SAE_FNR             : 0.2123
  SAE_TPR             : 0.7877
  SAE_acc             : 0.8292
  SAE_pos_rate        : 0.4141
  FPR_gap             : 0.5632
  FNR_gap             : 0.1854
  TPR_gap             : 0.1854
  DIfav               : 0.1042
  DIunfav             : 2.2675

Saved to: data/results/fairness_ablation/T2_metrics.json

Task T2 completed at: Fri Apr 17 23:10:01 PDT 2026
