==========================================
SLURM_JOB_ID = 8153702
SLURM_JOB_NODELIST = a03-06
TMPDIR = /tmp/SLURM_8153702
==========================================
==============================================
Array task: 5
Node: a03-06.hpc.usc.edu
Start time: Sat Apr 18 01:40:25 PDT 2026
==============================================
fairlearn 0.8.0 | xgboost 3.2.0
Running: T1_T2   (--enable_1 --enable_2)
==============================================
Train: 5828 (AAE=993, SAE=4835)
Val:   1249 | Test: 1249
Tag: T1_T2
Techniques: CEO=True Platt=True Reductions=False ROC=False
Grid size: 15 cells (lambda=[0.0, 0.05, 0.1, 0.25, 0.5], adv_c=[0.5, 1.0, 2.0])
  [ 1/15] lam=0.000 adv_c=0.50 val_f1=0.8534 val_FPR=0.1335 val_score=-0.1676  (455.4s)
  [ 2/15] lam=0.000 adv_c=1.00 val_f1=0.8534 val_FPR=0.1335 val_score=-0.1676  (463.7s)
  [ 3/15] lam=0.000 adv_c=2.00 val_f1=0.8534 val_FPR=0.1335 val_score=-0.1676  (468.8s)
  [ 4/15] lam=0.050 adv_c=0.50 val_f1=0.8532 val_FPR=0.1571 val_score=-0.1187  (459.1s)
  [ 5/15] lam=0.050 adv_c=1.00 val_f1=0.8369 val_FPR=0.1386 val_score=-0.1346  (465.3s)
  [ 6/15] lam=0.050 adv_c=2.00 val_f1=0.8473 val_FPR=0.1386 val_score=-0.1557  (470.7s)
  [ 7/15] lam=0.100 adv_c=0.50 val_f1=0.8576 val_FPR=0.1319 val_score=-0.1666  (455.8s)
  [ 8/15] lam=0.100 adv_c=1.00 val_f1=0.8628 val_FPR=0.1621 val_score=-0.0730  (465.5s)
  [ 9/15] lam=0.100 adv_c=2.00 val_f1=0.8500 val_FPR=0.1411 val_score=-0.1742  (470.8s)
  [10/15] lam=0.250 adv_c=0.50 val_f1=0.8536 val_FPR=0.1277 val_score=-0.1443  (447.2s)
  [11/15] lam=0.250 adv_c=1.00 val_f1=0.8491 val_FPR=0.1478 val_score=-0.1886  (462.6s)
  [12/15] lam=0.250 adv_c=2.00 val_f1=0.8604 val_FPR=0.1352 val_score=-0.1788  (472.7s)
  [13/15] lam=0.500 adv_c=0.50 val_f1=0.8444 val_FPR=0.1352 val_score=-0.1481  (450.0s)
  [14/15] lam=0.500 adv_c=1.00 val_f1=0.8447 val_FPR=0.1268 val_score=-0.1281  (463.4s)
  [15/15] lam=0.500 adv_c=2.00 val_f1=0.8512 val_FPR=0.1117 val_score=-0.1756  (464.4s)

=== BEST CELL FOR TAG=T1_T2 ===
  lambda_adv=0.25  adv_c=1.0
  val_score=-0.1886  F1=0.8162
  test FPR (AAE/SAE)=0.2963/0.1873  FNR (AAE/SAE)=0.1344/0.1963
  test mean_FPR=0.2418 mean_FNR=0.1654
  FPR_gap=0.1090  FNR_gap=0.0619

Saved to: data/results/fairness_ablation/T1_T2_metrics.json  (elapsed 115.6 min)

Task T1_T2 completed at: Sat Apr 18 03:39:12 PDT 2026
