==========================================
SLURM_JOB_ID = 8153477
SLURM_JOB_NODELIST = b11-11
TMPDIR = /tmp/SLURM_8153477
==========================================
==============================================
Array task: 14
Node: b11-11.hpc.usc.edu
Start time: Fri Apr 17 23:23:06 PDT 2026
==============================================
fairlearn 0.8.0 | xgboost 3.2.0
Running: T2_T3_T4   (--enable_2 --enable_3 --enable_4)
==============================================
Train: 5828 | Val: 1249 | Test: 1249
Techniques: CEO=False | Platt=True | Reductions=True | ROC=True
  [INFO] Technique 3: using group-reweighted XGB (fairlearn disabled).

=== RESULTS ===
  accuracy            : 0.7862
  f1                  : 0.8075
  AAE_FPR             : 0.3333
  AAE_FNR             : 0.0860
  AAE_TPR             : 0.9140
  AAE_acc             : 0.8826
  AAE_pos_rate        : 0.8404
  SAE_FPR             : 0.3244
  SAE_FNR             : 0.1096
  SAE_TPR             : 0.8904
  SAE_acc             : 0.7664
  SAE_pos_rate        : 0.5637
  FPR_gap             : 0.0089
  FNR_gap             : 0.0236
  TPR_gap             : 0.0236
  DIfav               : 0.3659
  DIunfav             : 1.4908

Saved to: data/results/fairness_ablation/T2_T3_T4_metrics.json

Task T2_T3_T4 completed at: Fri Apr 17 23:23:11 PDT 2026
