==========================================
SLURM_JOB_ID = 8153699
SLURM_JOB_NODELIST = e21-11
TMPDIR = /tmp/SLURM_8153699
==========================================
==============================================
Array task: 2
Node: e21-11.hpc.usc.edu
Start time: Fri Apr 17 23:40:32 PDT 2026
==============================================
fairlearn 0.8.0 | xgboost 3.2.0
Running: T2   (--enable_2)
==============================================
Train: 5828 (AAE=993, SAE=4835)
Val:   1249 | Test: 1249
Tag: T2
Techniques: CEO=False Platt=True Reductions=False ROC=False
Grid size: 15 cells (lambda=[0.0, 0.05, 0.1, 0.25, 0.5], adv_c=[0.5, 1.0, 2.0])
  [ 1/15] lam=0.000 adv_c=0.50 val_f1=0.8597 val_FPR=0.2952 val_score=0.4621  (551.6s)
  [ 2/15] lam=0.000 adv_c=1.00 val_f1=0.8597 val_FPR=0.2952 val_score=0.4621  (567.4s)
  [ 3/15] lam=0.000 adv_c=2.00 val_f1=0.8597 val_FPR=0.2952 val_score=0.4621  (578.5s)
  [ 4/15] lam=0.050 adv_c=0.50 val_f1=0.8601 val_FPR=0.2792 val_score=0.4009  (571.7s)
  [ 5/15] lam=0.050 adv_c=1.00 val_f1=0.8530 val_FPR=0.3364 val_score=0.6122  (579.1s)
  [ 6/15] lam=0.050 adv_c=2.00 val_f1=0.8442 val_FPR=0.3204 val_score=0.5340  (567.4s)
  [ 7/15] lam=0.100 adv_c=0.50 val_f1=0.8532 val_FPR=0.3196 val_score=0.5336  (564.6s)
  [ 8/15] lam=0.100 adv_c=1.00 val_f1=0.8620 val_FPR=0.2935 val_score=0.4585  (573.7s)
  [ 9/15] lam=0.100 adv_c=2.00 val_f1=0.8560 val_FPR=0.2598 val_score=0.3369  (587.4s)
  [10/15] lam=0.250 adv_c=0.50 val_f1=0.8620 val_FPR=0.3145 val_score=0.5271  (553.9s)
  [11/15] lam=0.250 adv_c=1.00 val_f1=0.8595 val_FPR=0.2800 val_score=0.4025  (575.6s)
  [12/15] lam=0.250 adv_c=2.00 val_f1=0.8627 val_FPR=0.2960 val_score=0.4565  (584.6s)
  [13/15] lam=0.500 adv_c=0.50 val_f1=0.8590 val_FPR=0.3280 val_score=0.5805  (553.7s)
  [14/15] lam=0.500 adv_c=1.00 val_f1=0.8555 val_FPR=0.3145 val_score=0.5142  (574.9s)
  [15/15] lam=0.500 adv_c=2.00 val_f1=0.8655 val_FPR=0.2716 val_score=0.3815  (579.5s)

=== BEST CELL FOR TAG=T2 ===
  lambda_adv=0.1  adv_c=2.0
  val_score=0.3369  F1=0.8378
  test FPR (AAE/SAE)=0.6296/0.1505  FNR (AAE/SAE)=0.0215/0.2123
  test mean_FPR=0.3901 mean_FNR=0.1169
  FPR_gap=0.4791  FNR_gap=0.1908

Saved to: data/results/fairness_ablation/T2_metrics.json  (elapsed 142.7 min)

Task T2 completed at: Sat Apr 18 02:03:22 PDT 2026
