==========================================
SLURM_JOB_ID = 8153710
SLURM_JOB_NODELIST = e22-06
TMPDIR = /tmp/SLURM_8153710
==========================================
==============================================
Array task: 13
Node: e22-06.hpc.usc.edu
Start time: Sat Apr 18 02:17:29 PDT 2026
==============================================
fairlearn 0.8.0 | xgboost 3.2.0
Running: T1_T3_T4   (--enable_1 --enable_3 --enable_4)
==============================================
Train: 5828 (AAE=993, SAE=4835)
Val:   1249 | Test: 1249
Tag: T1_T3_T4
Techniques: CEO=True Platt=False Reductions=True ROC=True
Grid size: 15 cells (lambda=[0.0, 0.05, 0.1, 0.25, 0.5], adv_c=[0.5, 1.0, 2.0])
  [ 1/15] lam=0.000 adv_c=0.50 val_f1=0.8417 val_FPR=0.1478 val_score=-0.1757  (563.0s)
  [ 2/15] lam=0.000 adv_c=1.00 val_f1=0.8417 val_FPR=0.1478 val_score=-0.1757  (571.5s)
  [ 3/15] lam=0.000 adv_c=2.00 val_f1=0.8417 val_FPR=0.1478 val_score=-0.1757  (581.5s)
  [ 4/15] lam=0.050 adv_c=0.50 val_f1=0.8383 val_FPR=0.1670 val_score=-0.1224  (573.3s)
  [ 5/15] lam=0.050 adv_c=1.00 val_f1=0.8377 val_FPR=0.1562 val_score=-0.1665  (578.8s)
  [ 6/15] lam=0.050 adv_c=2.00 val_f1=0.8480 val_FPR=0.1503 val_score=-0.1805  (582.3s)
  [ 7/15] lam=0.100 adv_c=0.50 val_f1=0.8441 val_FPR=0.1620 val_score=-0.1429  (562.5s)
  [ 8/15] lam=0.100 adv_c=1.00 val_f1=0.8426 val_FPR=0.1570 val_score=-0.1544  (573.0s)
  [ 9/15] lam=0.100 adv_c=2.00 val_f1=0.8382 val_FPR=0.1696 val_score=-0.1028  (582.5s)
  [10/15] lam=0.250 adv_c=0.50 val_f1=0.8400 val_FPR=0.1637 val_score=-0.1404  (546.1s)
  [11/15] lam=0.250 adv_c=1.00 val_f1=0.8367 val_FPR=0.1528 val_score=-0.1642  (586.8s)
  [12/15] lam=0.250 adv_c=2.00 val_f1=0.8401 val_FPR=0.1309 val_score=-0.1662  (583.8s)
  [13/15] lam=0.500 adv_c=0.50 val_f1=0.8405 val_FPR=0.1654 val_score=-0.1241  (563.3s)
  [14/15] lam=0.500 adv_c=1.00 val_f1=0.8471 val_FPR=0.1503 val_score=-0.1855  (577.5s)
  [15/15] lam=0.500 adv_c=2.00 val_f1=0.8403 val_FPR=0.1587 val_score=-0.1656  (592.8s)

=== BEST CELL FOR TAG=T1_T3_T4 ===
  lambda_adv=0.5  adv_c=1.0
  val_score=-0.1855  F1=0.8173
  test FPR (AAE/SAE)=0.2593/0.2007  FNR (AAE/SAE)=0.1559/0.1735
  test mean_FPR=0.2300 mean_FNR=0.1647
  FPR_gap=0.0586  FNR_gap=0.0176

Saved to: data/results/fairness_ablation/T1_T3_T4_metrics.json  (elapsed 143.6 min)

Task T1_T3_T4 completed at: Sat Apr 18 04:41:14 PDT 2026
