==========================================
SLURM_JOB_ID = 8153476
SLURM_JOB_NODELIST = a03-01
TMPDIR = /tmp/SLURM_8153476
==========================================
==============================================
Array task: 13
Node: a03-01.hpc.usc.edu
Start time: Fri Apr 17 23:23:06 PDT 2026
==============================================
fairlearn 0.8.0 | xgboost 3.2.0
Running: T1_T3_T4   (--enable_1 --enable_3 --enable_4)
==============================================
Train: 5828 | Val: 1249 | Test: 1249
Techniques: CEO=True | Platt=False | Reductions=True | ROC=True
  [INFO] Technique 3: using group-reweighted XGB (fairlearn disabled).

=== RESULTS ===
  accuracy            : 0.8183
  f1                  : 0.8177
  AAE_FPR             : 0.2593
  AAE_FNR             : 0.1667
  AAE_TPR             : 0.8333
  AAE_acc             : 0.8216
  AAE_pos_rate        : 0.7606
  SAE_FPR             : 0.1756
  SAE_FNR             : 0.1918
  SAE_TPR             : 0.8082
  SAE_acc             : 0.8176
  SAE_pos_rate        : 0.4431
  FPR_gap             : 0.0837
  FNR_gap             : 0.0251
  TPR_gap             : 0.0251
  DIfav               : 0.4299
  DIunfav             : 1.7167

Saved to: data/results/fairness_ablation/T1_T3_T4_metrics.json

Task T1_T3_T4 completed at: Fri Apr 17 23:23:11 PDT 2026
