==========================================
SLURM_JOB_ID = 8153469
SLURM_JOB_NODELIST = b11-11
TMPDIR = /tmp/SLURM_8153469
==========================================
==============================================
Array task: 6
Node: b11-11.hpc.usc.edu
Start time: Fri Apr 17 23:20:59 PDT 2026
==============================================
fairlearn 0.8.0 | xgboost 3.2.0
Running: T1_T3   (--enable_1 --enable_3)
==============================================
Train: 5828 | Val: 1249 | Test: 1249
Techniques: CEO=True | Platt=False | Reductions=True | ROC=False
  [INFO] Technique 3: using group-reweighted XGB (fairlearn disabled).

=== RESULTS ===
  accuracy            : 0.8183
  f1                  : 0.8162
  AAE_FPR             : 0.2593
  AAE_FNR             : 0.1613
  AAE_TPR             : 0.8387
  AAE_acc             : 0.8263
  AAE_pos_rate        : 0.7653
  SAE_FPR             : 0.1672
  SAE_FNR             : 0.2055
  SAE_TPR             : 0.7945
  SAE_acc             : 0.8166
  SAE_pos_rate        : 0.4324
  FPR_gap             : 0.0920
  FNR_gap             : 0.0442
  TPR_gap             : 0.0442
  DIfav               : 0.4136
  DIunfav             : 1.7697

Saved to: data/results/fairness_ablation/T1_T3_metrics.json

Task T1_T3 completed at: Fri Apr 17 23:21:04 PDT 2026
