==========================================
SLURM_JOB_ID = 8153475
SLURM_JOB_NODELIST = b11-11
TMPDIR = /tmp/SLURM_8153475
==========================================
==============================================
Array task: 12
Node: b11-11.hpc.usc.edu
Start time: Fri Apr 17 23:22:34 PDT 2026
==============================================
fairlearn 0.8.0 | xgboost 3.2.0
Running: T1_T2_T4   (--enable_1 --enable_2 --enable_4)
==============================================
Train: 5828 | Val: 1249 | Test: 1249
Techniques: CEO=True | Platt=True | Reductions=False | ROC=True

=== RESULTS ===
  accuracy            : 0.8127
  f1                  : 0.8166
  AAE_FPR             : 0.2593
  AAE_FNR             : 0.1613
  AAE_TPR             : 0.8387
  AAE_acc             : 0.8263
  AAE_pos_rate        : 0.7653
  SAE_FPR             : 0.2074
  SAE_FNR             : 0.1667
  SAE_TPR             : 0.8333
  SAE_acc             : 0.8098
  SAE_pos_rate        : 0.4720
  FPR_gap             : 0.0519
  FNR_gap             : 0.0054
  TPR_gap             : 0.0054
  DIfav               : 0.4446
  DIunfav             : 1.6213

Saved to: data/results/fairness_ablation/T1_T2_T4_metrics.json

Task T1_T2_T4 completed at: Fri Apr 17 23:22:40 PDT 2026
