==========================================
SLURM_JOB_ID = 8153297
SLURM_JOB_NODELIST = b01-03
TMPDIR = /tmp/SLURM_8153297
==========================================
==============================================
Aggregating ablation results
==============================================
Ablation summary saved: data/results/fairness_ablation/ablation_summary.csv
Total runs: 16

=== TOP 5 (by FPR_gap + FNR_gap - 0.5*F1) ===
        tag       f1  accuracy  FPR_gap  FNR_gap    DIfav  DIunfav  enable_1_ceo  enable_2_platt  enable_3_reductions  enable_4_roc
T1_T2_T3_T4 0.807498  0.786229 0.008919 0.023568 0.365865 1.490803          True            True                 True          True
   T2_T3_T4 0.807498  0.786229 0.008919 0.023568 0.365865 1.490803         False            True                 True          True
      T1_T4 0.820907  0.813451 0.070544 0.001326 0.425356 1.592672          True           False                False          True
         T4 0.820907  0.813451 0.070544 0.001326 0.425356 1.592672         False           False                False          True
   T1_T3_T4 0.809559  0.795837 0.059086 0.018707 0.393834 1.552483          True           False                 True          True

>>> BEST SETTING: T1_T2_T3_T4
    F1=0.8075  FPR_gap=0.0089  FNR_gap=0.0236  DIfav=0.3659  DIunfav=1.4908

=== TOP 5 BY F1 ===
     tag       f1  accuracy  FPR_gap  FNR_gap    DIfav  DIunfav  enable_1_ceo  enable_2_platt  enable_3_reductions  enable_4_roc
   T1_T2 0.839585  0.839071 0.563235 0.185447 0.104168 2.267529          True            True                False         False
      T2 0.839585  0.839071 0.563235 0.185447 0.104168 2.267529         False            True                False         False
T1_T2_T3 0.833466  0.832666 0.516165 0.207615 0.096314 2.273567          True            True                 True         False
   T2_T3 0.833466  0.832666 0.516165 0.207615 0.096314 2.273567         False            True                 True         False
   T1_T3 0.829346  0.828663 0.203146 0.130211 0.256427 1.975939          True           False                 True         False

=== ALL RUNS ===
        tag       f1  accuracy  FPR_gap  FNR_gap    DIfav  DIunfav  enable_1_ceo  enable_2_platt  enable_3_reductions  enable_4_roc
T1_T2_T3_T4 0.807498  0.786229 0.008919 0.023568 0.365865 1.490803          True            True                 True          True
   T2_T3_T4 0.807498  0.786229 0.008919 0.023568 0.365865 1.490803         False            True                 True          True
      T1_T4 0.820907  0.813451 0.070544 0.001326 0.425356 1.592672          True           False                False          True
         T4 0.820907  0.813451 0.070544 0.001326 0.425356 1.592672         False           False                False          True
   T1_T3_T4 0.809559  0.795837 0.059086 0.018707 0.393834 1.552483          True           False                 True          True
      T3_T4 0.809559  0.795837 0.059086 0.018707 0.393834 1.552483         False           False                 True          True
   T1_T2_T4 0.820809  0.801441 0.220860 0.005303 0.306634 1.553730          True            True                False          True
      T2_T4 0.820809  0.801441 0.220860 0.005303 0.306634 1.553730         False            True                False          True
      T1_T3 0.829346  0.828663 0.203146 0.130211 0.256427 1.975939          True           False                 True         False
         T3 0.829346  0.828663 0.203146 0.130211 0.256427 1.975939         False           False                 True         False
         T1 0.829150  0.831065 0.376378 0.102519 0.265301 2.031306          True           False                False         False
   baseline 0.829150  0.831065 0.376378 0.102519 0.265301 2.031306         False           False                False         False
   T1_T2_T3 0.833466  0.832666 0.516165 0.207615 0.096314 2.273567          True            True                 True         False
      T2_T3 0.833466  0.832666 0.516165 0.207615 0.096314 2.273567         False            True                 True         False
      T1_T2 0.839585  0.839071 0.563235 0.185447 0.104168 2.267529          True            True                False         False
         T2 0.839585  0.839071 0.563235 0.185447 0.104168 2.267529         False            True                False         False

Aggregation done at Fri Apr 17 23:13:37 PDT 2026
