==========================================
SLURM_JOB_ID = 8153703
SLURM_JOB_NODELIST = a02-01
TMPDIR = /tmp/SLURM_8153703
==========================================
==============================================
Array task: 6
Node: a02-01.hpc.usc.edu
Start time: Sat Apr 18 01:46:10 PDT 2026
==============================================
fairlearn 0.8.0 | xgboost 3.2.0
Running: T1_T3   (--enable_1 --enable_3)
==============================================
Train: 5828 (AAE=993, SAE=4835)
Val:   1249 | Test: 1249
Tag: T1_T3
Techniques: CEO=True Platt=False Reductions=True ROC=False
Grid size: 15 cells (lambda=[0.0, 0.05, 0.1, 0.25, 0.5], adv_c=[0.5, 1.0, 2.0])
  [ 1/15] lam=0.000 adv_c=0.50 val_f1=0.8529 val_FPR=0.1319 val_score=-0.1575  (456.0s)
  [ 2/15] lam=0.000 adv_c=1.00 val_f1=0.8529 val_FPR=0.1319 val_score=-0.1575  (467.1s)
  [ 3/15] lam=0.000 adv_c=2.00 val_f1=0.8529 val_FPR=0.1319 val_score=-0.1575  (473.8s)
  [ 4/15] lam=0.050 adv_c=0.50 val_f1=0.8499 val_FPR=0.1344 val_score=-0.1549  (465.2s)
  [ 5/15] lam=0.050 adv_c=1.00 val_f1=0.8491 val_FPR=0.1319 val_score=-0.1442  (470.5s)
  [ 6/15] lam=0.050 adv_c=2.00 val_f1=0.8489 val_FPR=0.1344 val_score=-0.1499  (474.0s)
  [ 7/15] lam=0.100 adv_c=0.50 val_f1=0.8520 val_FPR=0.1319 val_score=-0.1524  (459.7s)
  [ 8/15] lam=0.100 adv_c=1.00 val_f1=0.8506 val_FPR=0.1528 val_score=-0.1461  (470.5s)
  [ 9/15] lam=0.100 adv_c=2.00 val_f1=0.8530 val_FPR=0.1419 val_score=-0.1730  (463.6s)
  [10/15] lam=0.250 adv_c=0.50 val_f1=0.8564 val_FPR=0.1310 val_score=-0.1565  (453.2s)
  [11/15] lam=0.250 adv_c=1.00 val_f1=0.8609 val_FPR=0.1302 val_score=-0.1652  (469.8s)
  [12/15] lam=0.250 adv_c=2.00 val_f1=0.8592 val_FPR=0.1521 val_score=-0.1024  (477.5s)
  [13/15] lam=0.500 adv_c=0.50 val_f1=0.8551 val_FPR=0.1461 val_score=-0.1624  (455.3s)
  [14/15] lam=0.500 adv_c=1.00 val_f1=0.8494 val_FPR=0.1361 val_score=-0.1532  (464.3s)
  [15/15] lam=0.500 adv_c=2.00 val_f1=0.8592 val_FPR=0.1554 val_score=-0.0920  (468.1s)

=== BEST CELL FOR TAG=T1_T3 ===
  lambda_adv=0.1  adv_c=2.0
  val_score=-0.1730  F1=0.8232
  test FPR (AAE/SAE)=0.3333/0.1773  FNR (AAE/SAE)=0.1237/0.1918
  test mean_FPR=0.2553 mean_FNR=0.1577
  FPR_gap=0.1561  FNR_gap=0.0681

Saved to: data/results/fairness_ablation/T1_T3_metrics.json  (elapsed 116.5 min)

Task T1_T3 completed at: Sat Apr 18 03:42:51 PDT 2026
