==========================================
SLURM_JOB_ID = 8153696
SLURM_JOB_NODELIST = d11-45
TMPDIR = /tmp/SLURM_8153696
==========================================
==============================================
Aggregating ablation results
==============================================
Ablation summary saved: data/results/fairness_ablation/ablation_summary.csv
Total runs: 16

Scoring: 1.5*mean_FPR + 1.0*|mean_FPR - mean_FNR| + 0.5*(FPR_gap+FNR_gap) - 0.5*F1
F1 floor: 0.7 (penalty 10 below that)

=== TOP 5 (lowest score; lower FPR + more balance) ===
        tag       f1  mean_FPR  mean_FNR  abs_balance  AAE_FPR  SAE_FPR  AAE_FNR  SAE_FNR  FPR_gap  FNR_gap    _score  enable_1_ceo  enable_2_platt  enable_3_reductions  enable_4_roc
   T1_T2_T4 0.813397  0.206429  0.181175     0.025253 0.222222 0.190635 0.177419 0.184932 0.031587 0.007512 -0.052252          True            True                False          True
      T1_T4 0.815873  0.208101  0.176609     0.031492 0.222222 0.193980 0.177419 0.175799 0.028242 0.001620 -0.049362          True           False                False          True
T1_T2_T3_T4 0.810127  0.213118  0.177346     0.035772 0.222222 0.204013 0.172043 0.182648 0.018209 0.010605 -0.035207          True            True                 True          True
   T1_T3_T4 0.817323  0.229964  0.164715     0.065249 0.259259 0.200669 0.155914 0.173516 0.058590 0.017602  0.039630          True           False                 True          True
         T1 0.820388  0.229252  0.179960     0.049292 0.296296 0.162207 0.161290 0.198630 0.134089 0.037340  0.068690          True           False                False         False

>>> BEST SETTING: T1_T2_T4
    F1=0.8134
    mean_FPR=0.2064  mean_FNR=0.1812  |diff|=0.0253
    AAE: FPR=0.2222 FNR=0.1774
    SAE: FPR=0.1906 FNR=0.1849
    FPR_gap=0.0316  FNR_gap=0.0075

=== TOP 5 BY F1 ===
     tag       f1  mean_FPR  mean_FNR  abs_balance  AAE_FPR  SAE_FPR  AAE_FNR  SAE_FNR  FPR_gap  FNR_gap   _score  enable_1_ceo  enable_2_platt  enable_3_reductions  enable_4_roc
   T2_T3 0.841091  0.435588  0.117248     0.318339 0.740741 0.130435 0.010753 0.223744 0.610306 0.212992 0.962824         False            True                 True         False
      T2 0.837838  0.390066  0.116917     0.273149 0.629630 0.150502 0.021505 0.212329 0.479128 0.190823 0.774304         False            True                False         False
      T3 0.831587  0.261272  0.148034     0.113239 0.370370 0.152174 0.086022 0.210046 0.218196 0.124024 0.260463         False           False                 True         False
baseline 0.827309  0.336182  0.146082     0.190100 0.518519 0.153846 0.075269 0.216895 0.364672 0.141626 0.533869         False           False                False         False
   T2_T4 0.826471  0.393039  0.090882     0.302156 0.518519 0.267559 0.069892 0.111872 0.250960 0.041980 0.624949         False            True                False          True

=== ALL RUNS (sorted by composite score) ===
        tag       f1  mean_FPR  mean_FNR  abs_balance  AAE_FPR  SAE_FPR  AAE_FNR  SAE_FNR  FPR_gap  FNR_gap    _score  enable_1_ceo  enable_2_platt  enable_3_reductions  enable_4_roc
   T1_T2_T4 0.813397  0.206429  0.181175     0.025253 0.222222 0.190635 0.177419 0.184932 0.031587 0.007512 -0.052252          True            True                False          True
      T1_T4 0.815873  0.208101  0.176609     0.031492 0.222222 0.193980 0.177419 0.175799 0.028242 0.001620 -0.049362          True           False                False          True
T1_T2_T3_T4 0.810127  0.213118  0.177346     0.035772 0.222222 0.204013 0.172043 0.182648 0.018209 0.010605 -0.035207          True            True                 True          True
   T1_T3_T4 0.817323  0.229964  0.164715     0.065249 0.259259 0.200669 0.155914 0.173516 0.058590 0.017602  0.039630          True           False                 True          True
         T1 0.820388  0.229252  0.179960     0.049292 0.296296 0.162207 0.161290 0.198630 0.134089 0.037340  0.068690          True           False                False         False
   T1_T2_T3 0.822581  0.230088  0.171896     0.058192 0.296296 0.163880 0.145161 0.198630 0.132417 0.053469  0.084977          True            True                 True         False
      T1_T2 0.816229  0.241794  0.165378     0.076416 0.296296 0.187291 0.134409 0.196347 0.109005 0.061938  0.116464          True            True                False         False
      T1_T3 0.823248  0.255295  0.157718     0.097577 0.333333 0.177258 0.123656 0.191781 0.156076 0.068125  0.180996          True           False                 True         False
         T4 0.820837  0.261984  0.155840     0.106144 0.333333 0.190635 0.129032 0.182648 0.142698 0.053616  0.186859         False           False                False          True
      T3_T4 0.821233  0.268673  0.142805     0.125869 0.333333 0.204013 0.107527 0.178082 0.129320 0.070555  0.218200         False           False                 True          True
         T3 0.831587  0.261272  0.148034     0.113239 0.370370 0.152174 0.086022 0.210046 0.218196 0.124024  0.260463         False           False                 True         False
   baseline 0.827309  0.336182  0.146082     0.190100 0.518519 0.153846 0.075269 0.216895 0.364672 0.141626  0.533869         False           False                False         False
   T2_T3_T4 0.819188  0.377028  0.100420     0.276609 0.481481 0.272575 0.075269 0.125571 0.208906 0.050302  0.562161         False            True                 True          True
      T2_T4 0.826471  0.393039  0.090882     0.302156 0.518519 0.267559 0.069892 0.111872 0.250960 0.041980  0.624949         False            True                False          True
         T2 0.837838  0.390066  0.116917     0.273149 0.629630 0.150502 0.021505 0.212329 0.479128 0.190823  0.774304         False            True                False         False
      T2_T3 0.841091  0.435588  0.117248     0.318339 0.740741 0.130435 0.010753 0.223744 0.610306 0.212992  0.962824         False            True                 True         False

Aggregation done at Sat Apr 18 04:45:24 PDT 2026
