==========================================
SLURM_JOB_ID = 8153706
SLURM_JOB_NODELIST = e21-12
TMPDIR = /tmp/SLURM_8153706
==========================================
==============================================
Array task: 9
Node: e21-12.hpc.usc.edu
Start time: Sat Apr 18 02:09:08 PDT 2026
==============================================
fairlearn 0.8.0 | xgboost 3.2.0
Running: T2_T4   (--enable_2 --enable_4)
==============================================
Train: 5828 (AAE=993, SAE=4835)
Val:   1249 | Test: 1249
Tag: T2_T4
Techniques: CEO=False Platt=True Reductions=False ROC=True
Grid size: 15 cells (lambda=[0.0, 0.05, 0.1, 0.25, 0.5], adv_c=[0.5, 1.0, 2.0])
  [ 1/15] lam=0.000 adv_c=0.50 val_f1=0.8322 val_FPR=0.2561 val_score=0.1359  (560.0s)
  [ 2/15] lam=0.000 adv_c=1.00 val_f1=0.8322 val_FPR=0.2561 val_score=0.1359  (566.6s)
  [ 3/15] lam=0.000 adv_c=2.00 val_f1=0.8322 val_FPR=0.2561 val_score=0.1359  (576.6s)
  [ 4/15] lam=0.050 adv_c=0.50 val_f1=0.8331 val_FPR=0.2620 val_score=0.1550  (565.1s)
  [ 5/15] lam=0.050 adv_c=1.00 val_f1=0.8357 val_FPR=0.2326 val_score=0.0771  (573.4s)
  [ 6/15] lam=0.050 adv_c=2.00 val_f1=0.8177 val_FPR=0.2997 val_score=0.2460  (576.8s)
  [ 7/15] lam=0.100 adv_c=0.50 val_f1=0.8452 val_FPR=0.2292 val_score=0.0821  (557.2s)
  [ 8/15] lam=0.100 adv_c=1.00 val_f1=0.8331 val_FPR=0.2620 val_score=0.1497  (573.7s)
  [ 9/15] lam=0.100 adv_c=2.00 val_f1=0.8223 val_FPR=0.2981 val_score=0.2444  (585.4s)
  [10/15] lam=0.250 adv_c=0.50 val_f1=0.8368 val_FPR=0.2393 val_score=0.1000  (551.8s)
  [11/15] lam=0.250 adv_c=1.00 val_f1=0.8311 val_FPR=0.2611 val_score=0.1638  (571.1s)
  [12/15] lam=0.250 adv_c=2.00 val_f1=0.8263 val_FPR=0.2737 val_score=0.1921  (581.3s)
  [13/15] lam=0.500 adv_c=0.50 val_f1=0.8385 val_FPR=0.2300 val_score=0.0723  (549.8s)
  [14/15] lam=0.500 adv_c=1.00 val_f1=0.8326 val_FPR=0.2250 val_score=0.0523  (566.9s)
  [15/15] lam=0.500 adv_c=2.00 val_f1=0.8307 val_FPR=0.2628 val_score=0.1699  (569.8s)

=== BEST CELL FOR TAG=T2_T4 ===
  lambda_adv=0.5  adv_c=1.0
  val_score=0.0523  F1=0.8265
  test FPR (AAE/SAE)=0.5185/0.2676  FNR (AAE/SAE)=0.0699/0.1119
  test mean_FPR=0.3930 mean_FNR=0.0909
  FPR_gap=0.2510  FNR_gap=0.0420

Saved to: data/results/fairness_ablation/T2_T4_metrics.json  (elapsed 142.1 min)

Task T2_T4 completed at: Sat Apr 18 04:31:24 PDT 2026
