==========================================
SLURM_JOB_ID = 8153711
SLURM_JOB_NODELIST = e22-09
TMPDIR = /tmp/SLURM_8153711
==========================================
==============================================
Array task: 14
Node: e22-09.hpc.usc.edu
Start time: Sat Apr 18 02:18:32 PDT 2026
==============================================
fairlearn 0.8.0 | xgboost 3.2.0
Running: T2_T3_T4   (--enable_2 --enable_3 --enable_4)
==============================================
Train: 5828 (AAE=993, SAE=4835)
Val:   1249 | Test: 1249
Tag: T2_T3_T4
Techniques: CEO=False Platt=True Reductions=True ROC=True
Grid size: 15 cells (lambda=[0.0, 0.05, 0.1, 0.25, 0.5], adv_c=[0.5, 1.0, 2.0])
  [ 1/15] lam=0.000 adv_c=0.50 val_f1=0.8346 val_FPR=0.2611 val_score=0.1417  (558.9s)
  [ 2/15] lam=0.000 adv_c=1.00 val_f1=0.8346 val_FPR=0.2611 val_score=0.1417  (572.9s)
  [ 3/15] lam=0.000 adv_c=2.00 val_f1=0.8346 val_FPR=0.2611 val_score=0.1417  (580.7s)
  [ 4/15] lam=0.050 adv_c=0.50 val_f1=0.8327 val_FPR=0.2636 val_score=0.1514  (568.5s)
  [ 5/15] lam=0.050 adv_c=1.00 val_f1=0.8267 val_FPR=0.2636 val_score=0.1587  (575.1s)
  [ 6/15] lam=0.050 adv_c=2.00 val_f1=0.8305 val_FPR=0.2620 val_score=0.1563  (582.8s)
  [ 7/15] lam=0.100 adv_c=0.50 val_f1=0.8366 val_FPR=0.2561 val_score=0.1445  (561.5s)
  [ 8/15] lam=0.100 adv_c=1.00 val_f1=0.8331 val_FPR=0.2561 val_score=0.1462  (580.5s)
  [ 9/15] lam=0.100 adv_c=2.00 val_f1=0.8355 val_FPR=0.2317 val_score=0.0796  (584.0s)
  [10/15] lam=0.250 adv_c=0.50 val_f1=0.8373 val_FPR=0.2586 val_score=0.1425  (545.6s)
  [11/15] lam=0.250 adv_c=1.00 val_f1=0.8293 val_FPR=0.2695 val_score=0.1779  (576.6s)
  [12/15] lam=0.250 adv_c=2.00 val_f1=0.8342 val_FPR=0.2628 val_score=0.1520  (580.6s)
  [13/15] lam=0.500 adv_c=0.50 val_f1=0.8344 val_FPR=0.2636 val_score=0.1548  (558.2s)
  [14/15] lam=0.500 adv_c=1.00 val_f1=0.8411 val_FPR=0.2242 val_score=0.0719  (579.0s)
  [15/15] lam=0.500 adv_c=2.00 val_f1=0.8398 val_FPR=0.2494 val_score=0.1274  (571.2s)

=== BEST CELL FOR TAG=T2_T3_T4 ===
  lambda_adv=0.5  adv_c=1.0
  val_score=0.0719  F1=0.8192
  test FPR (AAE/SAE)=0.4815/0.2726  FNR (AAE/SAE)=0.0753/0.1256
  test mean_FPR=0.3770 mean_FNR=0.1004
  FPR_gap=0.2089  FNR_gap=0.0503

Saved to: data/results/fairness_ablation/T2_T3_T4_metrics.json  (elapsed 142.9 min)

Task T2_T3_T4 completed at: Sat Apr 18 04:41:34 PDT 2026
