==========================================
SLURM_JOB_ID = 8153304
SLURM_JOB_NODELIST = a03-01
TMPDIR = /tmp/SLURM_8153304
==========================================
==============================================
Array task: 6
Node: a03-01.hpc.usc.edu
Start time: Fri Apr 17 23:10:58 PDT 2026
==============================================
fairlearn 0.8.0 | xgboost 3.2.0
Running: T1_T3   (--enable_1 --enable_3)
==============================================
Train: 5828 | Val: 1249 | Test: 1249
Techniques: CEO=True | Platt=False | Reductions=True | ROC=False
  [INFO] Technique 3: using group-reweighted XGB (fairlearn disabled).

=== RESULTS ===
  accuracy            : 0.8287
  f1                  : 0.8293
  AAE_FPR             : 0.3704
  AAE_FNR             : 0.0753
  AAE_TPR             : 0.9247
  AAE_acc             : 0.8873
  AAE_pos_rate        : 0.8545
  SAE_FPR             : 0.1672
  SAE_FNR             : 0.2055
  SAE_TPR             : 0.7945
  SAE_acc             : 0.8166
  SAE_pos_rate        : 0.4324
  FPR_gap             : 0.2031
  FNR_gap             : 0.1302
  TPR_gap             : 0.1302
  DIfav               : 0.2564
  DIunfav             : 1.9759

Saved to: data/results/fairness_ablation/T1_T3_metrics.json

Task T1_T3 completed at: Fri Apr 17 23:11:03 PDT 2026
