==========================================
SLURM_JOB_ID = 8153474
SLURM_JOB_NODELIST = a03-01
TMPDIR = /tmp/SLURM_8153474
==========================================
==============================================
Array task: 11
Node: a03-01.hpc.usc.edu
Start time: Fri Apr 17 23:22:34 PDT 2026
==============================================
fairlearn 0.8.0 | xgboost 3.2.0
Running: T1_T2_T3   (--enable_1 --enable_2 --enable_3)
==============================================
Train: 5828 | Val: 1249 | Test: 1249
Techniques: CEO=True | Platt=True | Reductions=True | ROC=False
  [INFO] Technique 3: using group-reweighted XGB (fairlearn disabled).

=== RESULTS ===
  accuracy            : 0.8183
  f1                  : 0.8150
  AAE_FPR             : 0.2593
  AAE_FNR             : 0.1613
  AAE_TPR             : 0.8387
  AAE_acc             : 0.8263
  AAE_pos_rate        : 0.7653
  SAE_FPR             : 0.1605
  SAE_FNR             : 0.2146
  SAE_TPR             : 0.7854
  SAE_acc             : 0.8166
  SAE_pos_rate        : 0.4247
  FPR_gap             : 0.0987
  FNR_gap             : 0.0533
  TPR_gap             : 0.0533
  DIfav               : 0.4080
  DIunfav             : 1.8018

Saved to: data/results/fairness_ablation/T1_T2_T3_metrics.json

Task T1_T2_T3 completed at: Fri Apr 17 23:22:40 PDT 2026
