==========================================
SLURM_JOB_ID = 8153709
SLURM_JOB_NODELIST = e22-04
TMPDIR = /tmp/SLURM_8153709
==========================================
==============================================
Array task: 12
Node: e22-04.hpc.usc.edu
Start time: Sat Apr 18 02:17:29 PDT 2026
==============================================
fairlearn 0.8.0 | xgboost 3.2.0
Running: T1_T2_T4   (--enable_1 --enable_2 --enable_4)
==============================================
Train: 5828 (AAE=993, SAE=4835)
Val:   1249 | Test: 1249
Tag: T1_T2_T4
Techniques: CEO=True Platt=True Reductions=False ROC=True
Grid size: 15 cells (lambda=[0.0, 0.05, 0.1, 0.25, 0.5], adv_c=[0.5, 1.0, 2.0])
  [ 1/15] lam=0.000 adv_c=0.50 val_f1=0.8435 val_FPR=0.1444 val_score=-0.1684  (556.4s)
  [ 2/15] lam=0.000 adv_c=1.00 val_f1=0.8435 val_FPR=0.1444 val_score=-0.1684  (569.2s)
  [ 3/15] lam=0.000 adv_c=2.00 val_f1=0.8435 val_FPR=0.1444 val_score=-0.1684  (574.7s)
  [ 4/15] lam=0.050 adv_c=0.50 val_f1=0.8393 val_FPR=0.1612 val_score=-0.1488  (567.0s)
  [ 5/15] lam=0.050 adv_c=1.00 val_f1=0.8308 val_FPR=0.1520 val_score=-0.1534  (572.8s)
  [ 6/15] lam=0.050 adv_c=2.00 val_f1=0.8384 val_FPR=0.1495 val_score=-0.1701  (573.2s)
  [ 7/15] lam=0.100 adv_c=0.50 val_f1=0.8429 val_FPR=0.1520 val_score=-0.1822  (557.9s)
  [ 8/15] lam=0.100 adv_c=1.00 val_f1=0.8362 val_FPR=0.1780 val_score=-0.1164  (579.7s)
  [ 9/15] lam=0.100 adv_c=2.00 val_f1=0.8449 val_FPR=0.1284 val_score=-0.1743  (581.9s)
  [10/15] lam=0.250 adv_c=0.50 val_f1=0.8506 val_FPR=0.1528 val_score=-0.1821  (546.2s)
  [11/15] lam=0.250 adv_c=1.00 val_f1=0.8404 val_FPR=0.1528 val_score=-0.1774  (580.7s)
  [12/15] lam=0.250 adv_c=2.00 val_f1=0.8434 val_FPR=0.1772 val_score=-0.1142  (599.1s)
  [13/15] lam=0.500 adv_c=0.50 val_f1=0.8385 val_FPR=0.1587 val_score=-0.1680  (568.7s)
  [14/15] lam=0.500 adv_c=1.00 val_f1=0.8444 val_FPR=0.1444 val_score=-0.1742  (579.9s)
  [15/15] lam=0.500 adv_c=2.00 val_f1=0.8385 val_FPR=0.1587 val_score=-0.1680  (583.3s)

=== BEST CELL FOR TAG=T1_T2_T4 ===
  lambda_adv=0.1  adv_c=0.5
  val_score=-0.1822  F1=0.8134
  test FPR (AAE/SAE)=0.2222/0.1906  FNR (AAE/SAE)=0.1774/0.1849
  test mean_FPR=0.2064 mean_FNR=0.1812
  FPR_gap=0.0316  FNR_gap=0.0075

Saved to: data/results/fairness_ablation/T1_T2_T4_metrics.json  (elapsed 143.2 min)

Task T1_T2_T4 completed at: Sat Apr 18 04:40:46 PDT 2026
