==========================================
SLURM_JOB_ID = 8153704
SLURM_JOB_NODELIST = b11-13
TMPDIR = /tmp/SLURM_8153704
==========================================
==============================================
Array task: 7
Node: b11-13.hpc.usc.edu
Start time: Sat Apr 18 02:03:55 PDT 2026
==============================================
fairlearn 0.8.0 | xgboost 3.2.0
Running: T1_T4   (--enable_1 --enable_4)
==============================================
Train: 5828 (AAE=993, SAE=4835)
Val:   1249 | Test: 1249
Tag: T1_T4
Techniques: CEO=True Platt=False Reductions=False ROC=True
Grid size: 15 cells (lambda=[0.0, 0.05, 0.1, 0.25, 0.5], adv_c=[0.5, 1.0, 2.0])
  [ 1/15] lam=0.000 adv_c=0.50 val_f1=0.8482 val_FPR=0.1478 val_score=-0.1904  (371.0s)
  [ 2/15] lam=0.000 adv_c=1.00 val_f1=0.8482 val_FPR=0.1478 val_score=-0.1904  (381.6s)
  [ 3/15] lam=0.000 adv_c=2.00 val_f1=0.8482 val_FPR=0.1478 val_score=-0.1904  (386.8s)
  [ 4/15] lam=0.050 adv_c=0.50 val_f1=0.8395 val_FPR=0.1528 val_score=-0.1747  (381.1s)
  [ 5/15] lam=0.050 adv_c=1.00 val_f1=0.8358 val_FPR=0.1856 val_score=-0.0988  (384.6s)
  [ 6/15] lam=0.050 adv_c=2.00 val_f1=0.8438 val_FPR=0.1881 val_score=-0.0779  (385.9s)
  [ 7/15] lam=0.100 adv_c=0.50 val_f1=0.8394 val_FPR=0.1495 val_score=-0.1728  (375.6s)
  [ 8/15] lam=0.100 adv_c=1.00 val_f1=0.8418 val_FPR=0.1872 val_score=-0.0852  (381.8s)
  [ 9/15] lam=0.100 adv_c=2.00 val_f1=0.8348 val_FPR=0.1645 val_score=-0.1446  (387.0s)
  [10/15] lam=0.250 adv_c=0.50 val_f1=0.8519 val_FPR=0.1478 val_score=-0.1852  (368.0s)
  [11/15] lam=0.250 adv_c=1.00 val_f1=0.8368 val_FPR=0.1620 val_score=-0.1500  (382.3s)
  [12/15] lam=0.250 adv_c=2.00 val_f1=0.8390 val_FPR=0.1276 val_score=-0.1618  (389.5s)
  [13/15] lam=0.500 adv_c=0.50 val_f1=0.8352 val_FPR=0.1864 val_score=-0.0848  (369.5s)
  [14/15] lam=0.500 adv_c=1.00 val_f1=0.8328 val_FPR=0.1847 val_score=-0.1068  (380.2s)
  [15/15] lam=0.500 adv_c=2.00 val_f1=0.8440 val_FPR=0.1856 val_score=-0.0814  (382.8s)

=== BEST CELL FOR TAG=T1_T4 ===
  lambda_adv=0.0  adv_c=0.5
  val_score=-0.1904  F1=0.8159
  test FPR (AAE/SAE)=0.2222/0.1940  FNR (AAE/SAE)=0.1774/0.1758
  test mean_FPR=0.2081 mean_FNR=0.1766
  FPR_gap=0.0282  FNR_gap=0.0016

Saved to: data/results/fairness_ablation/T1_T4_metrics.json  (elapsed 95.1 min)

Task T1_T4 completed at: Sat Apr 18 03:39:12 PDT 2026
