==========================================
SLURM_JOB_ID = 8153698
SLURM_JOB_NODELIST = a03-06
TMPDIR = /tmp/SLURM_8153698
==========================================
==============================================
Array task: 1
Node: a03-06.hpc.usc.edu
Start time: Fri Apr 17 23:38:57 PDT 2026
==============================================
fairlearn 0.8.0 | xgboost 3.2.0
Running: T1   (--enable_1)
==============================================
Train: 5828 (AAE=993, SAE=4835)
Val:   1249 | Test: 1249
Tag: T1
Techniques: CEO=True Platt=False Reductions=False ROC=False
Grid size: 15 cells (lambda=[0.0, 0.05, 0.1, 0.25, 0.5], adv_c=[0.5, 1.0, 2.0])
  [ 1/15] lam=0.000 adv_c=0.50 val_f1=0.8534 val_FPR=0.1335 val_score=-0.1676  (448.7s)
  [ 2/15] lam=0.000 adv_c=1.00 val_f1=0.8534 val_FPR=0.1335 val_score=-0.1676  (459.5s)
  [ 3/15] lam=0.000 adv_c=2.00 val_f1=0.8534 val_FPR=0.1335 val_score=-0.1676  (466.2s)
  [ 4/15] lam=0.050 adv_c=0.50 val_f1=0.8428 val_FPR=0.1722 val_score=-0.0855  (457.2s)
  [ 5/15] lam=0.050 adv_c=1.00 val_f1=0.8454 val_FPR=0.1529 val_score=-0.1112  (463.9s)
  [ 6/15] lam=0.050 adv_c=2.00 val_f1=0.8486 val_FPR=0.1587 val_score=-0.1408  (467.8s)
  [ 7/15] lam=0.100 adv_c=0.50 val_f1=0.8604 val_FPR=0.1352 val_score=-0.1879  (452.9s)
  [ 8/15] lam=0.100 adv_c=1.00 val_f1=0.8534 val_FPR=0.1402 val_score=-0.1824  (461.3s)
  [ 9/15] lam=0.100 adv_c=2.00 val_f1=0.8470 val_FPR=0.1469 val_score=-0.1780  (471.4s)
  [10/15] lam=0.250 adv_c=0.50 val_f1=0.8479 val_FPR=0.1100 val_score=-0.1765  (446.0s)
  [11/15] lam=0.250 adv_c=1.00 val_f1=0.8604 val_FPR=0.1428 val_score=-0.1206  (460.5s)
  [12/15] lam=0.250 adv_c=2.00 val_f1=0.8539 val_FPR=0.1352 val_score=-0.1573  (467.8s)
  [13/15] lam=0.500 adv_c=0.50 val_f1=0.8519 val_FPR=0.1285 val_score=-0.1393  (444.7s)
  [14/15] lam=0.500 adv_c=1.00 val_f1=0.8557 val_FPR=0.1108 val_score=-0.1899  (459.9s)
  [15/15] lam=0.500 adv_c=2.00 val_f1=0.8505 val_FPR=0.1125 val_score=-0.1786  (464.7s)

=== BEST CELL FOR TAG=T1 ===
  lambda_adv=0.5  adv_c=1.0
  val_score=-0.1899  F1=0.8204
  test FPR (AAE/SAE)=0.2963/0.1622  FNR (AAE/SAE)=0.1613/0.1986
  test mean_FPR=0.2293 mean_FNR=0.1800
  FPR_gap=0.1341  FNR_gap=0.0373

Saved to: data/results/fairness_ablation/T1_metrics.json  (elapsed 114.9 min)

Task T1 completed at: Sat Apr 18 01:34:40 PDT 2026
