==========================================
SLURM_JOB_ID = 8153701
SLURM_JOB_NODELIST = a02-01
TMPDIR = /tmp/SLURM_8153701
==========================================
==============================================
Array task: 4
Node: a02-01.hpc.usc.edu
Start time: Fri Apr 17 23:48:58 PDT 2026
==============================================
fairlearn 0.8.0 | xgboost 3.2.0
Running: T4   (--enable_4)
==============================================
Train: 5828 (AAE=993, SAE=4835)
Val:   1249 | Test: 1249
Tag: T4
Techniques: CEO=False Platt=False Reductions=False ROC=True
Grid size: 15 cells (lambda=[0.0, 0.05, 0.1, 0.25, 0.5], adv_c=[0.5, 1.0, 2.0])
  [ 1/15] lam=0.000 adv_c=0.50 val_f1=0.8339 val_FPR=0.1881 val_score=-0.0837  (457.1s)
  [ 2/15] lam=0.000 adv_c=1.00 val_f1=0.8339 val_FPR=0.1881 val_score=-0.0837  (469.4s)
  [ 3/15] lam=0.000 adv_c=2.00 val_f1=0.8339 val_FPR=0.1881 val_score=-0.0837  (475.1s)
  [ 4/15] lam=0.050 adv_c=0.50 val_f1=0.8426 val_FPR=0.1839 val_score=-0.0947  (467.0s)
  [ 5/15] lam=0.050 adv_c=1.00 val_f1=0.8443 val_FPR=0.1772 val_score=-0.0948  (473.8s)
  [ 6/15] lam=0.050 adv_c=2.00 val_f1=0.8408 val_FPR=0.1662 val_score=-0.1105  (474.6s)
  [ 7/15] lam=0.100 adv_c=0.50 val_f1=0.8434 val_FPR=0.1805 val_score=-0.1070  (459.3s)
  [ 8/15] lam=0.100 adv_c=1.00 val_f1=0.8396 val_FPR=0.1889 val_score=-0.0674  (467.1s)
  [ 9/15] lam=0.100 adv_c=2.00 val_f1=0.8438 val_FPR=0.1847 val_score=-0.0886  (468.3s)
  [10/15] lam=0.250 adv_c=0.50 val_f1=0.8458 val_FPR=0.1587 val_score=-0.1593  (451.1s)
  [11/15] lam=0.250 adv_c=1.00 val_f1=0.8449 val_FPR=0.1553 val_score=-0.1614  (469.6s)
  [12/15] lam=0.250 adv_c=2.00 val_f1=0.8486 val_FPR=0.1587 val_score=-0.1515  (477.7s)
  [13/15] lam=0.500 adv_c=0.50 val_f1=0.8436 val_FPR=0.1780 val_score=-0.1040  (453.0s)
  [14/15] lam=0.500 adv_c=1.00 val_f1=0.8498 val_FPR=0.1503 val_score=-0.1653  (468.2s)
  [15/15] lam=0.500 adv_c=2.00 val_f1=0.8465 val_FPR=0.1847 val_score=-0.0908  (472.4s)

=== BEST CELL FOR TAG=T4 ===
  lambda_adv=0.5  adv_c=1.0
  val_score=-0.1653  F1=0.8208
  test FPR (AAE/SAE)=0.3333/0.1906  FNR (AAE/SAE)=0.1290/0.1826
  test mean_FPR=0.2620 mean_FNR=0.1558
  FPR_gap=0.1427  FNR_gap=0.0536

Saved to: data/results/fairness_ablation/T4_metrics.json  (elapsed 116.7 min)

Task T4 completed at: Sat Apr 18 01:45:47 PDT 2026
