==========================================
SLURM_JOB_ID = 8153467
SLURM_JOB_NODELIST = b11-11
TMPDIR = /tmp/SLURM_8153467
==========================================
==============================================
Array task: 4
Node: b11-11.hpc.usc.edu
Start time: Fri Apr 17 23:20:27 PDT 2026
==============================================
fairlearn 0.8.0 | xgboost 3.2.0
Running: T4   (--enable_4)
==============================================
Train: 5828 | Val: 1249 | Test: 1249
Techniques: CEO=False | Platt=False | Reductions=False | ROC=True

=== RESULTS ===
  accuracy            : 0.8135
  f1                  : 0.8209
  AAE_FPR             : 0.2963
  AAE_FNR             : 0.1452
  AAE_TPR             : 0.8548
  AAE_acc             : 0.8357
  AAE_pos_rate        : 0.7840
  SAE_FPR             : 0.2258
  SAE_FNR             : 0.1438
  SAE_TPR             : 0.8562
  SAE_acc             : 0.8089
  SAE_pos_rate        : 0.4923
  FPR_gap             : 0.0705
  FNR_gap             : 0.0013
  TPR_gap             : 0.0013
  DIfav               : 0.4254
  DIunfav             : 1.5927

Saved to: data/results/fairness_ablation/T4_metrics.json

Task T4 completed at: Fri Apr 17 23:20:33 PDT 2026
